2026-05-04 11:19:40,044 [INFO] Obteniendo lista de todos los eventos...
2026-05-04 11:19:42,280 [INFO] Encontrados 772 eventos
2026-05-04 11:19:42,288 [INFO] Guardados 772 eventos en events.json
2026-05-04 11:19:42,292 [INFO] [1/772] Scrapeando: UFC Fight Night: Della Maddalena vs. Prates (May 02, 2026)
2026-05-04 11:19:45,472 [INFO] [2/772] Scrapeando: UFC Fight Night: Sterling vs. Zalal (April 25, 2026)
2026-05-04 11:19:47,061 [INFO] [3/772] Scrapeando: UFC Fight Night: Burns vs. Malott (April 18, 2026)
2026-05-04 11:19:48,829 [INFO] [4/772] Scrapeando: UFC 327: Prochazka vs. Ulberg (April 11, 2026)
2026-05-04 11:19:50,659 [INFO] [5/772] Scrapeando: UFC Fight Night: Moicano vs. Duncan (April 04, 2026)
2026-05-04 11:19:54,482 [INFO] [6/772] Scrapeando: UFC Fight Night: Adesanya vs. Pyfer (March 28, 2026)
2026-05-04 11:19:56,348 [INFO] [7/772] Scrapeando: UFC Fight Night: Evloev vs. Murphy (March 21, 2026)
2026-05-04 11:19:58,120 [INFO] [8/772] Scrapeando: UFC Fight Night: Emmett vs. Vallejos (March 14, 2026)
2026-05-04 11:20:02,510 [INFO] [9/772] Scrapeando: UFC 326: Holloway vs. Oliveira 2 (March 07, 2026)
2026-05-04 11:20:08,610 [INFO] [10/772] Scrapeando: UFC Fight Night: Moreno vs. Kavanagh (February 28, 2026)
2026-05-04 11:20:20,483 [INFO] [11/772] Scrapeando: UFC Fight Night: Strickland vs. Hernandez (February 21, 2026)
2026-05-04 11:20:26,415 [INFO] [12/772] Scrapeando: UFC Fight Night: Bautista vs. Oliveira (February 07, 2026)
2026-05-04 11:20:30,105 [INFO] [13/772] Scrapeando: UFC 325: Volkanovski vs. Lopes 2 (January 31, 2026)
2026-05-04 11:20:31,905 [INFO] [14/772] Scrapeando: UFC 324: Gaethje vs. Pimblett (January 24, 2026)
2026-05-04 11:20:35,796 [INFO] [15/772] Scrapeando: UFC Fight Night: Royval vs. Kape (December 13, 2025)
2026-05-04 11:20:39,603 [INFO] [16/772] Scrapeando: UFC 323: Dvalishvili vs. Yan 2 (December 06, 2025)
2026-05-04 11:20:45,184 [INFO] [17/772] Scrapeando: UFC Fight Night: Tsarukyan vs. Hooker (November 22, 2025)
2026-05-04 11:20:50,572 [INFO] [18/772] Scrapeando: UFC 322: Della Maddalena vs. Makhachev (November 15, 2025)
2026-05-04 11:20:52,307 [INFO] [19/772] Scrapeando: UFC Fight Night: Bonfim vs. Brown (November 08, 2025)
2026-05-04 11:20:55,892 [INFO] [20/772] Scrapeando: UFC Fight Night: Garcia vs. Onama (November 01, 2025)
2026-05-04 11:20:57,483 [INFO] [21/772] Scrapeando: UFC 321: Aspinall vs. Gane (October 25, 2025)
2026-05-04 11:21:03,095 [INFO] [22/772] Scrapeando: UFC Fight Night: De Ridder vs. Allen (October 18, 2025)
2026-05-04 11:21:06,925 [INFO] [23/772] Scrapeando: UFC Fight Night: Oliveira vs. Gamrot (October 11, 2025)
2026-05-04 11:21:12,439 [INFO] [24/772] Scrapeando: UFC 320: Ankalaev vs. Pereira 2 (October 04, 2025)
2026-05-04 11:21:14,037 [INFO] [25/772] Scrapeando: UFC Fight Night: Ulberg vs. Reyes (September 27, 2025)
2026-05-04 11:21:15,625 [INFO] [26/772] Scrapeando: UFC Fight Night: Lopes vs. Silva (September 13, 2025)
2026-05-04 11:21:21,704 [INFO] [27/772] Scrapeando: UFC Fight Night: Imavov vs. Borralho (September 06, 2025)
2026-05-04 11:21:23,309 [INFO] [28/772] Scrapeando: UFC Fight Night: Walker vs. Zhang (August 23, 2025)
2026-05-04 11:21:29,067 [INFO] [29/772] Scrapeando: UFC - Road to UFC 4.6 (August 22, 2025)
2026-05-04 11:21:32,764 [INFO] [30/772] Scrapeando: UFC 319: Du Plessis vs. Chimaev (August 16, 2025)
2026-05-04 11:21:38,366 [INFO] [31/772] Scrapeando: UFC Fight Night: Dolidze vs. Hernandez (August 09, 2025)
2026-05-04 11:21:39,947 [INFO] [32/772] Scrapeando: UFC Fight Night: Taira vs. Park (August 02, 2025)
2026-05-04 11:21:44,713 [INFO] [33/772] Scrapeando: UFC Fight Night: Whittaker vs. De Ridder (July 26, 2025)
2026-05-04 11:21:48,275 [INFO] [34/772] Scrapeando: UFC 318: Holloway vs. Poirier 3 (July 19, 2025)
2026-05-04 11:21:54,255 [INFO] [35/772] Scrapeando: UFC Fight Night: Lewis vs. Teixeira (July 12, 2025)
2026-05-04 11:21:56,706 [INFO] [36/772] Scrapeando: UFC 317: Topuria vs. Oliveira (June 28, 2025)
2026-05-04 11:22:03,856 [INFO] [37/772] Scrapeando: UFC Fight Night: Hill vs. Rountree Jr. (June 21, 2025)
2026-05-04 11:22:07,457 [INFO] [38/772] Scrapeando: UFC Fight Night: Usman vs. Buckley (June 14, 2025)
2026-05-04 11:22:10,772 [INFO] [39/772] Scrapeando: UFC 316: Dvalishvili vs. O'Malley 2 (June 07, 2025)
2026-05-04 11:22:14,557 [INFO] [40/772] Scrapeando: UFC Fight Night: Blanchfield vs. Barber (May 31, 2025)
2026-05-04 11:22:18,254 [INFO] [41/772] Scrapeando: UFC Fight Night: Burns vs. Morales (May 17, 2025)
2026-05-04 11:22:21,862 [INFO] [42/772] Scrapeando: UFC 315: Muhammad vs. Della Maddalena (May 10, 2025)
2026-05-04 11:22:23,512 [INFO] [43/772] Scrapeando: UFC Fight Night: Sandhagen vs. Figueiredo (May 03, 2025)
2026-05-04 11:22:25,104 [INFO] [44/772] Scrapeando: UFC Fight Night: Machado Garry vs. Prates (April 26, 2025)
2026-05-04 11:22:29,380 [INFO] [45/772] Scrapeando: UFC 314: Volkanovski vs. Lopes (April 12, 2025)
2026-05-04 11:22:33,230 [INFO] [46/772] Scrapeando: UFC Fight Night: Emmett vs. Murphy (April 05, 2025)
2026-05-04 11:22:36,720 [INFO] [47/772] Scrapeando: UFC Fight Night: Moreno vs. Erceg (March 29, 2025)
2026-05-04 11:22:44,299 [INFO] [48/772] Scrapeando: UFC Fight Night: Edwards vs. Brady (March 22, 2025)
2026-05-04 11:22:47,778 [INFO] [49/772] Scrapeando: UFC Fight Night: Vettori vs. Dolidze 2 (March 15, 2025)
2026-05-04 11:22:51,229 [INFO] [50/772] Scrapeando: UFC 313: Pereira vs. Ankalaev (March 08, 2025)
2026-05-04 11:22:54,751 [INFO] [51/772] Scrapeando: UFC Fight Night: Kape vs. Almabayev (March 01, 2025)
2026-05-04 11:23:00,750 [INFO] [52/772] Scrapeando: UFC Fight Night: Cejudo vs. Song (February 22, 2025)
2026-05-04 11:23:04,064 [INFO] [53/772] Scrapeando: UFC Fight Night: Cannonier vs. Rodrigues (February 15, 2025)
2026-05-04 11:23:08,583 [INFO] [54/772] Scrapeando: UFC 312: Du Plessis vs. Strickland 2 (February 08, 2025)
2026-05-04 11:23:10,171 [INFO] [55/772] Scrapeando: UFC Fight Night: Adesanya vs. Imavov (February 01, 2025)
2026-05-04 11:23:11,756 [INFO] [56/772] Scrapeando: UFC 311: Makhachev vs. Moicano (January 18, 2025)
2026-05-04 11:23:15,495 [INFO] [57/772] Scrapeando: UFC Fight Night: Dern vs. Ribas 2 (January 11, 2025)
2026-05-04 11:23:24,213 [INFO] [58/772] Scrapeando: UFC Fight Night: Covington vs. Buckley (December 14, 2024)
2026-05-04 11:23:27,948 [INFO] [59/772] Scrapeando: UFC 310: Pantoja vs. Asakura (December 07, 2024)
2026-05-04 11:23:34,091 [INFO] [60/772] Scrapeando: UFC Fight Night: Yan vs. Figueiredo (November 23, 2024)
2026-05-04 11:23:41,543 [INFO] [61/772] Scrapeando: UFC 309: Jones vs. Miocic (November 16, 2024)
2026-05-04 11:23:43,123 [INFO] [62/772] Scrapeando: UFC Fight Night: Magny vs. Prates (November 09, 2024)
2026-05-04 11:23:44,705 [INFO] [63/772] Scrapeando: UFC Fight Night: Moreno vs. Albazi (November 02, 2024)
2026-05-04 11:23:48,437 [INFO] [64/772] Scrapeando: UFC 308: Topuria vs. Holloway (October 26, 2024)
2026-05-04 11:23:50,171 [INFO] [65/772] Scrapeando: UFC Fight Night: Hernandez vs. Pereira (October 19, 2024)
2026-05-04 11:23:55,784 [INFO] [66/772] Scrapeando: UFC Fight Night: Royval vs. Taira (October 12, 2024)
2026-05-04 11:24:07,022 [INFO] [67/772] Scrapeando: UFC 307: Pereira vs. Rountree Jr. (October 05, 2024)
2026-05-04 11:24:08,610 [INFO] [68/772] Scrapeando: UFC Fight Night: Moicano vs. Saint Denis (September 28, 2024)
2026-05-04 11:24:12,294 [INFO] [69/772] Scrapeando: UFC 306: Riyadh Season Noche UFC (September 14, 2024)
2026-05-04 11:24:17,734 [INFO] [70/772] Scrapeando: UFC Fight Night: Burns vs. Brady (September 07, 2024)
2026-05-04 11:24:21,371 [INFO] [71/772] Scrapeando: UFC Fight Night: Cannonier vs. Borralho (August 24, 2024)
2026-05-04 11:24:22,961 [INFO] [72/772] Scrapeando: UFC 305: Du Plessis vs. Adesanya (August 17, 2024)
2026-05-04 11:24:28,338 [INFO] [73/772] Scrapeando: UFC Fight Night: Tybura vs. Spivac 2 (August 10, 2024)
2026-05-04 11:24:29,916 [INFO] [74/772] Scrapeando: UFC Fight Night: Sandhagen vs. Nurmagomedov (August 03, 2024)
2026-05-04 11:24:31,497 [INFO] [75/772] Scrapeando: UFC 304: Edwards vs. Muhammad 2 (July 27, 2024)
2026-05-04 11:24:35,238 [INFO] [76/772] Scrapeando: UFC Fight Night: Lemos vs. Jandiroba (July 20, 2024)
2026-05-04 11:24:38,704 [INFO] [77/772] Scrapeando: UFC Fight Night: Namajunas vs. Cortez (July 13, 2024)
2026-05-04 11:24:42,411 [INFO] [78/772] Scrapeando: UFC 303: Pereira vs. Prochazka 2 (June 29, 2024)
2026-05-04 11:24:46,138 [INFO] [79/772] Scrapeando: UFC Fight Night: Whittaker vs. Aliskerov (June 22, 2024)
2026-05-04 11:24:47,739 [INFO] [80/772] Scrapeando: UFC Fight Night: Perez vs. Taira (June 15, 2024)
2026-05-04 11:24:59,734 [INFO] [81/772] Scrapeando: UFC Fight Night: Cannonier vs. Imavov (June 08, 2024)
2026-05-04 11:25:01,827 [INFO] [82/772] Scrapeando: UFC 302: Makhachev vs. Poirier (June 01, 2024)
2026-05-04 11:25:05,315 [INFO] [83/772] Scrapeando: UFC Fight Night: Barboza vs. Murphy (May 18, 2024)
2026-05-04 11:25:07,341 [INFO] [84/772] Scrapeando: UFC Fight Night: Lewis vs. Nascimento (May 11, 2024)
2026-05-04 11:25:10,799 [INFO] [85/772] Scrapeando: UFC 301: Pantoja vs. Erceg (May 04, 2024)
2026-05-04 11:25:16,316 [INFO] [86/772] Scrapeando: UFC Fight Night: Nicolau vs. Perez (April 27, 2024)
2026-05-04 11:25:19,855 [INFO] [87/772] Scrapeando: UFC 300: Pereira vs. Hill (April 13, 2024)
2026-05-04 11:25:21,446 [INFO] [88/772] Scrapeando: UFC Fight Night: Allen vs. Curtis 2 (April 06, 2024)
2026-05-04 11:25:23,040 [INFO] [89/772] Scrapeando: UFC Fight Night: Blanchfield vs. Fiorot (March 30, 2024)
2026-05-04 11:25:24,630 [INFO] [90/772] Scrapeando: UFC Fight Night: Ribas vs. Namajunas (March 23, 2024)
2026-05-04 11:25:28,207 [INFO] [91/772] Scrapeando: UFC Fight Night: Tuivasa vs. Tybura (March 16, 2024)
2026-05-04 11:25:31,661 [INFO] [92/772] Scrapeando: UFC 299: O'Malley vs. Vera 2 (March 09, 2024)
2026-05-04 11:25:35,145 [INFO] [93/772] Scrapeando: UFC Fight Night: Rozenstruik vs. Gaziev (March 02, 2024)
2026-05-04 11:25:41,074 [INFO] [94/772] Scrapeando: UFC Fight Night: Moreno vs. Royval 2 (February 24, 2024)
2026-05-04 11:25:53,140 [INFO] [95/772] Scrapeando: UFC 298: Volkanovski vs. Topuria (February 17, 2024)
2026-05-04 11:25:54,728 [INFO] [96/772] Scrapeando: UFC Fight Night: Hermansson vs. Pyfer (February 10, 2024)
2026-05-04 11:25:56,316 [INFO] [97/772] Scrapeando: UFC Fight Night: Dolidze vs. Imavov (February 03, 2024)
2026-05-04 11:25:59,927 [INFO] [98/772] Scrapeando: UFC 297: Strickland vs. Du Plessis (January 20, 2024)
2026-05-04 11:26:06,403 [INFO] [99/772] Scrapeando: UFC Fight Night: Ankalaev vs. Walker 2 (January 13, 2024)
2026-05-04 11:26:09,817 [INFO] [100/772] Scrapeando: UFC 296: Edwards vs. Covington (December 16, 2023)
2026-05-04 11:26:15,593 [INFO] [101/772] Scrapeando: UFC Fight Night: Song vs. Gutierrez (December 09, 2023)
2026-05-04 11:26:26,591 [INFO] [102/772] Scrapeando: UFC Fight Night: Dariush vs. Tsarukyan (December 02, 2023)
2026-05-04 11:26:28,236 [INFO] [103/772] Scrapeando: UFC Fight Night: Allen vs. Craig (November 18, 2023)
2026-05-04 11:26:31,930 [INFO] [104/772] Scrapeando: UFC 295: Prochazka vs. Pereira (November 11, 2023)
2026-05-04 11:26:37,504 [INFO] [105/772] Scrapeando: UFC Fight Night: Almeida vs. Lewis (November 04, 2023)
2026-05-04 11:26:39,101 [INFO] [106/772] Scrapeando: UFC 294: Makhachev vs. Volkanovski 2 (October 21, 2023)
2026-05-04 11:26:42,623 [INFO] [107/772] Scrapeando: UFC Fight Night: Yusuff vs. Barboza (October 14, 2023)
2026-05-04 11:26:44,211 [INFO] [108/772] Scrapeando: UFC Fight Night: Dawson vs. Green (October 07, 2023)
2026-05-04 11:26:47,820 [INFO] [109/772] Scrapeando: UFC Fight Night: Fiziev vs. Gamrot (September 23, 2023)
2026-05-04 11:26:49,399 [INFO] [110/772] Scrapeando: UFC Fight Night: Grasso vs. Shevchenko 2 (September 16, 2023)
2026-05-04 11:26:53,076 [INFO] [111/772] Scrapeando: UFC 293: Adesanya vs. Strickland (September 09, 2023)
2026-05-04 11:26:56,830 [INFO] [112/772] Scrapeando: UFC Fight Night: Gane vs. Spivac (September 02, 2023)
2026-05-04 11:26:58,421 [INFO] [113/772] Scrapeando: UFC Fight Night: Holloway vs. The Korean Zombie (August 26, 2023)
2026-05-04 11:27:00,013 [INFO] [114/772] Scrapeando: UFC 292: Sterling vs. O'Malley (August 19, 2023)
2026-05-04 11:27:03,356 [INFO] [115/772] Scrapeando: UFC Fight Night: Luque vs. Dos Anjos (August 12, 2023)
2026-05-04 11:27:04,952 [INFO] [116/772] Scrapeando: UFC Fight Night: Sandhagen vs. Font (August 05, 2023)
2026-05-04 11:27:10,380 [INFO] [117/772] Scrapeando: UFC 291: Poirier vs. Gaethje 2 (July 29, 2023)
2026-05-04 11:27:13,932 [INFO] [118/772] Scrapeando: UFC Fight Night: Aspinall vs. Tybura (July 22, 2023)
2026-05-04 11:27:17,342 [INFO] [119/772] Scrapeando: UFC Fight Night: Holm vs. Bueno Silva (July 15, 2023)
2026-05-04 11:27:21,091 [INFO] [120/772] Scrapeando: UFC 290: Volkanovski vs. Rodriguez (July 08, 2023)
2026-05-04 11:27:27,441 [INFO] [121/772] Scrapeando: UFC Fight Night: Strickland vs. Magomedov (July 01, 2023)
2026-05-04 11:27:29,025 [INFO] [122/772] Scrapeando: UFC Fight Night: Emmett vs. Topuria (June 24, 2023)
2026-05-04 11:27:32,618 [INFO] [123/772] Scrapeando: UFC Fight Night: Vettori vs. Cannonier (June 17, 2023)
2026-05-04 11:27:38,647 [INFO] [124/772] Scrapeando: UFC 289: Nunes vs. Aldana (June 10, 2023)
2026-05-04 11:27:42,135 [INFO] [125/772] Scrapeando: UFC Fight Night: Kara-France vs. Albazi (June 03, 2023)
2026-05-04 11:27:47,731 [INFO] [126/772] Scrapeando: UFC Fight Night: Dern vs. Hill (May 20, 2023)
2026-05-04 11:27:49,314 [INFO] [127/772] Scrapeando: UFC Fight Night: Rozenstruik vs. Almeida (May 13, 2023)
2026-05-04 11:27:50,893 [INFO] [128/772] Scrapeando: UFC 288: Sterling vs. Cejudo (May 06, 2023)
2026-05-04 11:27:57,728 [INFO] [129/772] Scrapeando: UFC Fight Night: Song vs. Simon (April 29, 2023)
2026-05-04 11:28:03,930 [INFO] [130/772] Scrapeando: UFC Fight Night: Pavlovich vs. Blaydes (April 22, 2023)
2026-05-04 11:28:05,509 [INFO] [131/772] Scrapeando: UFC Fight Night: Holloway vs. Allen (April 15, 2023)
2026-05-04 11:28:08,849 [INFO] [132/772] Scrapeando: UFC 287: Pereira vs. Adesanya 2 (April 08, 2023)
2026-05-04 11:28:10,431 [INFO] [133/772] Scrapeando: UFC Fight Night: Vera vs. Sandhagen (March 25, 2023)
2026-05-04 11:28:15,943 [INFO] [134/772] Scrapeando: UFC 286: Edwards vs. Usman 3 (March 18, 2023)
2026-05-04 11:28:21,475 [INFO] [135/772] Scrapeando: UFC Fight Night: Yan vs. Dvalishvili (March 11, 2023)
2026-05-04 11:28:25,511 [INFO] [136/772] Scrapeando: UFC 285: Jones vs. Gane (March 04, 2023)
2026-05-04 11:28:27,186 [INFO] [137/772] Scrapeando: UFC Fight Night: Muniz vs. Allen (February 25, 2023)
2026-05-04 11:28:28,760 [INFO] [138/772] Scrapeando: UFC Fight Night: Andrade vs. Blanchfield (February 18, 2023)
2026-05-04 11:28:32,183 [INFO] [139/772] Scrapeando: UFC 284: Makhachev vs. Volkanovski (February 11, 2023)
2026-05-04 11:28:35,780 [INFO] [140/772] Scrapeando: UFC Fight Night: Lewis vs. Spivac (February 04, 2023)
2026-05-04 11:28:41,404 [INFO] [141/772] Scrapeando: UFC 283: Teixeira vs. Hill (January 21, 2023)
2026-05-04 11:28:44,928 [INFO] [142/772] Scrapeando: UFC Fight Night: Strickland vs. Imavov (January 14, 2023)
2026-05-04 11:28:50,485 [INFO] [143/772] Scrapeando: UFC Fight Night: Cannonier vs. Strickland (December 17, 2022)
2026-05-04 11:28:55,984 [INFO] [144/772] Scrapeando: UFC 282: Blachowicz vs. Ankalaev (December 10, 2022)
2026-05-04 11:28:57,579 [INFO] [145/772] Scrapeando: UFC Fight Night: Thompson vs. Holland (December 03, 2022)
2026-05-04 11:29:02,511 [INFO] [146/772] Scrapeando: UFC Fight Night: Nzechukwu vs. Cutelaba (November 19, 2022)
2026-05-04 11:29:06,194 [INFO] [147/772] Scrapeando: UFC 281: Adesanya vs. Pereira (November 12, 2022)
2026-05-04 11:29:07,810 [INFO] [148/772] Scrapeando: UFC Fight Night: Rodriguez vs. Lemos (November 05, 2022)
2026-05-04 11:29:13,079 [INFO] [149/772] Scrapeando: UFC Fight Night: Kattar vs. Allen (October 29, 2022)
2026-05-04 11:29:16,684 [INFO] [150/772] Scrapeando: UFC 280: Oliveira vs. Makhachev (October 22, 2022)
2026-05-04 11:29:20,257 [INFO] [151/772] Scrapeando: UFC Fight Night: Grasso vs. Araujo (October 15, 2022)
2026-05-04 11:29:23,726 [INFO] [152/772] Scrapeando: UFC Fight Night: Dern vs. Yan (October 01, 2022)
2026-05-04 11:29:25,305 [INFO] [153/772] Scrapeando: UFC Fight Night: Sandhagen vs. Song (September 17, 2022)
2026-05-04 11:29:26,895 [INFO] [154/772] Scrapeando: UFC 279: Diaz vs. Ferguson (September 10, 2022)
2026-05-04 11:29:28,488 [INFO] [155/772] Scrapeando: UFC Fight Night: Gane vs. Tuivasa (September 03, 2022)
2026-05-04 11:29:30,068 [INFO] [156/772] Scrapeando: UFC 278: Usman vs. Edwards (August 20, 2022)
2026-05-04 11:29:38,651 [INFO] [157/772] Scrapeando: UFC Fight Night: Vera vs. Cruz (August 13, 2022)
2026-05-04 11:29:42,262 [INFO] [158/772] Scrapeando: UFC Fight Night: Santos vs. Hill (August 06, 2022)
2026-05-04 11:29:43,848 [INFO] [159/772] Scrapeando: UFC 277: Pena vs. Nunes 2 (July 30, 2022)
2026-05-04 11:29:48,815 [INFO] [160/772] Scrapeando: UFC Fight Night: Blaydes vs. Aspinall (July 23, 2022)
2026-05-04 11:29:52,205 [INFO] [161/772] Scrapeando: UFC Fight Night: Ortega vs. Rodriguez (July 16, 2022)
2026-05-04 11:29:55,711 [INFO] [162/772] Scrapeando: UFC Fight Night: Dos Anjos vs. Fiziev (July 09, 2022)
2026-05-04 11:29:57,309 [INFO] [163/772] Scrapeando: UFC 276: Adesanya vs. Cannonier (July 02, 2022)
2026-05-04 11:29:58,908 [INFO] [164/772] Scrapeando: UFC Fight Night: Tsarukyan vs. Gamrot (June 25, 2022)
2026-05-04 11:30:04,470 [INFO] [165/772] Scrapeando: UFC Fight Night: Kattar vs. Emmett (June 18, 2022)
2026-05-04 11:30:06,117 [INFO] [166/772] Scrapeando: UFC 275: Teixeira vs. Prochazka (June 11, 2022)
2026-05-04 11:30:07,711 [INFO] [167/772] Scrapeando: UFC Fight Night: Volkov vs. Rozenstruik (June 04, 2022)
2026-05-04 11:30:13,472 [INFO] [168/772] Scrapeando: UFC Fight Night: Holm vs. Vieira (May 21, 2022)
2026-05-04 11:30:15,055 [INFO] [169/772] Scrapeando: UFC Fight Night: Blachowicz vs. Rakic (May 14, 2022)
2026-05-04 11:30:20,670 [INFO] [170/772] Scrapeando: UFC 274: Oliveira vs. Gaethje (May 07, 2022)
2026-05-04 11:30:26,414 [INFO] [171/772] Scrapeando: UFC Fight Night: Font vs. Vera (April 30, 2022)
2026-05-04 11:30:29,906 [INFO] [172/772] Scrapeando: UFC Fight Night: Lemos vs. Andrade (April 23, 2022)
2026-05-04 11:30:31,722 [INFO] [173/772] Scrapeando: UFC Fight Night: Luque vs. Muhammad (April 16, 2022)
2026-05-04 11:30:33,312 [INFO] [174/772] Scrapeando: UFC 273: Volkanovski vs. The Korean Zombie (April 09, 2022)
2026-05-04 11:30:34,900 [INFO] [175/772] Scrapeando: UFC Fight Night: Blaydes vs. Daukaus (March 26, 2022)
2026-05-04 11:30:40,604 [INFO] [176/772] Scrapeando: UFC Fight Night: Volkov vs. Aspinall (March 19, 2022)
2026-05-04 11:30:44,051 [INFO] [177/772] Scrapeando: UFC Fight Night: Santos vs. Ankalaev (March 12, 2022)
2026-05-04 11:30:45,663 [INFO] [178/772] Scrapeando: UFC 272: Covington vs. Masvidal (March 05, 2022)
2026-05-04 11:30:49,152 [INFO] [179/772] Scrapeando: UFC Fight Night: Makhachev vs. Green (February 26, 2022)
2026-05-04 11:30:52,798 [INFO] [180/772] Scrapeando: UFC Fight Night: Walker vs. Hill (February 19, 2022)
2026-05-04 11:30:54,387 [INFO] [181/772] Scrapeando: UFC 271: Adesanya vs. Whittaker 2 (February 12, 2022)
2026-05-04 11:30:55,991 [INFO] [182/772] Scrapeando: UFC Fight Night: Hermansson vs. Strickland (February 05, 2022)
2026-05-04 11:30:59,603 [INFO] [183/772] Scrapeando: UFC 270: Ngannou vs. Gane (January 22, 2022)
2026-05-04 11:31:05,009 [INFO] [184/772] Scrapeando: UFC Fight Night: Kattar vs. Chikadze (January 15, 2022)
2026-05-04 11:31:08,517 [INFO] [185/772] Scrapeando: UFC Fight Night: Lewis vs. Daukaus (December 18, 2021)
2026-05-04 11:31:10,103 [INFO] [186/772] Scrapeando: UFC 269: Oliveira vs. Poirier (December 11, 2021)
2026-05-04 11:31:13,509 [INFO] [187/772] Scrapeando: UFC Fight Night: Font vs. Aldo (December 04, 2021)
2026-05-04 11:31:17,006 [INFO] [188/772] Scrapeando: UFC Fight Night: Vieira vs. Tate (November 20, 2021)
2026-05-04 11:31:20,545 [INFO] [189/772] Scrapeando: UFC Fight Night: Holloway vs. Rodriguez (November 13, 2021)
2026-05-04 11:31:22,132 [INFO] [190/772] Scrapeando: UFC 268: Usman vs. Covington 2 (November 06, 2021)
2026-05-04 11:31:25,655 [INFO] [191/772] Scrapeando: UFC 267: Blachowicz vs. Teixeira (October 30, 2021)
2026-05-04 11:31:29,485 [INFO] [192/772] Scrapeando: UFC Fight Night: Costa vs. Vettori (October 23, 2021)
2026-05-04 11:31:33,359 [INFO] [193/772] Scrapeando: UFC Fight Night: Ladd vs. Dumont (October 16, 2021)
2026-05-04 11:31:34,939 [INFO] [194/772] Scrapeando: UFC Fight Night: Dern vs. Rodriguez (October 09, 2021)
2026-05-04 11:31:38,672 [INFO] [195/772] Scrapeando: UFC Fight Night: Santos vs. Walker (October 02, 2021)
2026-05-04 11:31:40,256 [INFO] [196/772] Scrapeando: UFC 266: Volkanovski vs. Ortega (September 25, 2021)
2026-05-04 11:31:41,837 [INFO] [197/772] Scrapeando: UFC Fight Night: Smith vs. Spann (September 18, 2021)
2026-05-04 11:31:43,439 [INFO] [198/772] Scrapeando: UFC Fight Night: Brunson vs. Till (September 04, 2021)
2026-05-04 11:31:45,228 [INFO] [199/772] Scrapeando: UFC Fight Night: Barboza vs. Chikadze (August 28, 2021)
2026-05-04 11:31:47,076 [INFO] [200/772] Scrapeando: UFC Fight Night: Cannonier vs. Gastelum (August 21, 2021)
2026-05-04 11:31:51,119 [INFO] [201/772] Scrapeando: UFC 265: Lewis vs. Gane (August 07, 2021)
2026-05-04 11:31:54,654 [INFO] [202/772] Scrapeando: UFC Fight Night: Hall vs. Strickland (July 31, 2021)
2026-05-04 11:31:58,571 [INFO] [203/772] Scrapeando: UFC Fight Night: Sandhagen vs. Dillashaw (July 24, 2021)
2026-05-04 11:32:00,649 [INFO] [204/772] Scrapeando: UFC Fight Night: Makhachev vs. Moises (July 17, 2021)
2026-05-04 11:32:06,370 [INFO] [205/772] Scrapeando: UFC 264: Poirier vs. McGregor 3 (July 10, 2021)
2026-05-04 11:32:10,021 [INFO] [206/772] Scrapeando: UFC Fight Night: Gane vs. Volkov (June 26, 2021)
2026-05-04 11:32:11,818 [INFO] [207/772] Scrapeando: UFC Fight Night: Jung vs. Ige (June 19, 2021)
2026-05-04 11:32:13,575 [INFO] [208/772] Scrapeando: UFC 263: Adesanya vs. Vettori 2 (June 12, 2021)
2026-05-04 11:32:17,550 [INFO] [209/772] Scrapeando: UFC Fight Night: Rozenstruik vs. Sakai (June 05, 2021)
2026-05-04 11:32:19,345 [INFO] [210/772] Scrapeando: UFC Fight Night: Font vs. Garbrandt (May 22, 2021)
2026-05-04 11:32:25,382 [INFO] [211/772] Scrapeando: UFC 262: Oliveira vs. Chandler (May 15, 2021)
2026-05-04 11:32:27,143 [INFO] [212/772] Scrapeando: UFC Fight Night: Rodriguez vs. Waterson (May 08, 2021)
2026-05-04 11:32:28,929 [INFO] [213/772] Scrapeando: UFC Fight Night: Reyes vs. Prochazka (May 01, 2021)
2026-05-04 11:32:30,970 [INFO] [214/772] Scrapeando: UFC 261: Usman vs. Masvidal 2 (April 24, 2021)
2026-05-04 11:32:43,831 [INFO] [215/772] Scrapeando: UFC Fight Night: Whittaker vs. Gastelum (April 17, 2021)
2026-05-04 11:32:45,591 [INFO] [216/772] Scrapeando: UFC Fight Night: Vettori vs. Holland (April 10, 2021)
2026-05-04 11:32:47,377 [INFO] [217/772] Scrapeando: UFC 260: Miocic vs. Ngannou (March 27, 2021)
2026-05-04 11:32:49,127 [INFO] [218/772] Scrapeando: UFC Fight Night: Brunson vs. Holland (March 20, 2021)
2026-05-04 11:32:52,783 [INFO] [219/772] Scrapeando: UFC Fight Night: Edwards vs. Muhammad (March 13, 2021)
2026-05-04 11:32:56,652 [INFO] [220/772] Scrapeando: UFC 259: Blachowicz vs. Adesanya (March 06, 2021)
2026-05-04 11:33:06,127 [INFO] [221/772] Scrapeando: UFC Fight Night: Rozenstruik vs. Gane (February 27, 2021)
2026-05-04 11:33:07,929 [INFO] [222/772] Scrapeando: UFC Fight Night: Blaydes vs. Lewis (February 20, 2021)
2026-05-04 11:33:09,881 [INFO] [223/772] Scrapeando: UFC 258: Usman vs. Burns (February 13, 2021)
2026-05-04 11:33:11,779 [INFO] [224/772] Scrapeando: UFC Fight Night: Overeem vs. Volkov (February 06, 2021)
2026-05-04 11:33:15,546 [INFO] [225/772] Scrapeando: UFC 257: Poirier vs. McGregor (January 23, 2021)
2026-05-04 11:33:19,311 [INFO] [226/772] Scrapeando: UFC Fight Night: Chiesa vs. Magny (January 20, 2021)
2026-05-04 11:33:27,460 [INFO] [227/772] Scrapeando: UFC Fight Night: Holloway vs. Kattar (January 16, 2021)
2026-05-04 11:33:29,491 [INFO] [228/772] Scrapeando: UFC Fight Night: Thompson vs. Neal (December 19, 2020)
2026-05-04 11:33:33,200 [INFO] [229/772] Scrapeando: UFC 256: Figueiredo vs. Moreno (December 12, 2020)
2026-05-04 11:33:36,988 [INFO] [230/772] Scrapeando: UFC Fight Night: Hermansson vs. Vettori (December 05, 2020)
2026-05-04 11:33:38,849 [INFO] [231/772] Scrapeando: UFC Fight Night: Smith vs. Clark (November 28, 2020)
2026-05-04 11:33:42,662 [INFO] [232/772] Scrapeando: UFC 255: Figueiredo vs. Perez (November 21, 2020)
2026-05-04 11:33:47,906 [INFO] [233/772] Scrapeando: UFC Fight Night: Felder vs. Dos Anjos (November 14, 2020)
2026-05-04 11:33:49,731 [INFO] [234/772] Scrapeando: UFC Fight Night: Santos vs. Teixeira (November 07, 2020)
2026-05-04 11:33:51,662 [INFO] [235/772] Scrapeando: UFC Fight Night: Hall vs. Silva (October 31, 2020)
2026-05-04 11:33:53,415 [INFO] [236/772] Scrapeando: UFC 254: Khabib vs. Gaethje (October 24, 2020)
2026-05-04 11:33:55,181 [INFO] [237/772] Scrapeando: UFC Fight Night: Ortega vs. The Korean Zombie (October 17, 2020)
2026-05-04 11:33:56,969 [INFO] [238/772] Scrapeando: UFC Fight Night: Moraes vs. Sandhagen (October 10, 2020)
2026-05-04 11:34:01,270 [INFO] [239/772] Scrapeando: UFC Fight Night: Holm vs. Aldana (October 03, 2020)
2026-05-04 11:34:03,571 [INFO] [240/772] Scrapeando: UFC 253: Adesanya vs. Costa (September 26, 2020)
2026-05-04 11:34:12,774 [INFO] [241/772] Scrapeando: UFC Fight Night: Covington vs. Woodley (September 19, 2020)
2026-05-04 11:34:17,092 [INFO] [242/772] Scrapeando: UFC Fight Night: Waterson vs. Hill (September 12, 2020)
2026-05-04 11:34:18,855 [INFO] [243/772] Scrapeando: UFC Fight Night: Overeem vs. Sakai (September 05, 2020)
2026-05-04 11:34:20,592 [INFO] [244/772] Scrapeando: UFC Fight Night: Smith vs. Rakic (August 29, 2020)
2026-05-04 11:34:22,595 [INFO] [245/772] Scrapeando: UFC Fight Night: Munhoz vs. Edgar (August 22, 2020)
2026-05-04 11:34:24,355 [INFO] [246/772] Scrapeando: UFC 252: Miocic vs. Cormier 3 (August 15, 2020)
2026-05-04 11:34:26,119 [INFO] [247/772] Scrapeando: UFC Fight Night: Lewis vs. Oleinik (August 08, 2020)
2026-05-04 11:34:27,892 [INFO] [248/772] Scrapeando: UFC Fight Night: Brunson vs. Shahbazyan (August 01, 2020)
2026-05-04 11:34:29,660 [INFO] [249/772] Scrapeando: UFC Fight Night: Whittaker vs. Till (July 25, 2020)
2026-05-04 11:34:31,517 [INFO] [250/772] Scrapeando: UFC Fight Night: Figueiredo vs. Benavidez 2 (July 18, 2020)
2026-05-04 11:34:37,456 [INFO] [251/772] Scrapeando: UFC Fight Night: Kattar vs. Ige (July 15, 2020)
2026-05-04 11:34:41,519 [INFO] [252/772] Scrapeando: UFC 251: Usman vs. Masvidal (July 11, 2020)
2026-05-04 11:34:45,323 [INFO] [253/772] Scrapeando: UFC Fight Night: Poirier vs. Hooker (June 27, 2020)
2026-05-04 11:34:47,098 [INFO] [254/772] Scrapeando: UFC Fight Night: Blaydes vs. Volkov (June 20, 2020)
2026-05-04 11:34:48,869 [INFO] [255/772] Scrapeando: UFC Fight Night: Eye vs. Calvillo (June 13, 2020)
2026-05-04 11:34:50,646 [INFO] [256/772] Scrapeando: UFC 250: Nunes vs. Spencer (June 06, 2020)
2026-05-04 11:34:54,765 [INFO] [257/772] Scrapeando: UFC Fight Night: Woodley vs. Burns (May 30, 2020)
2026-05-04 11:34:58,622 [INFO] [258/772] Scrapeando: UFC Fight Night: Overeem vs. Harris (May 16, 2020)
2026-05-04 11:35:00,923 [INFO] [259/772] Scrapeando: UFC Fight Night: Smith vs. Teixeira (May 13, 2020)
2026-05-04 11:35:04,776 [INFO] [260/772] Scrapeando: UFC 249: Ferguson vs. Gaethje (May 09, 2020)
2026-05-04 11:35:06,717 [INFO] [261/772] Scrapeando: UFC Fight Night: Lee vs. Oliveira (March 14, 2020)
2026-05-04 11:35:12,488 [INFO] [262/772] Scrapeando: UFC 248: Adesanya vs. Romero (March 07, 2020)
2026-05-04 11:35:14,257 [INFO] [263/772] Scrapeando: UFC Fight Night: Benavidez vs. Figueiredo (February 29, 2020)
2026-05-04 11:35:17,737 [INFO] [264/772] Scrapeando: UFC Fight Night: Felder vs. Hooker (February 22, 2020)
2026-05-04 11:35:21,603 [INFO] [265/772] Scrapeando: UFC Fight Night: Anderson vs. Blachowicz (February 15, 2020)
2026-05-04 11:35:27,636 [INFO] [266/772] Scrapeando: UFC 247: Jones vs. Reyes (February 08, 2020)
2026-05-04 11:35:29,415 [INFO] [267/772] Scrapeando: UFC Fight Night: Blaydes vs. Dos Santos (January 25, 2020)
2026-05-04 11:35:33,276 [INFO] [268/772] Scrapeando: UFC 246: McGregor vs. Cowboy (January 18, 2020)
2026-05-04 11:35:36,853 [INFO] [269/772] Scrapeando: UFC Fight Night: Edgar vs. The Korean Zombie (December 21, 2019)
2026-05-04 11:35:40,876 [INFO] [270/772] Scrapeando: UFC 245: Usman vs. Covington (December 14, 2019)
2026-05-04 11:35:44,533 [INFO] [271/772] Scrapeando: UFC Fight Night: Overeem vs. Rozenstruik (December 07, 2019)
2026-05-04 11:35:46,347 [INFO] [272/772] Scrapeando: UFC Fight Night: Blachowicz vs. Jacare (November 16, 2019)
2026-05-04 11:35:48,118 [INFO] [273/772] Scrapeando: UFC Fight Night: Zabit vs. Kattar (November 09, 2019)
2026-05-04 11:35:49,928 [INFO] [274/772] Scrapeando: UFC 244: Masvidal vs. Diaz (November 02, 2019)
2026-05-04 11:35:51,517 [INFO] [275/772] Scrapeando: UFC Fight Night: Maia vs. Askren (October 26, 2019)
2026-05-04 11:35:53,542 [INFO] [276/772] Scrapeando: UFC Fight Night: Reyes vs. Weidman (October 18, 2019)
2026-05-04 11:35:55,365 [INFO] [277/772] Scrapeando: UFC Fight Night: Joanna vs. Waterson (October 12, 2019)
2026-05-04 11:35:59,357 [INFO] [278/772] Scrapeando: UFC 243: Whittaker vs. Adesanya (October 05, 2019)
2026-05-04 11:36:03,165 [INFO] [279/772] Scrapeando: UFC Fight Night: Hermansson vs. Cannonier (September 28, 2019)
2026-05-04 11:36:05,031 [INFO] [280/772] Scrapeando: UFC Fight Night: Rodriguez vs. Stephens (September 21, 2019)
2026-05-04 11:36:10,690 [INFO] [281/772] Scrapeando: UFC Fight Night: Cowboy vs. Gaethje (September 14, 2019)
2026-05-04 11:36:12,463 [INFO] [282/772] Scrapeando: UFC 242: Khabib vs. Poirier (September 07, 2019)
2026-05-04 11:36:14,258 [INFO] [283/772] Scrapeando: UFC Fight Night: Andrade vs. Zhang (August 31, 2019)
2026-05-04 11:36:17,816 [INFO] [284/772] Scrapeando: UFC 241: Cormier vs. Miocic 2 (August 17, 2019)
2026-05-04 11:36:19,647 [INFO] [285/772] Scrapeando: UFC Fight Night: Shevchenko vs. Carmouche 2 (August 10, 2019)
2026-05-04 11:36:23,411 [INFO] [286/772] Scrapeando: UFC Fight Night: Covington vs. Lawler (August 03, 2019)
2026-05-04 11:36:27,026 [INFO] [287/772] Scrapeando: UFC 240: Holloway vs. Edgar (July 27, 2019)
2026-05-04 11:36:30,617 [INFO] [288/772] Scrapeando: UFC Fight Night: Dos Anjos vs. Edwards (July 20, 2019)
2026-05-04 11:36:32,618 [INFO] [289/772] Scrapeando: UFC Fight Night: De Randamie vs. Ladd (July 13, 2019)
2026-05-04 11:36:34,469 [INFO] [290/772] Scrapeando: UFC 239: Jones vs. Santos (July 06, 2019)
2026-05-04 11:36:36,247 [INFO] [291/772] Scrapeando: UFC Fight Night: Ngannou vs. Dos Santos (June 29, 2019)
2026-05-04 11:36:39,948 [INFO] [292/772] Scrapeando: UFC Fight Night: Moicano vs. The Korean Zombie (June 22, 2019)
2026-05-04 11:36:41,913 [INFO] [293/772] Scrapeando: UFC 238: Cejudo vs. Moraes (June 08, 2019)
2026-05-04 11:36:43,690 [INFO] [294/772] Scrapeando: UFC Fight Night: Gustafsson vs. Smith (June 01, 2019)
2026-05-04 11:36:45,623 [INFO] [295/772] Scrapeando: UFC Fight Night: Dos Anjos vs. Lee (May 18, 2019)
2026-05-04 11:36:47,443 [INFO] [296/772] Scrapeando: UFC 237: Namajunas vs. Andrade (May 11, 2019)
2026-05-04 11:36:49,204 [INFO] [297/772] Scrapeando: UFC Fight Night: Iaquinta vs. Cowboy (May 04, 2019)
2026-05-04 11:36:51,005 [INFO] [298/772] Scrapeando: UFC Fight Night: Jacare vs. Hermansson (April 27, 2019)
2026-05-04 11:36:52,858 [INFO] [299/772] Scrapeando: UFC Fight Night: Overeem vs. Oleinik (April 20, 2019)
2026-05-04 11:36:54,684 [INFO] [300/772] Scrapeando: UFC 236: Holloway vs. Poirier 2 (April 13, 2019)
2026-05-04 11:36:58,317 [INFO] [301/772] Scrapeando: UFC Fight Night: Barboza vs. Gaethje (March 30, 2019)
2026-05-04 11:37:00,295 [INFO] [302/772] Scrapeando: UFC Fight Night: Thompson vs. Pettis (March 23, 2019)
2026-05-04 11:37:07,973 [INFO] [303/772] Scrapeando: UFC Fight Night: Till vs. Masvidal (March 16, 2019)
2026-05-04 11:37:09,736 [INFO] [304/772] Scrapeando: UFC Fight Night: Lewis vs. Dos Santos (March 09, 2019)
2026-05-04 11:37:16,834 [INFO] [305/772] Scrapeando: UFC 235: Jones vs. Smith (March 02, 2019)
2026-05-04 11:37:18,666 [INFO] [306/772] Scrapeando: UFC Fight Night: Blachowicz vs. Santos (February 23, 2019)
2026-05-04 11:37:20,475 [INFO] [307/772] Scrapeando: UFC Fight Night: Ngannou vs. Velasquez (February 17, 2019)
2026-05-04 11:37:22,244 [INFO] [308/772] Scrapeando: UFC 234: Adesanya vs. Silva (February 09, 2019)
2026-05-04 11:37:26,177 [INFO] [309/772] Scrapeando: UFC Fight Night: Assuncao vs. Moraes 2 (February 02, 2019)
2026-05-04 11:37:29,895 [INFO] [310/772] Scrapeando: UFC Fight Night: Cejudo vs. Dillashaw (January 19, 2019)
2026-05-04 11:37:35,669 [INFO] [311/772] Scrapeando: UFC 232: Jones vs. Gustafsson 2 (December 29, 2018)
2026-05-04 11:37:37,437 [INFO] [312/772] Scrapeando: UFC Fight Night: Lee vs. Iaquinta (December 15, 2018)
2026-05-04 11:37:39,406 [INFO] [313/772] Scrapeando: UFC 231: Holloway vs. Ortega (December 08, 2018)
2026-05-04 11:37:41,263 [INFO] [314/772] Scrapeando: UFC Fight Night: Dos Santos vs. Tuivasa (December 01, 2018)
2026-05-04 11:37:47,086 [INFO] [315/772] Scrapeando: The Ultimate Fighter: Heavy Hitters Finale (November 30, 2018)
2026-05-04 11:37:50,781 [INFO] [316/772] Scrapeando: UFC Fight Night: Blaydes vs. Ngannou 2 (November 24, 2018)
2026-05-04 11:37:52,561 [INFO] [317/772] Scrapeando: UFC Fight Night: Magny vs. Ponzinibbio (November 17, 2018)
2026-05-04 11:37:56,215 [INFO] [318/772] Scrapeando: UFC Fight Night: Korean Zombie vs. Rodriguez (November 10, 2018)
2026-05-04 11:37:59,969 [INFO] [319/772] Scrapeando: UFC 230: Cormier vs. Lewis (November 03, 2018)
2026-05-04 11:38:02,303 [INFO] [320/772] Scrapeando: UFC Fight Night: Oezdemir vs. Smith (October 27, 2018)
2026-05-04 11:38:04,077 [INFO] [321/772] Scrapeando: UFC 229: Khabib vs. McGregor (October 06, 2018)
2026-05-04 11:38:08,080 [INFO] [322/772] Scrapeando: UFC Fight Night: Marreta vs. Anders (September 22, 2018)
2026-05-04 11:38:10,014 [INFO] [323/772] Scrapeando: UFC Fight Night: Hunt vs. Oleinik (September 15, 2018)
2026-05-04 11:38:11,816 [INFO] [324/772] Scrapeando: UFC 228: Woodley vs. Till (September 08, 2018)
2026-05-04 11:38:15,993 [INFO] [325/772] Scrapeando: UFC Fight Night: Gaethje vs. Vick (August 25, 2018)
2026-05-04 11:38:19,673 [INFO] [326/772] Scrapeando: UFC 227: Dillashaw vs. Garbrandt 2 (August 04, 2018)
2026-05-04 11:38:25,427 [INFO] [327/772] Scrapeando: UFC Fight Night: Alvarez vs. Poirier 2 (July 28, 2018)
2026-05-04 11:38:29,811 [INFO] [328/772] Scrapeando: UFC Fight Night: Shogun vs. Smith (July 22, 2018)
2026-05-04 11:38:31,622 [INFO] [329/772] Scrapeando: UFC Fight Night: Dos Santos vs. Ivanov (July 14, 2018)
2026-05-04 11:38:37,383 [INFO] [330/772] Scrapeando: UFC 226: Miocic vs. Cormier (July 07, 2018)
2026-05-04 11:38:39,243 [INFO] [331/772] Scrapeando: The Ultimate Fighter: Undefeated Finale (July 06, 2018)
2026-05-04 11:38:41,090 [INFO] [332/772] Scrapeando: UFC Fight Night: Cowboy vs. Edwards (June 23, 2018)
2026-05-04 11:38:47,181 [INFO] [333/772] Scrapeando: UFC 225: Whittaker vs. Romero 2 (June 09, 2018)
2026-05-04 11:38:51,091 [INFO] [334/772] Scrapeando: UFC Fight Night: Rivera vs. Moraes (June 01, 2018)
2026-05-04 11:38:54,792 [INFO] [335/772] Scrapeando: UFC Fight Night: Thompson vs. Till (May 27, 2018)
2026-05-04 11:38:57,141 [INFO] [336/772] Scrapeando: UFC Fight Night: Maia vs. Usman (May 19, 2018)
2026-05-04 11:39:03,704 [INFO] [337/772] Scrapeando: UFC 224: Nunes vs. Pennington (May 12, 2018)
2026-05-04 11:39:05,572 [INFO] [338/772] Scrapeando: UFC Fight Night: Barboza vs. Lee (April 21, 2018)
2026-05-04 11:39:07,532 [INFO] [339/772] Scrapeando: UFC Fight Night: Poirier vs. Gaethje (April 14, 2018)
2026-05-04 11:39:11,553 [INFO] [340/772] Scrapeando: UFC 223: Khabib vs. Iaquinta (April 07, 2018)
2026-05-04 11:39:13,297 [INFO] [341/772] Scrapeando: UFC Fight Night: Werdum vs. Volkov (March 17, 2018)
2026-05-04 11:39:15,115 [INFO] [342/772] Scrapeando: UFC 222: Cyborg vs. Kunitskaya (March 03, 2018)
2026-05-04 11:39:17,049 [INFO] [343/772] Scrapeando: UFC Fight Night: Emmett vs. Stephens (February 24, 2018)
2026-05-04 11:39:20,963 [INFO] [344/772] Scrapeando: UFC Fight Night: Cerrone vs. Medeiros (February 18, 2018)
2026-05-04 11:39:24,898 [INFO] [345/772] Scrapeando: UFC 221: Romero vs. Rockhold (February 10, 2018)
2026-05-04 11:39:28,727 [INFO] [346/772] Scrapeando: UFC Fight Night: Machida vs. Anders (February 03, 2018)
2026-05-04 11:39:32,528 [INFO] [347/772] Scrapeando: UFC Fight Night: Jacare vs. Brunson 2 (January 27, 2018)
2026-05-04 11:39:34,318 [INFO] [348/772] Scrapeando: UFC 220: Miocic vs. Ngannou (January 20, 2018)
2026-05-04 11:39:38,033 [INFO] [349/772] Scrapeando: UFC Fight Night: Stephens vs. Choi (January 14, 2018)
2026-05-04 11:39:39,809 [INFO] [350/772] Scrapeando: UFC 219: Cyborg vs. Holm (December 30, 2017)
2026-05-04 11:39:43,815 [INFO] [351/772] Scrapeando: UFC Fight Night: Lawler vs. Dos Anjos (December 16, 2017)
2026-05-04 11:39:45,594 [INFO] [352/772] Scrapeando: UFC Fight Night: Swanson vs. Ortega (December 09, 2017)
2026-05-04 11:39:47,427 [INFO] [353/772] Scrapeando: UFC 218: Holloway vs. Aldo 2 (December 02, 2017)
2026-05-04 11:39:51,306 [INFO] [354/772] Scrapeando: The Ultimate Fighter: A New World Champion Finale (December 01, 2017)
2026-05-04 11:39:53,087 [INFO] [355/772] Scrapeando: UFC Fight Night: Bisping vs. Gastelum (November 25, 2017)
2026-05-04 11:39:54,975 [INFO] [356/772] Scrapeando: UFC Fight Night: Werdum vs. Tybura (November 18, 2017)
2026-05-04 11:40:02,310 [INFO] [357/772] Scrapeando: UFC Fight Night: Poirier vs. Pettis (November 11, 2017)
2026-05-04 11:40:04,513 [INFO] [358/772] Scrapeando: UFC 217: Bisping vs. St-Pierre (November 04, 2017)
2026-05-04 11:40:06,362 [INFO] [359/772] Scrapeando: UFC Fight Night: Brunson vs. Machida (October 28, 2017)
2026-05-04 11:40:10,144 [INFO] [360/772] Scrapeando: UFC Fight Night: Cerrone vs. Till (October 21, 2017)
2026-05-04 11:40:12,175 [INFO] [361/772] Scrapeando: UFC 216: Ferguson vs. Lee (October 07, 2017)
2026-05-04 11:40:24,776 [INFO] [362/772] Scrapeando: UFC Fight Night: Saint Preux vs. Okami (September 22, 2017)
2026-05-04 11:40:28,497 [INFO] [363/772] Scrapeando: UFC Fight Night: Rockhold vs. Branch (September 16, 2017)
2026-05-04 11:40:30,276 [INFO] [364/772] Scrapeando: UFC 215: Nunes vs Shevchenko 2 (September 09, 2017)
2026-05-04 11:40:33,937 [INFO] [365/772] Scrapeando: UFC Fight Night: Volkov vs. Struve (September 02, 2017)
2026-05-04 11:40:35,698 [INFO] [366/772] Scrapeando: UFC Fight Night: Pettis vs. Moreno (August 05, 2017)
2026-05-04 11:40:43,828 [INFO] [367/772] Scrapeando: UFC 214: Cormier vs. Jones 2 (July 29, 2017)
2026-05-04 11:40:47,507 [INFO] [368/772] Scrapeando: UFC Fight Night: Weidman vs. Gastelum (July 22, 2017)
2026-05-04 11:40:49,267 [INFO] [369/772] Scrapeando: UFC Fight Night: Nelson vs. Ponzinibbio (July 16, 2017)
2026-05-04 11:40:52,905 [INFO] [370/772] Scrapeando: UFC 213: Romero vs. Whittaker (July 08, 2017)
2026-05-04 11:40:54,676 [INFO] [371/772] Scrapeando: The Ultimate Fighter: Redemption Finale (July 07, 2017)
2026-05-04 11:40:56,503 [INFO] [372/772] Scrapeando: UFC Fight Night: Chiesa vs. Lee (June 25, 2017)
2026-05-04 11:40:58,384 [INFO] [373/772] Scrapeando: UFC Fight Night: Holm vs. Correia (June 17, 2017)
2026-05-04 11:41:05,455 [INFO] [374/772] Scrapeando: UFC Fight Night: Lewis vs. Hunt (June 10, 2017)
2026-05-04 11:41:11,257 [INFO] [375/772] Scrapeando: UFC 212: Aldo vs. Holloway (June 03, 2017)
2026-05-04 11:41:14,934 [INFO] [376/772] Scrapeando: UFC Fight Night: Gustafsson vs. Teixeira (May 28, 2017)
2026-05-04 11:41:16,698 [INFO] [377/772] Scrapeando: UFC 211: Miocic vs. Dos Santos (May 13, 2017)
2026-05-04 11:41:18,507 [INFO] [378/772] Scrapeando: UFC Fight Night: Swanson vs. Lobov (April 22, 2017)
2026-05-04 11:41:23,912 [INFO] [379/772] Scrapeando: UFC on FOX: Johnson vs. Reis (April 15, 2017)
2026-05-04 11:41:29,785 [INFO] [380/772] Scrapeando: UFC 210: Cormier vs. Johnson 2 (April 08, 2017)
2026-05-04 11:41:33,739 [INFO] [381/772] Scrapeando: UFC Fight Night: Manuwa vs. Anderson (March 18, 2017)
2026-05-04 11:41:35,640 [INFO] [382/772] Scrapeando: UFC Fight Night: Belfort vs. Gastelum (March 11, 2017)
2026-05-04 11:41:39,570 [INFO] [383/772] Scrapeando: UFC 209: Woodley vs. Thompson 2 (March 04, 2017)
2026-05-04 11:41:41,317 [INFO] [384/772] Scrapeando: UFC Fight Night: Lewis vs. Browne (February 19, 2017)
2026-05-04 11:41:46,945 [INFO] [385/772] Scrapeando: UFC 208: Holm vs. De Randamie (February 11, 2017)
2026-05-04 11:41:51,476 [INFO] [386/772] Scrapeando: UFC Fight Night: Bermudez vs. The Korean Zombie (February 04, 2017)
2026-05-04 11:41:53,248 [INFO] [387/772] Scrapeando: UFC on FOX: Shevchenko vs. Pena (January 28, 2017)
2026-05-04 11:41:57,162 [INFO] [388/772] Scrapeando: UFC Fight Night: Rodriguez vs. Penn (January 15, 2017)
2026-05-04 11:42:03,284 [INFO] [389/772] Scrapeando: UFC 207: Nunes vs. Rousey (December 30, 2016)
2026-05-04 11:42:06,878 [INFO] [390/772] Scrapeando: UFC on FOX: VanZant vs. Waterson (December 17, 2016)
2026-05-04 11:42:10,790 [INFO] [391/772] Scrapeando: UFC 206: Holloway vs. Pettis (December 10, 2016)
2026-05-04 11:42:14,715 [INFO] [392/772] Scrapeando: UFC Fight Night: Lewis vs. Abdurakhimov (December 09, 2016)
2026-05-04 11:42:16,483 [INFO] [393/772] Scrapeando: The Ultimate Fighter: Tournament of Champions Finale (December 03, 2016)
2026-05-04 11:42:24,635 [INFO] [394/772] Scrapeando: UFC Fight Night: Whittaker vs. Brunson (November 26, 2016)
2026-05-04 11:42:30,378 [INFO] [395/772] Scrapeando: UFC Fight Night: Bader vs. Nogueira (November 19, 2016)
2026-05-04 11:42:32,152 [INFO] [396/772] Scrapeando: UFC Fight Night: Mousasi vs. Hall 2 (November 19, 2016)
2026-05-04 11:42:36,033 [INFO] [397/772] Scrapeando: UFC 205: Alvarez vs McGregor (November 12, 2016)
2026-05-04 11:42:37,902 [INFO] [398/772] Scrapeando: UFC Fight Night: Dos Anjos vs. Ferguson (November 05, 2016)
2026-05-04 11:42:39,805 [INFO] [399/772] Scrapeando: UFC 204: Bisping vs. Henderson (October 08, 2016)
2026-05-04 11:42:41,559 [INFO] [400/772] Scrapeando: UFC Fight Night: Lineker vs. Dodson (October 01, 2016)
2026-05-04 11:42:45,339 [INFO] [401/772] Scrapeando: UFC Fight Night: Cyborg vs. Lansberg (September 24, 2016)
2026-05-04 11:42:49,236 [INFO] [402/772] Scrapeando: UFC Fight Night: Poirier vs. Johnson (September 17, 2016)
2026-05-04 11:42:51,011 [INFO] [403/772] Scrapeando: UFC 203: Miocic vs. Overeem (September 10, 2016)
2026-05-04 11:42:52,804 [INFO] [404/772] Scrapeando: UFC Fight Night: Arlovski vs. Barnett (September 03, 2016)
2026-05-04 11:42:54,693 [INFO] [405/772] Scrapeando: UFC on FOX: Maia vs. Condit (August 27, 2016)
2026-05-04 11:42:56,504 [INFO] [406/772] Scrapeando: UFC 202: Diaz vs. McGregor 2 (August 20, 2016)
2026-05-04 11:42:58,314 [INFO] [407/772] Scrapeando: UFC Fight Night: Rodriguez vs. Caceres (August 06, 2016)
2026-05-04 11:43:00,158 [INFO] [408/772] Scrapeando: UFC 201: Lawler vs. Woodley (July 30, 2016)
2026-05-04 11:43:07,413 [INFO] [409/772] Scrapeando: UFC on FOX: Holm vs. Shevchenko (July 23, 2016)
2026-05-04 11:43:09,279 [INFO] [410/772] Scrapeando: UFC Fight Night: McDonald vs. Lineker (July 13, 2016)
2026-05-04 11:43:12,840 [INFO] [411/772] Scrapeando: UFC 200: Tate vs Nunes (July 09, 2016)
2026-05-04 11:43:14,689 [INFO] [412/772] Scrapeando: The Ultimate Fighter: Team Joanna vs. Team Cláudia Finale (July 08, 2016)
2026-05-04 11:43:25,445 [INFO] [413/772] Scrapeando: UFC Fight Night: Dos Anjos vs. Alvarez (July 07, 2016)
2026-05-04 11:43:27,212 [INFO] [414/772] Scrapeando: UFC Fight Night: MacDonald vs Thompson (June 18, 2016)
2026-05-04 11:43:31,184 [INFO] [415/772] Scrapeando: UFC 199: Rockhold vs. Bisping 2 (June 04, 2016)
2026-05-04 11:43:32,976 [INFO] [416/772] Scrapeando: UFC Fight Night: Almeida vs Garbrandt (May 29, 2016)
2026-05-04 11:43:34,758 [INFO] [417/772] Scrapeando: UFC 198: Werdum vs Miocic (May 14, 2016)
2026-05-04 11:43:36,523 [INFO] [418/772] Scrapeando: UFC Fight Night: Overeem vs Arlovski (May 08, 2016)
2026-05-04 11:43:42,444 [INFO] [419/772] Scrapeando: UFC 197: Jones vs Saint Preux (April 23, 2016)
2026-05-04 11:43:48,192 [INFO] [420/772] Scrapeando: UFC on FOX: Teixeira vs Evans (April 16, 2016)
2026-05-04 11:43:49,941 [INFO] [421/772] Scrapeando: UFC Fight Night: Rothwell vs Dos Santos (April 10, 2016)
2026-05-04 11:43:51,720 [INFO] [422/772] Scrapeando: UFC Fight Night: Hunt vs Mir (March 19, 2016)
2026-05-04 11:43:53,471 [INFO] [423/772] Scrapeando: UFC 196: McGregor vs Diaz (March 05, 2016)
2026-05-04 11:43:55,413 [INFO] [424/772] Scrapeando: UFC Fight Night: Silva vs Bisping (February 27, 2016)
2026-05-04 11:43:57,226 [INFO] [425/772] Scrapeando: UFC Fight Night: Cowboy vs Cowboy (February 21, 2016)
2026-05-04 11:43:59,030 [INFO] [426/772] Scrapeando: UFC Fight Night: Hendricks vs Thompson (February 06, 2016)
2026-05-04 11:44:07,222 [INFO] [427/772] Scrapeando: UFC on FOX: Johnson vs. Bader (January 30, 2016)
2026-05-04 11:44:11,122 [INFO] [428/772] Scrapeando: UFC Fight Night: Dillashaw vs Cruz (January 17, 2016)
2026-05-04 11:44:12,939 [INFO] [429/772] Scrapeando: UFC 195: Lawler vs Condit (January 02, 2016)
2026-05-04 11:44:14,811 [INFO] [430/772] Scrapeando: UFC on FOX: Dos Anjos vs. Cowboy 2 (December 19, 2015)
2026-05-04 11:44:16,626 [INFO] [431/772] Scrapeando: UFC 194: Aldo vs McGregor (December 12, 2015)
2026-05-04 11:44:18,432 [INFO] [432/772] Scrapeando: The Ultimate Fighter: Team McGregor vs. Team Faber Finale (December 11, 2015)
2026-05-04 11:44:22,104 [INFO] [433/772] Scrapeando: UFC Fight Night: Namajunas vs. VanZant (December 10, 2015)
2026-05-04 11:44:23,910 [INFO] [434/772] Scrapeando: UFC Fight Night: Henderson vs Masvidal (November 28, 2015)
2026-05-04 11:44:27,788 [INFO] [435/772] Scrapeando: UFC Fight Night: Magny vs Gastelum (November 21, 2015)
2026-05-04 11:44:31,447 [INFO] [436/772] Scrapeando: UFC 193: Rousey vs Holm (November 14, 2015)
2026-05-04 11:44:37,115 [INFO] [437/772] Scrapeando: UFC Fight Night: Belfort vs Henderson 3 (November 07, 2015)
2026-05-04 11:44:38,883 [INFO] [438/772] Scrapeando: UFC Fight Night: Holohan vs Smolka (October 24, 2015)
2026-05-04 11:44:44,787 [INFO] [439/772] Scrapeando: UFC 192: Cormier vs Gustafsson (October 03, 2015)
2026-05-04 11:44:54,215 [INFO] [440/772] Scrapeando: UFC Fight Night: Barnett vs Nelson (September 26, 2015)
2026-05-04 11:44:58,110 [INFO] [441/772] Scrapeando: UFC 191: Johnson vs Dodson 2 (September 05, 2015)
2026-05-04 11:45:03,227 [INFO] [442/772] Scrapeando: UFC Fight Night: Holloway vs Oliveira (August 23, 2015)
2026-05-04 11:45:07,264 [INFO] [443/772] Scrapeando: UFC Fight Night: Teixeira vs Saint Preux (August 08, 2015)
2026-05-04 11:45:13,137 [INFO] [444/772] Scrapeando: UFC 190: Rousey vs Correia (August 01, 2015)
2026-05-04 11:45:14,927 [INFO] [445/772] Scrapeando: UFC on FOX: Dillashaw vs. Barao II (July 25, 2015)
2026-05-04 11:45:16,767 [INFO] [446/772] Scrapeando: UFC Fight Night: Bisping vs Leites (July 18, 2015)
2026-05-04 11:45:20,309 [INFO] [447/772] Scrapeando: UFC Fight Night: Mir vs Duffee (July 15, 2015)
2026-05-04 11:45:22,270 [INFO] [448/772] Scrapeando: The Ultimate Fighter: American Top Team vs. Blackzilians Finale (July 12, 2015)
2026-05-04 11:45:25,903 [INFO] [449/772] Scrapeando: UFC 189: Mendes vs McGregor (July 11, 2015)
2026-05-04 11:45:29,664 [INFO] [450/772] Scrapeando: UFC Fight Night: Machida vs Romero (June 27, 2015)
2026-05-04 11:45:31,442 [INFO] [451/772] Scrapeando: UFC Fight Night: Jedrzejczyk vs Penne (June 20, 2015)
2026-05-04 11:45:33,260 [INFO] [452/772] Scrapeando: UFC 188: Velasquez vs Werdum (June 13, 2015)
2026-05-04 11:45:36,961 [INFO] [453/772] Scrapeando: UFC Fight Night: Boetsch vs Henderson (June 06, 2015)
2026-05-04 11:45:38,724 [INFO] [454/772] Scrapeando: UFC Fight Night: Condit vs Alves (May 30, 2015)
2026-05-04 11:45:42,622 [INFO] [455/772] Scrapeando: UFC 187: Johnson vs Cormier (May 23, 2015)
2026-05-04 11:45:50,434 [INFO] [456/772] Scrapeando: UFC Fight Night: Edgar vs Faber (May 16, 2015)
2026-05-04 11:45:56,206 [INFO] [457/772] Scrapeando: UFC Fight Night: Miocic vs Hunt (May 09, 2015)
2026-05-04 11:46:00,031 [INFO] [458/772] Scrapeando: UFC 186: Johnson vs Horiguchi (April 25, 2015)
2026-05-04 11:46:06,543 [INFO] [459/772] Scrapeando: UFC on FOX: Machida vs Rockhold (April 18, 2015)
2026-05-04 11:46:08,347 [INFO] [460/772] Scrapeando: UFC Fight Night: Gonzaga vs Cro Cop 2 (April 11, 2015)
2026-05-04 11:46:10,131 [INFO] [461/772] Scrapeando: UFC Fight Night: Mendes vs Lamas (April 04, 2015)
2026-05-04 11:46:12,036 [INFO] [462/772] Scrapeando: UFC Fight Night: Maia vs LaFlare (March 21, 2015)
2026-05-04 11:46:15,931 [INFO] [463/772] Scrapeando: UFC 185: Pettis vs Dos Anjos (March 14, 2015)
2026-05-04 11:46:31,478 [INFO] [464/772] Scrapeando: UFC 184: Rousey vs Zingano (February 28, 2015)
2026-05-04 11:46:33,560 [INFO] [465/772] Scrapeando: UFC Fight Night: Bigfoot vs Mir (February 22, 2015)
2026-05-04 11:46:35,322 [INFO] [466/772] Scrapeando: UFC Fight Night: Henderson vs Thatch (February 14, 2015)
2026-05-04 11:46:41,375 [INFO] [467/772] Scrapeando: UFC 183: Silva vs Diaz (January 31, 2015)
2026-05-04 11:46:45,260 [INFO] [468/772] Scrapeando: UFC on FOX: Gustafsson vs Johnson (January 24, 2015)
2026-05-04 11:46:49,219 [INFO] [469/772] Scrapeando: UFC Fight Night: McGregor vs Siver (January 18, 2015)
2026-05-04 11:46:55,221 [INFO] [470/772] Scrapeando: UFC 182: Jones vs Cormier (January 03, 2015)
2026-05-04 11:46:58,963 [INFO] [471/772] Scrapeando: UFC Fight Night: Machida vs Dollaway (December 20, 2014)
2026-05-04 11:47:01,192 [INFO] [472/772] Scrapeando: UFC on FOX: Dos Santos vs Miocic (December 13, 2014)
2026-05-04 11:47:05,901 [INFO] [473/772] Scrapeando: The Ultimate Fighter: A Champion Will Be Crowned Finale (December 12, 2014)
2026-05-04 11:47:07,720 [INFO] [474/772] Scrapeando: UFC 181: Hendricks vs Lawler II (December 06, 2014)
2026-05-04 11:47:09,507 [INFO] [475/772] Scrapeando: UFC Fight Night: Edgar vs Swanson (November 22, 2014)
2026-05-04 11:47:15,594 [INFO] [476/772] Scrapeando: UFC 180: Werdum vs Hunt (November 15, 2014)
2026-05-04 11:47:17,373 [INFO] [477/772] Scrapeando: UFC Fight Night 56: Shogun vs Saint Preux (November 08, 2014)
2026-05-04 11:47:19,141 [INFO] [478/772] Scrapeando: UFC Fight Night: Rockhold vs Bisping (November 07, 2014)
2026-05-04 11:47:23,138 [INFO] [479/772] Scrapeando: UFC 179: Aldo vs Mendes 2 (October 25, 2014)
2026-05-04 11:47:26,756 [INFO] [480/772] Scrapeando: UFC Fight Night: MacDonald vs Saffiedine (October 04, 2014)
2026-05-04 11:47:30,307 [INFO] [481/772] Scrapeando: UFC Fight Night: Nelson vs Story (October 04, 2014)
2026-05-04 11:47:32,070 [INFO] [482/772] Scrapeando: UFC 178: Johnson vs Cariaso (September 27, 2014)
2026-05-04 11:47:35,706 [INFO] [483/772] Scrapeando: UFC Fight Night: Hunt vs Nelson (September 20, 2014)
2026-05-04 11:47:39,479 [INFO] [484/772] Scrapeando: UFC Fight Night: Bigfoot vs Arlovski (September 13, 2014)
2026-05-04 11:47:41,243 [INFO] [485/772] Scrapeando: UFC Fight Night: Jacare vs Mousasi (September 05, 2014)
2026-05-04 11:47:44,827 [INFO] [486/772] Scrapeando: UFC 177: Dillashaw vs Soto (August 30, 2014)
2026-05-04 11:47:46,560 [INFO] [487/772] Scrapeando: UFC Fight Night: Henderson vs Dos Anjos (August 23, 2014)
2026-05-04 11:47:50,065 [INFO] [488/772] Scrapeando: UFC Fight Night: Bisping vs Le (August 23, 2014)
2026-05-04 11:47:51,868 [INFO] [489/772] Scrapeando: UFC Fight Night: Bader vs Saint Preux (August 16, 2014)
2026-05-04 11:47:55,691 [INFO] [490/772] Scrapeando: UFC on FOX: Lawler vs Brown (July 26, 2014)
2026-05-04 11:47:57,464 [INFO] [491/772] Scrapeando: UFC Fight Night: McGregor vs Brandao (July 19, 2014)
2026-05-04 11:48:07,598 [INFO] [492/772] Scrapeando: UFC Fight Night: Cowboy vs Miller (July 16, 2014)
2026-05-04 11:48:11,683 [INFO] [493/772] Scrapeando: The Ultimate Fighter: Team Edgar vs. Team Penn Finale (July 06, 2014)
2026-05-04 11:48:15,809 [INFO] [494/772] Scrapeando: UFC 175: Weidman vs Machida (July 05, 2014)
2026-05-04 11:48:17,586 [INFO] [495/772] Scrapeando: UFC Fight Night: Swanson vs Stephens (June 28, 2014)
2026-05-04 11:48:21,736 [INFO] [496/772] Scrapeando: UFC Fight Night: Te Huna vs Marquardt (June 28, 2014)
2026-05-04 11:48:25,621 [INFO] [497/772] Scrapeando: UFC 174: Johnson vs Bagautinov (June 14, 2014)
2026-05-04 11:48:30,385 [INFO] [498/772] Scrapeando: UFC Fight Night: Henderson vs Khabilov (June 07, 2014)
2026-05-04 11:48:36,187 [INFO] [499/772] Scrapeando: UFC Fight Night: Miocic vs Maldonado (May 31, 2014)
2026-05-04 11:48:37,943 [INFO] [500/772] Scrapeando: UFC Fight Night: Munoz vs Mousasi (May 31, 2014)
2026-05-04 11:48:39,698 [INFO] [501/772] Scrapeando: UFC 173: Barao vs Dillashaw (May 24, 2014)
2026-05-04 11:48:41,598 [INFO] [502/772] Scrapeando: UFC Fight Night: Brown vs Silva (May 10, 2014)
2026-05-04 11:48:47,640 [INFO] [503/772] Scrapeando: UFC 172: Jones vs Teixeira (April 26, 2014)
2026-05-04 11:48:51,434 [INFO] [504/772] Scrapeando: UFC on FOX: Werdum vs Browne (April 19, 2014)
2026-05-04 11:48:55,114 [INFO] [505/772] Scrapeando: UFC Fight Night: Bisping vs Kennedy (April 16, 2014)
2026-05-04 11:48:56,956 [INFO] [506/772] Scrapeando: UFC Fight Night: Minotauro vs Nelson (April 11, 2014)
2026-05-04 11:48:58,690 [INFO] [507/772] Scrapeando: UFC Fight Night: Shogun vs Henderson 2 (March 23, 2014)
2026-05-04 11:49:03,919 [INFO] [508/772] Scrapeando: UFC 171: Hendricks vs Lawler (March 15, 2014)
2026-05-04 11:49:07,645 [INFO] [509/772] Scrapeando: UFC Fight Night: Gustafsson vs Manuwa (March 08, 2014)
2026-05-04 11:49:13,529 [INFO] [510/772] Scrapeando: UFC Fight Night: Kim vs Hathaway (March 01, 2014)
2026-05-04 11:49:15,301 [INFO] [511/772] Scrapeando: UFC 170: Rousey vs McMann (February 22, 2014)
2026-05-04 11:49:19,145 [INFO] [512/772] Scrapeando: UFC Fight Night: Machida vs Mousasi (February 15, 2014)
2026-05-04 11:49:20,917 [INFO] [513/772] Scrapeando: UFC 169: Barao vs Faber 2 (February 01, 2014)
2026-05-04 11:49:26,801 [INFO] [514/772] Scrapeando: UFC on FOX: Henderson vs Thomson (January 25, 2014)
2026-05-04 11:49:28,564 [INFO] [515/772] Scrapeando: UFC Fight Night: Rockhold vs Philippou (January 15, 2014)
2026-05-04 11:49:39,163 [INFO] [516/772] Scrapeando: UFC Fight Night: Saffiedine vs Lim (January 04, 2014)
2026-05-04 11:49:40,938 [INFO] [517/772] Scrapeando: UFC 168: Weidman vs Silva 2 (December 28, 2013)
2026-05-04 11:49:42,682 [INFO] [518/772] Scrapeando: UFC on FOX: Johnson vs. Benavidez 2 (December 14, 2013)
2026-05-04 11:49:50,331 [INFO] [519/772] Scrapeando: UFC Fight Night: Hunt vs Bigfoot (December 06, 2013)
2026-05-04 11:49:53,935 [INFO] [520/772] Scrapeando: The Ultimate Fighter: Team Rousey vs. Team Tate Finale (November 30, 2013)
2026-05-04 11:49:57,707 [INFO] [521/772] Scrapeando: UFC 167: St-Pierre vs Hendricks (November 16, 2013)
2026-05-04 11:50:02,853 [INFO] [522/772] Scrapeando: UFC Fight Night: Belfort vs Henderson 2 (November 09, 2013)
2026-05-04 11:50:06,809 [INFO] [523/772] Scrapeando: UFC Fight Night: Fight for the Troops 3 (November 06, 2013)
2026-05-04 11:50:08,587 [INFO] [524/772] Scrapeando: UFC Fight Night: Machida vs Munoz (October 26, 2013)
2026-05-04 11:50:12,233 [INFO] [525/772] Scrapeando: UFC 166: Velasquez vs Dos Santos 3 (October 19, 2013)
2026-05-04 11:50:15,973 [INFO] [526/772] Scrapeando: UFC Fight Night: Maia vs Shields (October 09, 2013)
2026-05-04 11:50:19,690 [INFO] [527/772] Scrapeando: UFC 165: Jones vs Gustafsson (September 21, 2013)
2026-05-04 11:50:21,462 [INFO] [528/772] Scrapeando: UFC Fight Night: Teixeira vs Bader (September 04, 2013)
2026-05-04 11:50:26,465 [INFO] [529/772] Scrapeando: UFC 164: Henderson vs Pettis 2 (August 31, 2013)
2026-05-04 11:50:30,175 [INFO] [530/772] Scrapeando: UFC Fight Night: Condit vs Kampmann 2 (August 28, 2013)
2026-05-04 11:50:31,940 [INFO] [531/772] Scrapeando: UFC Fight Night: Shogun vs Sonnen (August 17, 2013)
2026-05-04 11:50:33,708 [INFO] [532/772] Scrapeando: UFC 163: Aldo vs Jung (August 03, 2013)
2026-05-04 11:50:39,254 [INFO] [533/772] Scrapeando: UFC on FOX: Johnson vs Moraga (July 27, 2013)
2026-05-04 11:50:42,998 [INFO] [534/772] Scrapeando: UFC 162: Silva vs Weidman (July 06, 2013)
2026-05-04 11:50:44,911 [INFO] [535/772] Scrapeando: UFC 161: Evans vs Henderson (June 15, 2013)
2026-05-04 11:50:46,718 [INFO] [536/772] Scrapeando: UFC on FUEL TV: Nogueira vs. Werdum (June 08, 2013)
2026-05-04 11:50:48,610 [INFO] [537/772] Scrapeando: UFC 160: Velasquez vs Silva 2 (May 25, 2013)
2026-05-04 11:50:50,494 [INFO] [538/772] Scrapeando: UFC on FX: Belfort vs. Rockhold (May 18, 2013)
2026-05-04 11:50:55,860 [INFO] [539/772] Scrapeando: UFC 159: Jones vs Sonnen (April 27, 2013)
2026-05-04 11:50:57,615 [INFO] [540/772] Scrapeando: UFC on FOX: Henderson vs Melendez (April 20, 2013)
2026-05-04 11:51:07,929 [INFO] [541/772] Scrapeando: The Ultimate Fighter: Team Jones vs. Team Sonnen Finale (April 13, 2013)
2026-05-04 11:51:09,958 [INFO] [542/772] Scrapeando: UFC on FUEL TV: Mousasi vs Latifi (April 06, 2013)
2026-05-04 11:51:11,756 [INFO] [543/772] Scrapeando: UFC 158: St-Pierre vs Diaz (March 16, 2013)
2026-05-04 11:51:13,541 [INFO] [544/772] Scrapeando: UFC on FUEL TV: Silva vs. Stann (March 02, 2013)
2026-05-04 11:51:15,334 [INFO] [545/772] Scrapeando: UFC 157: Rousey vs Carmouche (February 23, 2013)
2026-05-04 11:51:17,100 [INFO] [546/772] Scrapeando: UFC on FUEL TV: Barao vs McDonald (February 16, 2013)
2026-05-04 11:51:20,900 [INFO] [547/772] Scrapeando: UFC 156: Aldo vs Edgar (February 02, 2013)
2026-05-04 11:51:24,637 [INFO] [548/772] Scrapeando: UFC on FOX: Johnson vs Dodson (January 26, 2013)
2026-05-04 11:51:28,449 [INFO] [549/772] Scrapeando: UFC on FX: Belfort vs Bisping (January 19, 2013)
2026-05-04 11:51:30,218 [INFO] [550/772] Scrapeando: UFC 155: Dos Santos vs Velasquez II (December 29, 2012)
2026-05-04 11:51:33,859 [INFO] [551/772] Scrapeando: The Ultimate Fighter: Team Carwin vs. Team Nelson Finale (December 15, 2012)
2026-05-04 11:51:37,676 [INFO] [552/772] Scrapeando: UFC on FX: Sotiropoulos vs Pearson (December 14, 2012)
2026-05-04 11:51:39,435 [INFO] [553/772] Scrapeando: UFC on FOX: Henderson vs Diaz (December 08, 2012)
2026-05-04 11:51:41,189 [INFO] [554/772] Scrapeando: UFC 154: St-Pierre vs Condit (November 17, 2012)
2026-05-04 11:51:43,059 [INFO] [555/772] Scrapeando: UFC Macao: Franklin vs Le (November 10, 2012)
2026-05-04 11:51:47,082 [INFO] [556/772] Scrapeando: UFC 153: Silva vs Bonnar (October 13, 2012)
2026-05-04 11:51:48,946 [INFO] [557/772] Scrapeando: UFC on FX: Browne vs Bigfoot (October 05, 2012)
2026-05-04 11:51:54,517 [INFO] [558/772] Scrapeando: UFC on FUEL TV: Struve vs Miocic (September 29, 2012)
2026-05-04 11:51:56,261 [INFO] [559/772] Scrapeando: UFC 152: Jones vs Belfort (September 22, 2012)
2026-05-04 11:51:59,932 [INFO] [560/772] Scrapeando: UFC 150: Henderson vs Edgar II (August 11, 2012)
2026-05-04 11:52:03,277 [INFO] [561/772] Scrapeando: UFC on FOX: Shogun vs Vera (August 04, 2012)
2026-05-04 11:52:07,554 [INFO] [562/772] Scrapeando: UFC 149: Faber vs Barao (July 21, 2012)
2026-05-04 11:52:09,336 [INFO] [563/772] Scrapeando: UFC on FUEL TV: Munoz vs Weidman (July 11, 2012)
2026-05-04 11:52:12,632 [INFO] [564/772] Scrapeando: UFC 148: Silva vs Sonnen 2 (July 07, 2012)
2026-05-04 11:52:14,474 [INFO] [565/772] Scrapeando: UFC 147: Silva vs Franklin 2 (June 23, 2012)
2026-05-04 11:52:16,236 [INFO] [566/772] Scrapeando: UFC on FX: Maynard vs Guida (June 22, 2012)
2026-05-04 11:52:18,032 [INFO] [567/772] Scrapeando: UFC on FX: Johnson vs McCall (June 08, 2012)
2026-05-04 11:52:21,689 [INFO] [568/772] Scrapeando: The Ultimate Fighter: Live Finale (June 01, 2012)
2026-05-04 11:52:23,439 [INFO] [569/772] Scrapeando: UFC 146: Dos Santos vs Mir (May 26, 2012)
2026-05-04 11:52:25,273 [INFO] [570/772] Scrapeando: UFC on FUEL TV: Korean Zombie vs Poirier (May 15, 2012)
2026-05-04 11:52:27,206 [INFO] [571/772] Scrapeando: UFC on FOX: Diaz vs Miller (May 05, 2012)
2026-05-04 11:52:32,897 [INFO] [572/772] Scrapeando: UFC 145: Jones vs Evans (April 21, 2012)
2026-05-04 11:52:34,699 [INFO] [573/772] Scrapeando: UFC on FUEL TV: Gustafsson vs Silva (April 14, 2012)
2026-05-04 11:52:36,595 [INFO] [574/772] Scrapeando: UFC on FX: Alves vs Kampmann (March 02, 2012)
2026-05-04 11:52:42,220 [INFO] [575/772] Scrapeando: UFC 144: Edgar vs Henderson (February 25, 2012)
2026-05-04 11:52:43,982 [INFO] [576/772] Scrapeando: UFC on FUEL TV: Sanchez vs Ellenberger (February 15, 2012)
2026-05-04 11:52:45,727 [INFO] [577/772] Scrapeando: UFC 143: Diaz vs Condit (February 04, 2012)
2026-05-04 11:52:47,485 [INFO] [578/772] Scrapeando: UFC on FOX: Evans vs Davis (January 28, 2012)
2026-05-04 11:52:49,232 [INFO] [579/772] Scrapeando: UFC on FX: Guillard vs Miller (January 20, 2012)
2026-05-04 11:52:51,116 [INFO] [580/772] Scrapeando: UFC 142: Aldo vs Mendes (January 14, 2012)
2026-05-04 11:52:52,922 [INFO] [581/772] Scrapeando: UFC 141: Lesnar vs Overeem (December 30, 2011)
2026-05-04 11:52:54,708 [INFO] [582/772] Scrapeando: UFC 140: Jones vs Machida (December 10, 2011)
2026-05-04 11:52:56,482 [INFO] [583/772] Scrapeando: The Ultimate Fighter: Team Bisping vs Team Miller Finale (December 03, 2011)
2026-05-04 11:52:58,257 [INFO] [584/772] Scrapeando: UFC 139: Shogun vs Henderson (November 19, 2011)
2026-05-04 11:53:00,256 [INFO] [585/772] Scrapeando: UFC on FOX: Velasquez vs Dos Santos (November 12, 2011)
2026-05-04 11:53:03,392 [INFO] [586/772] Scrapeando: UFC 138: Leben vs Munoz (November 05, 2011)
2026-05-04 11:53:07,237 [INFO] [587/772] Scrapeando: UFC 137: Penn vs Diaz (October 29, 2011)
2026-05-04 11:53:09,054 [INFO] [588/772] Scrapeando: UFC 136: Edgar vs Maynard 3 (October 08, 2011)
2026-05-04 11:53:10,815 [INFO] [589/772] Scrapeando: UFC Live: Cruz vs Johnson (October 01, 2011)
2026-05-04 11:53:12,562 [INFO] [590/772] Scrapeando: UFC 135: Jones vs Rampage (September 24, 2011)
2026-05-04 11:53:14,340 [INFO] [591/772] Scrapeando: UFC Fight Night: Shields vs Ellenberger (September 17, 2011)
2026-05-04 11:53:16,122 [INFO] [592/772] Scrapeando: UFC 134: Silva vs Okami (August 27, 2011)
2026-05-04 11:53:17,928 [INFO] [593/772] Scrapeando: UFC Live: Hardy vs Lytle (August 14, 2011)
2026-05-04 11:53:19,718 [INFO] [594/772] Scrapeando: UFC 133: Evans vs Ortiz 2 (August 06, 2011)
2026-05-04 11:53:21,483 [INFO] [595/772] Scrapeando: UFC 132: Cruz vs Faber (July 02, 2011)
2026-05-04 11:53:23,244 [INFO] [596/772] Scrapeando: UFC Live: Kongo vs Barry (June 26, 2011)
2026-05-04 11:53:25,019 [INFO] [597/772] Scrapeando: UFC 131: Dos Santos vs Carwin (June 11, 2011)
2026-05-04 11:53:26,803 [INFO] [598/772] Scrapeando: The Ultimate Fighter: Team Lesnar vs Team dos Santos Finale (June 04, 2011)
2026-05-04 11:53:28,568 [INFO] [599/772] Scrapeando: UFC 130: Rampage vs Hamill (May 28, 2011)
2026-05-04 11:53:30,334 [INFO] [600/772] Scrapeando: UFC 129: St-Pierre vs Shields (April 30, 2011)
2026-05-04 11:53:32,160 [INFO] [601/772] Scrapeando: UFC Fight Night: Nogueira vs Davis (March 26, 2011)
2026-05-04 11:53:33,948 [INFO] [602/772] Scrapeando: UFC 128: Shogun vs Jones (March 19, 2011)
2026-05-04 11:53:35,716 [INFO] [603/772] Scrapeando: UFC Live: Sanchez vs Kampmann (March 03, 2011)
2026-05-04 11:53:37,531 [INFO] [604/772] Scrapeando: UFC 127: Penn vs Fitch (February 26, 2011)
2026-05-04 11:53:39,415 [INFO] [605/772] Scrapeando: UFC 126: Silva vs Belfort (February 05, 2011)
2026-05-04 11:53:41,170 [INFO] [606/772] Scrapeando: UFC Fight Night: Fight for the Troops 2 (January 22, 2011)
2026-05-04 11:53:43,010 [INFO] [607/772] Scrapeando: UFC 125: Resolution (January 01, 2011)
2026-05-04 11:53:44,856 [INFO] [608/772] Scrapeando: UFC 124: St-Pierre vs Koscheck 2 (December 11, 2010)
2026-05-04 11:53:46,740 [INFO] [609/772] Scrapeando: The Ultimate Fighter: Team GSP vs Team Koscheck Finale (December 04, 2010)
2026-05-04 11:53:48,494 [INFO] [610/772] Scrapeando: UFC 123: Rampage vs Machida (November 20, 2010)
2026-05-04 11:53:50,270 [INFO] [611/772] Scrapeando: UFC 122: Marquardt vs Okami (November 13, 2010)
2026-05-04 11:53:52,019 [INFO] [612/772] Scrapeando: UFC 121: Lesnar vs Velasquez (October 23, 2010)
2026-05-04 11:53:53,838 [INFO] [613/772] Scrapeando: UFC 120: Bisping vs Akiyama (October 16, 2010)
2026-05-04 11:53:55,650 [INFO] [614/772] Scrapeando: UFC 119: Mir vs Cro Cop (September 25, 2010)
2026-05-04 11:53:57,457 [INFO] [615/772] Scrapeando: UFC Fight Night: Marquardt vs Palhares (September 15, 2010)
2026-05-04 11:53:59,221 [INFO] [616/772] Scrapeando: UFC 118: Edgar vs Penn 2 (August 28, 2010)
2026-05-04 11:54:08,224 [INFO] [617/772] Scrapeando: UFC 117: Silva vs Sonnen (August 07, 2010)
2026-05-04 11:54:10,521 [INFO] [618/772] Scrapeando: UFC Live: Jones vs Matyushenko (August 01, 2010)
2026-05-04 11:54:12,708 [INFO] [619/772] Scrapeando: UFC 116: Lesnar vs Carwin (July 03, 2010)
2026-05-04 11:54:14,769 [INFO] [620/772] Scrapeando: The Ultimate Fighter: Team Liddell vs Team Ortiz Finale (June 19, 2010)
2026-05-04 11:54:17,108 [INFO] [621/772] Scrapeando: UFC 115: Liddell vs Franklin (June 12, 2010)
2026-05-04 11:54:18,933 [INFO] [622/772] Scrapeando: UFC 114: Rampage vs Evans (May 29, 2010)
2026-05-04 11:54:20,809 [INFO] [623/772] Scrapeando: UFC 113: Machida vs Shogun 2 (May 08, 2010)
2026-05-04 11:54:22,656 [INFO] [624/772] Scrapeando: UFC 112: Invincible (April 10, 2010)
2026-05-04 11:54:24,449 [INFO] [625/772] Scrapeando: UFC Fight Night: Florian vs Gomi (March 31, 2010)
2026-05-04 11:54:26,211 [INFO] [626/772] Scrapeando: UFC 111: St-Pierre vs Hardy (March 27, 2010)
2026-05-04 11:54:27,982 [INFO] [627/772] Scrapeando: UFC Live: Vera vs Jones (March 21, 2010)
2026-05-04 11:54:29,987 [INFO] [628/772] Scrapeando: UFC 110: Nogueira vs Velasquez (February 20, 2010)
2026-05-04 11:54:31,720 [INFO] [629/772] Scrapeando: UFC 109: Relentless (February 06, 2010)
2026-05-04 11:54:33,490 [INFO] [630/772] Scrapeando: UFC Fight Night: Maynard vs Diaz (January 11, 2010)
2026-05-04 11:54:35,449 [INFO] [631/772] Scrapeando: UFC 108: Evans vs Silva (January 02, 2010)
2026-05-04 11:54:37,199 [INFO] [632/772] Scrapeando: UFC 107: Penn vs Sanchez (December 12, 2009)
2026-05-04 11:54:38,970 [INFO] [633/772] Scrapeando: The Ultimate Fighter: Heavyweights Finale (December 05, 2009)
2026-05-04 11:54:40,783 [INFO] [634/772] Scrapeando: UFC 106: Ortiz vs Griffin 2 (November 21, 2009)
2026-05-04 11:54:42,917 [INFO] [635/772] Scrapeando: UFC 105: Couture vs Vera (November 14, 2009)
2026-05-04 11:54:44,827 [INFO] [636/772] Scrapeando: UFC 104: Machida vs Shogun (October 24, 2009)
2026-05-04 11:54:46,620 [INFO] [637/772] Scrapeando: UFC 103: Franklin vs Belfort (September 19, 2009)
2026-05-04 11:54:48,775 [INFO] [638/772] Scrapeando: UFC Fight Night: Diaz vs Guillard (September 16, 2009)
2026-05-04 11:54:50,646 [INFO] [639/772] Scrapeando: UFC 102: Couture vs Nogueira (August 29, 2009)
2026-05-04 11:54:52,418 [INFO] [640/772] Scrapeando: UFC 101: Declaration (August 08, 2009)
2026-05-04 11:54:54,219 [INFO] [641/772] Scrapeando: UFC 100 (July 11, 2009)
2026-05-04 11:54:56,069 [INFO] [642/772] Scrapeando: The Ultimate Fighter: United States vs. United Kingdom Finale (June 20, 2009)
2026-05-04 11:54:57,864 [INFO] [643/772] Scrapeando: UFC 99: The Comeback (June 13, 2009)
2026-05-04 11:54:59,739 [INFO] [644/772] Scrapeando: UFC 98: Evans vs Machida (May 23, 2009)
2026-05-04 11:55:02,795 [INFO] [645/772] Scrapeando: UFC 97: Redemption (April 18, 2009)
2026-05-04 11:55:04,849 [INFO] [646/772] Scrapeando: UFC Fight Night: Condit vs Kampmann (April 01, 2009)
2026-05-04 11:55:06,725 [INFO] [647/772] Scrapeando: UFC 96: Jackson vs Jardine (March 07, 2009)
2026-05-04 11:55:08,739 [INFO] [648/772] Scrapeando: UFC 95: Sanchez vs Stevenson (February 21, 2009)
2026-05-04 11:55:10,764 [INFO] [649/772] Scrapeando: UFC Fight Night: Lauzon vs Stephens (February 07, 2009)
2026-05-04 11:55:12,608 [INFO] [650/772] Scrapeando: UFC 94: St-Pierre vs Penn 2 (January 31, 2009)
2026-05-04 11:55:14,460 [INFO] [651/772] Scrapeando: UFC 93: Franklin vs Henderson (January 17, 2009)
2026-05-04 11:55:16,477 [INFO] [652/772] Scrapeando: UFC 92: The Ultimate 2008 (December 27, 2008)
2026-05-04 11:55:18,255 [INFO] [653/772] Scrapeando: The Ultimate Fighter: Team Nogueira vs. Team Mir Finale (December 13, 2008)
2026-05-04 11:55:19,999 [INFO] [654/772] Scrapeando: UFC Fight Night - Fight for the Troops (December 10, 2008)
2026-05-04 11:55:21,871 [INFO] [655/772] Scrapeando: UFC 91: Couture vs Lesnar (November 15, 2008)
2026-05-04 11:55:23,614 [INFO] [656/772] Scrapeando: UFC 90: Silva vs Cote (October 25, 2008)
2026-05-04 11:55:25,374 [INFO] [657/772] Scrapeando: UFC 89: Bisping vs Leben (October 18, 2008)
2026-05-04 11:55:27,186 [INFO] [658/772] Scrapeando: UFC Fight Night: Diaz vs Neer (September 17, 2008)
2026-05-04 11:55:28,938 [INFO] [659/772] Scrapeando: UFC 88: Breakthrough (September 06, 2008)
2026-05-04 11:55:30,691 [INFO] [660/772] Scrapeando: UFC 87: Seek And Destroy (August 09, 2008)
2026-05-04 11:55:32,279 [INFO] [661/772] Scrapeando: UFC: Silva vs Irvin (July 19, 2008)
2026-05-04 11:55:33,884 [INFO] [662/772] Scrapeando: UFC 86: Jackson vs Griffin (July 05, 2008)
2026-05-04 11:55:35,691 [INFO] [663/772] Scrapeando: The Ultimate Fighter: Team Rampage vs Team Forrest Finale (June 21, 2008)
2026-05-04 11:55:40,590 [INFO] [664/772] Scrapeando: UFC 85: Bedlam (June 07, 2008)
2026-05-04 11:55:42,169 [INFO] [665/772] Scrapeando: UFC 84: Ill Will (May 24, 2008)
2026-05-04 11:55:43,877 [INFO] [666/772] Scrapeando: UFC 83: Serra vs St-Pierre 2 (April 19, 2008)
2026-05-04 11:55:45,474 [INFO] [667/772] Scrapeando: UFC Fight Night: Florian vs Lauzon (April 02, 2008)
2026-05-04 11:55:47,067 [INFO] [668/772] Scrapeando: UFC 82: Pride of a Champion (March 01, 2008)
2026-05-04 11:55:48,655 [INFO] [669/772] Scrapeando: UFC 81: Breaking Point (February 02, 2008)
2026-05-04 11:55:50,234 [INFO] [670/772] Scrapeando: UFC Fight Night: Swick vs Burkman (January 23, 2008)
2026-05-04 11:55:51,838 [INFO] [671/772] Scrapeando: UFC 80: Rapid Fire (January 19, 2008)
2026-05-04 11:55:53,423 [INFO] [672/772] Scrapeando: UFC 79: Nemesis (December 29, 2007)
2026-05-04 11:55:55,154 [INFO] [673/772] Scrapeando: The Ultimate Fighter: Team Hughes vs. Team Serra Finale (December 08, 2007)
2026-05-04 11:55:56,730 [INFO] [674/772] Scrapeando: UFC 78: Validation (November 17, 2007)
2026-05-04 11:55:58,461 [INFO] [675/772] Scrapeando: UFC 77: Hostile Territory (October 20, 2007)
2026-05-04 11:56:00,582 [INFO] [676/772] Scrapeando: UFC 76: Knockout (September 22, 2007)
2026-05-04 11:56:04,126 [INFO] [677/772] Scrapeando: UFC Fight Night: Thomas vs Florian (September 19, 2007)
2026-05-04 11:56:05,892 [INFO] [678/772] Scrapeando: UFC 75: Champion vs Champion (September 08, 2007)
2026-05-04 11:56:07,796 [INFO] [679/772] Scrapeando: UFC 74: Respect (August 25, 2007)
2026-05-04 11:56:09,872 [INFO] [680/772] Scrapeando: UFC 73: Stacked (July 07, 2007)
2026-05-04 11:56:11,616 [INFO] [681/772] Scrapeando: The Ultimate Fighter: Team Pulver vs. Team Penn Finale (June 23, 2007)
2026-05-04 11:56:13,359 [INFO] [682/772] Scrapeando: UFC 72: Victory (June 16, 2007)
2026-05-04 11:56:15,189 [INFO] [683/772] Scrapeando: UFC Fight Night: Stout vs Fisher (June 12, 2007)
2026-05-04 11:56:16,942 [INFO] [684/772] Scrapeando: UFC 71: Liddell vs Jackson (May 26, 2007)
2026-05-04 11:56:18,747 [INFO] [685/772] Scrapeando: UFC 70: Nations Collide (April 21, 2007)
2026-05-04 11:56:20,482 [INFO] [686/772] Scrapeando: UFC 69: Shootout (April 07, 2007)
2026-05-04 11:56:22,064 [INFO] [687/772] Scrapeando: UFC Fight Night: Stevenson vs Guillard (April 05, 2007)
2026-05-04 11:56:23,810 [INFO] [688/772] Scrapeando: UFC 68: The Uprising (March 03, 2007)
2026-05-04 11:56:25,602 [INFO] [689/772] Scrapeando: UFC 67: All or Nothing (February 03, 2007)
2026-05-04 11:56:27,534 [INFO] [690/772] Scrapeando: UFC Fight Night: Evans vs Salmon (January 25, 2007)
2026-05-04 11:56:29,283 [INFO] [691/772] Scrapeando: UFC 66: Liddell vs Ortiz 2 (December 30, 2006)
2026-05-04 11:56:31,021 [INFO] [692/772] Scrapeando: UFC Fight Night: Sanchez vs Riggs (December 13, 2006)
2026-05-04 11:56:33,007 [INFO] [693/772] Scrapeando: UFC 65: Bad Intentions (November 18, 2006)
2026-05-04 11:56:35,027 [INFO] [694/772] Scrapeando: The Ultimate Fighter: The Comeback Finale (November 11, 2006)
2026-05-04 11:56:36,873 [INFO] [695/772] Scrapeando: UFC 64: Unstoppable (October 14, 2006)
2026-05-04 11:56:38,676 [INFO] [696/772] Scrapeando: Ortiz vs Shamrock 3: The Final Chapter (October 10, 2006)
2026-05-04 11:56:40,523 [INFO] [697/772] Scrapeando: UFC 63: Hughes vs Penn (September 23, 2006)
2026-05-04 11:56:42,110 [INFO] [698/772] Scrapeando: UFC 62: Liddell vs Sobral (August 26, 2006)
2026-05-04 11:56:43,866 [INFO] [699/772] Scrapeando: UFC Fight Night 6 (August 17, 2006)
2026-05-04 11:56:45,598 [INFO] [700/772] Scrapeando: UFC 61: Bitter Rivals (July 08, 2006)
2026-05-04 11:56:47,361 [INFO] [701/772] Scrapeando: UFC Fight Night 5 (June 28, 2006)
2026-05-04 11:56:49,101 [INFO] [702/772] Scrapeando: The Ultimate Fighter: Team Ortiz vs. Team Shamrock Finale (June 24, 2006)
2026-05-04 11:56:50,856 [INFO] [703/772] Scrapeando: UFC 60: Hughes vs Gracie (May 27, 2006)
2026-05-04 11:56:52,617 [INFO] [704/772] Scrapeando: UFC 59: Reality Check (April 15, 2006)
2026-05-04 11:56:54,358 [INFO] [705/772] Scrapeando: UFC Fight Night 4 (April 06, 2006)
2026-05-04 11:56:56,160 [INFO] [706/772] Scrapeando: UFC 58: USA vs Canada (March 04, 2006)
2026-05-04 11:56:57,951 [INFO] [707/772] Scrapeando: UFC 57: Liddell vs Couture 3 (February 04, 2006)
2026-05-04 11:56:59,694 [INFO] [708/772] Scrapeando: UFC Fight Night 3 (January 16, 2006)
2026-05-04 11:57:02,445 [INFO] [709/772] Scrapeando: UFC 56: Full Force (November 19, 2005)
2026-05-04 11:57:04,182 [INFO] [710/772] Scrapeando: The Ultimate Fighter: Team Hughes vs. Team Franklin Finale (November 05, 2005)
2026-05-04 11:57:05,967 [INFO] [711/772] Scrapeando: UFC 55: Fury (October 07, 2005)
2026-05-04 11:57:14,630 [INFO] [712/772] Scrapeando: UFC Fight Night 2 (October 03, 2005)
2026-05-04 11:57:16,503 [INFO] [713/772] Scrapeando: UFC 54: Boiling Point (August 20, 2005)
2026-05-04 11:57:18,249 [INFO] [714/772] Scrapeando: UFC Fight Night 1 (August 06, 2005)
2026-05-04 11:57:20,051 [INFO] [715/772] Scrapeando: UFC 53: Heavy Hitters (June 04, 2005)
2026-05-04 11:57:21,792 [INFO] [716/772] Scrapeando: UFC 52: Couture vs Liddell 2 (April 16, 2005)
2026-05-04 11:57:23,533 [INFO] [717/772] Scrapeando: The Ultimate Fighter: Team Couture vs. Team Liddell Finale (April 09, 2005)
2026-05-04 11:57:25,275 [INFO] [718/772] Scrapeando: UFC 51: Super Saturday (February 05, 2005)
2026-05-04 11:57:27,021 [INFO] [719/772] Scrapeando: UFC 50: The War Of '04 (October 22, 2004)
2026-05-04 11:57:28,749 [INFO] [720/772] Scrapeando: UFC 49: Unfinished Business (August 21, 2004)
2026-05-04 11:57:30,501 [INFO] [721/772] Scrapeando: UFC 48: Payback (June 19, 2004)
2026-05-04 11:57:32,498 [INFO] [722/772] Scrapeando: UFC 47: It's On! (April 02, 2004)
2026-05-04 11:57:34,234 [INFO] [723/772] Scrapeando: UFC 46: Supernatural (January 31, 2004)
2026-05-04 11:57:36,001 [INFO] [724/772] Scrapeando: UFC 45: Revolution (November 21, 2003)
2026-05-04 11:57:37,730 [INFO] [725/772] Scrapeando: UFC 44: Undisputed (September 26, 2003)
2026-05-04 11:57:39,473 [INFO] [726/772] Scrapeando: UFC 43: Meltdown (June 06, 2003)
2026-05-04 11:57:41,274 [INFO] [727/772] Scrapeando: UFC 42: Sudden Impact (April 25, 2003)
2026-05-04 11:57:43,014 [INFO] [728/772] Scrapeando: UFC 41: Onslaught (February 28, 2003)
2026-05-04 11:57:44,761 [INFO] [729/772] Scrapeando: UFC 40: Vendetta (November 22, 2002)
2026-05-04 11:57:46,629 [INFO] [730/772] Scrapeando: UFC 39: The Warriors Return (September 27, 2002)
2026-05-04 11:57:48,440 [INFO] [731/772] Scrapeando: UFC 38: Brawl at the Hall (July 13, 2002)
2026-05-04 11:57:50,213 [INFO] [732/772] Scrapeando: UFC 37.5: As Real As It Gets (June 22, 2002)
2026-05-04 11:57:51,950 [INFO] [733/772] Scrapeando: UFC 37: High Impact (May 10, 2002)
2026-05-04 11:57:53,714 [INFO] [734/772] Scrapeando: UFC 36: Worlds Collide (March 22, 2002)
2026-05-04 11:57:55,473 [INFO] [735/772] Scrapeando: UFC 35: Throwdown (January 11, 2002)
2026-05-04 11:57:57,230 [INFO] [736/772] Scrapeando: UFC 34: High Voltage (November 02, 2001)
2026-05-04 11:57:58,975 [INFO] [737/772] Scrapeando: UFC 33: Victory in Vegas (September 28, 2001)
2026-05-04 11:58:03,956 [INFO] [738/772] Scrapeando: UFC 32: Showdown in the Meadowlands (June 29, 2001)
2026-05-04 11:58:05,691 [INFO] [739/772] Scrapeando: UFC 31: Locked and Loaded (May 04, 2001)
2026-05-04 11:58:07,525 [INFO] [740/772] Scrapeando: UFC 30: Battle on the Boardwalk (February 23, 2001)
2026-05-04 11:58:09,345 [INFO] [741/772] Scrapeando: UFC 29: Defense of the Belts (December 16, 2000)
2026-05-04 11:58:11,084 [INFO] [742/772] Scrapeando: UFC 28: High Stakes (November 17, 2000)
2026-05-04 11:58:12,818 [INFO] [743/772] Scrapeando: UFC 27: Ultimate Bad Boyz (September 22, 2000)
2026-05-04 11:58:14,759 [INFO] [744/772] Scrapeando: UFC 26: Ultimate Field Of Dreams (June 09, 2000)
2026-05-04 11:58:16,716 [INFO] [745/772] Scrapeando: UFC 25: Ultimate Japan 3 (April 14, 2000)
2026-05-04 11:58:18,436 [INFO] [746/772] Scrapeando: UFC 24: First Defense (March 10, 2000)
2026-05-04 11:58:20,173 [INFO] [747/772] Scrapeando: UFC 23: Ultimate Japan 2 (November 19, 1999)
2026-05-04 11:58:21,909 [INFO] [748/772] Scrapeando: UFC 22: Only One Can be Champion (September 24, 1999)
2026-05-04 11:58:23,643 [INFO] [749/772] Scrapeando: UFC 21: Return of the Champions (July 16, 1999)
2026-05-04 11:58:25,366 [INFO] [750/772] Scrapeando: UFC 20: Battle for the Gold (May 07, 1999)
2026-05-04 11:58:27,456 [INFO] [751/772] Scrapeando: UFC 19: Ultimate Young Guns (March 05, 1999)
2026-05-04 11:58:29,421 [INFO] [752/772] Scrapeando: UFC 18: The Road to the Heavyweight Title (January 08, 1999)
2026-05-04 11:58:31,234 [INFO] [753/772] Scrapeando: UFC - Ultimate Brazil (October 16, 1998)
2026-05-04 11:58:33,168 [INFO] [754/772] Scrapeando: UFC 17: Redemption (May 15, 1998)
2026-05-04 11:58:35,143 [INFO] [755/772] Scrapeando: UFC 16: Battle in the Bayou (March 13, 1998)
2026-05-04 11:58:36,879 [INFO] [756/772] Scrapeando: UFC - Ultimate Japan (December 21, 1997)
2026-05-04 11:58:38,651 [INFO] [757/772] Scrapeando: UFC 15: Collision Course (October 17, 1997)
2026-05-04 11:58:40,785 [INFO] [758/772] Scrapeando: UFC 14: Showdown (July 27, 1997)
2026-05-04 11:58:42,638 [INFO] [759/772] Scrapeando: UFC 13: The Ultimate Force (May 30, 1997)
2026-05-04 11:58:44,655 [INFO] [760/772] Scrapeando: UFC 12: Judgement Day (February 07, 1997)
2026-05-04 11:58:46,391 [INFO] [761/772] Scrapeando: UFC - Ultimate Ultimate '96 (December 07, 1996)
2026-05-04 11:58:48,209 [INFO] [762/772] Scrapeando: UFC 11: The Proving Ground (September 20, 1996)
2026-05-04 11:58:50,083 [INFO] [763/772] Scrapeando: UFC 10: The Tournament (July 12, 1996)
2026-05-04 11:58:51,817 [INFO] [764/772] Scrapeando: UFC 9: Motor City Madness (May 17, 1996)
2026-05-04 11:58:53,547 [INFO] [765/772] Scrapeando: UFC 8: David vs Goliath (February 16, 1996)
2026-05-04 11:58:55,326 [INFO] [766/772] Scrapeando: UFC - Ultimate Ultimate '95 (December 16, 1995)
2026-05-04 11:58:57,123 [INFO] [767/772] Scrapeando: UFC 7: The Brawl in Buffalo (September 08, 1995)
2026-05-04 11:58:58,873 [INFO] [768/772] Scrapeando: UFC 6: Clash of the Titans (July 14, 1995)
2026-05-04 11:59:01,198 [INFO] [769/772] Scrapeando: UFC 5: The Return of the Beast (April 07, 1995)
2026-05-04 11:59:03,848 [INFO] [770/772] Scrapeando: UFC 4: Revenge of the Warriors (December 16, 1994)
2026-05-04 11:59:05,821 [INFO] [771/772] Scrapeando: UFC 3: The American Dream (September 09, 1994)
2026-05-04 11:59:07,573 [INFO] [772/772] Scrapeando: UFC 2: No Way Out (March 11, 1994)
2026-05-04 11:59:09,341 [INFO] Guardadas 412 peleas Heavyweight en fights_heavyweight.csv
2026-05-04 11:59:09,342 [INFO]   Perfil: Raulian Paiva
2026-05-04 11:59:11,253 [INFO]   Perfil: Imanol Rodriguez
2026-05-04 11:59:12,821 [INFO]   Perfil: Demetrious Johnson
2026-05-04 11:59:14,810 [INFO]   Perfil: Daniel Lacerda
2026-05-04 11:59:16,646 [INFO]   Perfil: Henry Cejudo
2026-05-04 11:59:18,422 [INFO]   Perfil: Nolan Ticman
2026-05-04 11:59:20,129 [INFO]   Perfil: Stewart Nicoll
2026-05-04 11:59:21,945 [INFO]   Perfil: Josh Ferguson
2026-05-04 11:59:23,650 [INFO]   Perfil: Chris Beal
2026-05-04 11:59:25,376 [INFO]   Perfil: Tim Elliott
2026-05-04 11:59:27,210 [INFO]   Perfil: Carlos Candelario
2026-05-04 11:59:28,954 [INFO]   Perfil: Victor Altamirano
2026-05-04 11:59:30,679 [INFO]   Perfil: Carlos Mota
2026-05-04 11:59:32,371 [INFO]   Perfil: Cody Durden
2026-05-04 11:59:34,217 [INFO]   Perfil: David Dvorak
2026-05-04 11:59:35,974 [INFO]   Perfil: Alptekin Ozkilic
2026-05-04 11:59:37,737 [INFO]   Perfil: Igor Severino
2026-05-04 11:59:39,444 [INFO]   Perfil: Jose Maria
2026-05-04 11:59:41,146 [INFO]   Perfil: Mateus Mendonca
2026-05-04 11:59:43,003 [INFO]   Perfil: Jesus Aguilar
2026-05-04 11:59:44,793 [INFO]   Perfil: JP Buys
2026-05-04 11:59:46,551 [INFO]   Perfil: Bruno Silva
2026-05-04 11:59:48,292 [INFO]   Perfil: Ramazan Temirov
2026-05-04 11:59:50,020 [INFO]   Perfil: Elias Garcia
2026-05-04 11:59:51,854 [INFO]   Perfil: Mitch Raposo
2026-05-04 11:59:53,432 [INFO]   Perfil: Carls John De Tomas
2026-05-04 11:59:55,142 [INFO]   Perfil: DongHun Choi
2026-05-04 11:59:57,017 [INFO]   Perfil: Felipe Bunes
2026-05-04 11:59:58,733 [INFO]   Perfil: SeungGuk Choi
2026-05-04 12:00:00,471 [INFO]   Perfil: Kai Kara-France
2026-05-04 12:00:02,290 [INFO]   Perfil: Dustin Ortiz
2026-05-04 12:00:04,139 [INFO]   Perfil: HyunSung Park
2026-05-04 12:00:05,893 [INFO]   Perfil: Magomed Bibulatov
2026-05-04 12:00:07,604 [INFO]   Perfil: Chico Camus
2026-05-04 12:00:14,614 [INFO]   Perfil: Neil Seery
2026-05-04 12:00:16,746 [INFO]   Perfil: Vinicius Salvador
2026-05-04 12:00:18,661 [INFO]   Perfil: Chris Kelades
2026-05-04 12:00:20,537 [INFO]   Perfil: Tyson Nam
2026-05-04 12:00:22,676 [INFO]   Perfil: Deiveson Figueiredo
2026-05-04 12:00:24,294 [INFO]   Perfil: Joseph Benavidez
2026-05-04 12:00:26,301 [INFO]   Perfil: Chris Cariaso
2026-05-04 12:00:28,161 [INFO]   Perfil: Azamat Gashimov
2026-05-04 12:00:29,876 [INFO]   Perfil: Hector Sandoval
2026-05-04 12:00:31,594 [INFO]   Perfil: John Dodson
2026-05-04 12:00:33,439 [INFO]   Perfil: Amir Albazi
2026-05-04 12:00:35,814 [INFO]   Perfil: Jafel Filho
2026-05-04 12:00:37,410 [INFO]   Perfil: Joby Sanchez
2026-05-04 12:00:39,276 [INFO]   Perfil: Joshua Van
2026-05-04 12:00:40,977 [INFO]   Perfil: Roldan Sangcha'an
2026-05-04 12:00:42,749 [INFO]   Perfil: Edgar Chairez
2026-05-04 12:00:44,333 [INFO]   Perfil: Kai Asakura
2026-05-04 12:00:45,978 [INFO]   Perfil: Sumudaerji
2026-05-04 12:00:47,652 [INFO]   Perfil: John Moraga
2026-05-04 12:00:49,457 [INFO]   Perfil: Aoriqileng
2026-05-04 12:00:51,046 [INFO]   Perfil: Muhammad Mokaev
2026-05-04 12:00:52,783 [INFO]   Perfil: Matt Schnell
2026-05-04 12:00:54,383 [INFO]   Perfil: Said Nurmagomedov
2026-05-04 12:00:56,139 [INFO]   Perfil: Alden Coria
2026-05-04 12:00:57,859 [INFO]   Perfil: Allan Nascimento
2026-05-04 12:00:59,437 [INFO]   Perfil: Asu Almabayev
2026-05-04 12:01:01,364 [INFO]   Perfil: Geane Herrera
2026-05-04 12:01:03,102 [INFO]   Perfil: Ray Borg
2026-05-04 12:01:04,817 [INFO]   Perfil: Brad Pickett
2026-05-04 12:01:06,425 [INFO]   Perfil: Rogerio Bontorin
2026-05-04 12:01:08,143 [INFO]   Perfil: Zarrukh Adashev
2026-05-04 12:01:09,865 [INFO]   Perfil: Denys Bondar
2026-05-04 12:01:11,462 [INFO]   Perfil: Matheus Nicolau
2026-05-04 12:01:13,683 [INFO]   Perfil: Cody Garbrandt
2026-05-04 12:01:15,549 [INFO]   Perfil: Jordan Espinosa
2026-05-04 12:01:17,483 [INFO]   Perfil: Jose Ochoa
2026-05-04 12:01:19,054 [INFO]   Perfil: Louis Smolka
2026-05-04 12:01:20,951 [INFO]   Perfil: Vaughan Lee
2026-05-04 12:01:22,687 [INFO]   Perfil: Juancamilo Ronderos
2026-05-04 12:01:24,386 [INFO]   Perfil: Marco Beltran
2026-05-04 12:01:26,252 [INFO]   Perfil: Zach Makovsky
2026-05-04 12:01:28,118 [INFO]   Perfil: Richie Vaculik
2026-05-04 12:01:29,835 [INFO]   Perfil: John Lineker
2026-05-04 12:01:31,729 [INFO]   Perfil: Kleydson Rodrigues
2026-05-04 12:01:33,442 [INFO]   Perfil: Jarred Brooks
2026-05-04 12:01:35,153 [INFO]   Perfil: Phil Harris
2026-05-04 12:01:36,901 [INFO]   Perfil: Zhalgas Zhumagulov
2026-05-04 12:01:38,750 [INFO]   Perfil: Alessandro Costa
2026-05-04 12:01:40,350 [INFO]   Perfil: Tatsuro Taira
2026-05-04 12:01:41,935 [INFO]   Perfil: Azat Maksum
2026-05-04 12:01:43,640 [INFO]   Perfil: Askar Askarov
2026-05-04 12:01:45,385 [INFO]   Perfil: Jerome Rivera
2026-05-04 12:01:47,271 [INFO]   Perfil: Ronaldo Rodriguez
2026-05-04 12:01:49,033 [INFO]   Perfil: Josh Sampo
2026-05-04 12:01:50,780 [INFO]   Perfil: Paddy Holohan
2026-05-04 12:01:52,353 [INFO]   Perfil: Jake Hadley
2026-05-04 12:01:54,119 [INFO]   Perfil: Scott Jorgensen
2026-05-04 12:01:55,942 [INFO]   Perfil: Yuta Sasaki
2026-05-04 12:01:57,681 [INFO]   Perfil: Steve Erceg
2026-05-04 12:01:59,267 [INFO]   Perfil: Shannon Ross
2026-05-04 12:02:00,986 [INFO]   Perfil: Jeff Molina
2026-05-04 12:02:02,747 [INFO]   Perfil: Kevin Borjas
2026-05-04 12:02:04,782 [INFO]   Perfil: Alex Perez
2026-05-04 12:02:06,850 [INFO]   Perfil: Jussier Formiga
2026-05-04 12:02:08,446 [INFO]   Perfil: Ben Nguyen
2026-05-04 12:02:10,172 [INFO]   Perfil: Ryan Benoit
2026-05-04 12:02:11,893 [INFO]   Perfil: Jimmy Flick
2026-05-04 12:02:13,607 [INFO]   Perfil: Francisco Figueiredo
2026-05-04 12:02:15,196 [INFO]   Perfil: Darrell Montague
2026-05-04 12:02:17,337 [INFO]   Perfil: Tateki Matsuda
2026-05-04 12:02:19,078 [INFO]   Perfil: Iliarde Santos
2026-05-04 12:02:20,860 [INFO]   Perfil: Willie Gates
2026-05-04 12:02:22,559 [INFO]   Perfil: Carlos Hernandez
2026-05-04 12:02:24,309 [INFO]   Perfil: Alibi Idiris
2026-05-04 12:02:26,016 [INFO]   Perfil: Lucas Rocha
2026-05-04 12:02:27,725 [INFO]   Perfil: Jose Torres
2026-05-04 12:02:29,290 [INFO]   Perfil: Joseph Morales
2026-05-04 12:02:31,142 [INFO]   Perfil: Eric Shelton
2026-05-04 12:02:33,004 [INFO]   Perfil: Rafael Estevam
2026-05-04 12:02:34,887 [INFO]   Perfil: Charles Johnson
2026-05-04 12:02:36,792 [INFO]   Perfil: Jenel Lausa
2026-05-04 12:02:38,834 [INFO]   Perfil: Ashkan Mokhtarian
2026-05-04 12:02:40,622 [INFO]   Perfil: Robert Sanchez
2026-05-04 12:02:42,352 [INFO]   Perfil: Louis Gaudinot
2026-05-04 12:02:44,053 [INFO]   Perfil: Will Campuzano
2026-05-04 12:02:45,859 [INFO]   Perfil: Jared Papazian
2026-05-04 12:02:47,591 [INFO]   Perfil: Shane Howell
2026-05-04 12:02:49,289 [INFO]   Perfil: Kyoji Horiguchi
2026-05-04 12:02:51,232 [INFO]   Perfil: Sergio Pettis
2026-05-04 12:02:53,062 [INFO]   Perfil: Wilson Reis
2026-05-04 12:02:54,825 [INFO]   Perfil: Naoki Inoue
2026-05-04 12:02:56,531 [INFO]   Perfil: Ali Bagautinov
2026-05-04 12:02:58,276 [INFO]   Perfil: Tagir Ulanbekov
2026-05-04 12:03:00,110 [INFO]   Perfil: Alexandre Pantoja
2026-05-04 12:03:06,100 [INFO]   Perfil: TJ Dillashaw
2026-05-04 12:03:08,809 [INFO]   Perfil: Ulysses Gomez
2026-05-04 12:03:10,629 [INFO]   Perfil: Justin Scoggins
2026-05-04 12:03:12,552 [INFO]   Perfil: Rei Tsuruya
2026-05-04 12:03:18,524 [INFO]   Perfil: Victor Rodriguez
2026-05-04 12:03:20,572 [INFO]   Perfil: Lone'er Kavanagh
2026-05-04 12:03:22,292 [INFO]   Perfil: Nate Maness
2026-05-04 12:03:24,056 [INFO]   Perfil: Clayton Carpenter
2026-05-04 12:03:25,820 [INFO]   Perfil: Manel Kape
2026-05-04 12:03:27,564 [INFO]   Perfil: Kiru Sahota
2026-05-04 12:03:29,360 [INFO]   Perfil: CJ Vergara
2026-05-04 12:03:31,186 [INFO]   Perfil: Andre Lima
2026-05-04 12:03:32,937 [INFO]   Perfil: Felipe dos Santos
2026-05-04 12:03:34,663 [INFO]   Perfil: Yasuhiro Urushitani
2026-05-04 12:03:36,608 [INFO]   Perfil: Bentley Syler
2026-05-04 12:03:38,374 [INFO]   Perfil: Brandon Moreno
2026-05-04 12:03:40,187 [INFO]   Perfil: Nyamjargal Tumendemberel
2026-05-04 12:03:41,899 [INFO]   Perfil: Danny Martinez
2026-05-04 12:03:43,650 [INFO]   Perfil: Ian McCall
2026-05-04 12:03:45,662 [INFO]   Perfil: Jon Delos Reyes
2026-05-04 12:03:47,365 [INFO]   Perfil: Darren Uyenoyama
2026-05-04 12:03:49,170 [INFO]   Perfil: Yao Zhikui
2026-05-04 12:03:50,906 [INFO]   Perfil: Mark De La Rosa
2026-05-04 12:03:52,636 [INFO]   Perfil: Terrance Saeteurn
2026-05-04 12:03:54,350 [INFO]   Perfil: Brandon Royval
2026-05-04 12:03:56,137 [INFO]   Perfil: Daniel Barez
2026-05-04 12:03:57,864 [INFO]   Perfil: Jose Johnson
2026-05-04 12:03:59,591 [INFO]   Perfil: Fredy Serrano
2026-05-04 12:04:02,487 [INFO]   Perfil: Ode Osbourne
2026-05-04 12:04:04,253 [INFO]   Perfil: Luis Gurule
2026-05-04 12:04:05,997 [INFO]   Perfil: Marcos Vinicius
2026-05-04 12:04:07,713 [INFO]   Perfil: Malcolm Gordon
2026-05-04 12:04:09,294 [INFO] Guardados 160 perfiles de peleadores en fighters_flyweight.json
2026-05-04 12:04:09,295 [INFO] ˇScraping completado!
