2026-05-04 11:19:40,100 [INFO] Obteniendo lista de todos los eventos...
2026-05-04 11:19:42,351 [INFO] Encontrados 772 eventos
2026-05-04 11:19:42,359 [INFO] Guardados 772 eventos en events.json
2026-05-04 11:19:42,363 [INFO] [1/772] Scrapeando: UFC Fight Night: Della Maddalena vs. Prates (May 02, 2026)
2026-05-04 11:19:46,083 [INFO] [2/772] Scrapeando: UFC Fight Night: Sterling vs. Zalal (April 25, 2026)
2026-05-04 11:19:47,713 [INFO] [3/772] Scrapeando: UFC Fight Night: Burns vs. Malott (April 18, 2026)
2026-05-04 11:19:49,325 [INFO] [4/772] Scrapeando: UFC 327: Prochazka vs. Ulberg (April 11, 2026)
2026-05-04 11:19:56,375 [INFO] [5/772] Scrapeando: UFC Fight Night: Moicano vs. Duncan (April 04, 2026)
2026-05-04 11:20:00,464 [INFO] [6/772] Scrapeando: UFC Fight Night: Adesanya vs. Pyfer (March 28, 2026)
2026-05-04 11:20:05,206 [INFO] [7/772] Scrapeando: UFC Fight Night: Evloev vs. Murphy (March 21, 2026)
2026-05-04 11:20:08,944 [INFO] [8/772] Scrapeando: UFC Fight Night: Emmett vs. Vallejos (March 14, 2026)
2026-05-04 11:20:12,634 [INFO] [9/772] Scrapeando: UFC 326: Holloway vs. Oliveira 2 (March 07, 2026)
2026-05-04 11:20:23,082 [INFO] [10/772] Scrapeando: UFC Fight Night: Moreno vs. Kavanagh (February 28, 2026)
2026-05-04 11:20:24,889 [INFO] [11/772] Scrapeando: UFC Fight Night: Strickland vs. Hernandez (February 21, 2026)
2026-05-04 11:20:26,490 [INFO] [12/772] Scrapeando: UFC Fight Night: Bautista vs. Oliveira (February 07, 2026)
2026-05-04 11:20:30,270 [INFO] [13/772] Scrapeando: UFC 325: Volkanovski vs. Lopes 2 (January 31, 2026)
2026-05-04 11:20:33,895 [INFO] [14/772] Scrapeando: UFC 324: Gaethje vs. Pimblett (January 24, 2026)
2026-05-04 11:20:37,539 [INFO] [15/772] Scrapeando: UFC Fight Night: Royval vs. Kape (December 13, 2025)
2026-05-04 11:20:39,127 [INFO] [16/772] Scrapeando: UFC 323: Dvalishvili vs. Yan 2 (December 06, 2025)
2026-05-04 11:20:44,731 [INFO] [17/772] Scrapeando: UFC Fight Night: Tsarukyan vs. Hooker (November 22, 2025)
2026-05-04 11:20:50,391 [INFO] [18/772] Scrapeando: UFC 322: Della Maddalena vs. Makhachev (November 15, 2025)
2026-05-04 11:20:52,220 [INFO] [19/772] Scrapeando: UFC Fight Night: Bonfim vs. Brown (November 08, 2025)
2026-05-04 11:20:54,013 [INFO] [20/772] Scrapeando: UFC Fight Night: Garcia vs. Onama (November 01, 2025)
2026-05-04 11:20:57,525 [INFO] [21/772] Scrapeando: UFC 321: Aspinall vs. Gane (October 25, 2025)
2026-05-04 11:21:03,818 [INFO] [22/772] Scrapeando: UFC Fight Night: De Ridder vs. Allen (October 18, 2025)
2026-05-04 11:21:05,403 [INFO] [23/772] Scrapeando: UFC Fight Night: Oliveira vs. Gamrot (October 11, 2025)
2026-05-04 11:21:07,216 [INFO] [24/772] Scrapeando: UFC 320: Ankalaev vs. Pereira 2 (October 04, 2025)
2026-05-04 11:21:12,604 [INFO] [25/772] Scrapeando: UFC Fight Night: Ulberg vs. Reyes (September 27, 2025)
2026-05-04 11:21:19,004 [INFO] [26/772] Scrapeando: UFC Fight Night: Lopes vs. Silva (September 13, 2025)
2026-05-04 11:21:20,681 [INFO] [27/772] Scrapeando: UFC Fight Night: Imavov vs. Borralho (September 06, 2025)
2026-05-04 11:21:26,423 [INFO] [28/772] Scrapeando: UFC Fight Night: Walker vs. Zhang (August 23, 2025)
2026-05-04 11:21:32,109 [INFO] [29/772] Scrapeando: UFC - Road to UFC 4.6 (August 22, 2025)
2026-05-04 11:21:33,674 [INFO] [30/772] Scrapeando: UFC 319: Du Plessis vs. Chimaev (August 16, 2025)
2026-05-04 11:21:35,258 [INFO] [31/772] Scrapeando: UFC Fight Night: Dolidze vs. Hernandez (August 09, 2025)
2026-05-04 11:21:40,870 [INFO] [32/772] Scrapeando: UFC Fight Night: Taira vs. Park (August 02, 2025)
2026-05-04 11:21:42,455 [INFO] [33/772] Scrapeando: UFC Fight Night: Whittaker vs. De Ridder (July 26, 2025)
2026-05-04 11:21:48,177 [INFO] [34/772] Scrapeando: UFC 318: Holloway vs. Poirier 3 (July 19, 2025)
2026-05-04 11:21:56,762 [INFO] [35/772] Scrapeando: UFC Fight Night: Lewis vs. Teixeira (July 12, 2025)
2026-05-04 11:22:00,355 [INFO] [36/772] Scrapeando: UFC 317: Topuria vs. Oliveira (June 28, 2025)
2026-05-04 11:22:02,802 [INFO] [37/772] Scrapeando: UFC Fight Night: Hill vs. Rountree Jr. (June 21, 2025)
2026-05-04 11:22:06,706 [INFO] [38/772] Scrapeando: UFC Fight Night: Usman vs. Buckley (June 14, 2025)
2026-05-04 11:22:12,097 [INFO] [39/772] Scrapeando: UFC 316: Dvalishvili vs. O'Malley 2 (June 07, 2025)
2026-05-04 11:22:15,851 [INFO] [40/772] Scrapeando: UFC Fight Night: Blanchfield vs. Barber (May 31, 2025)
2026-05-04 11:22:19,610 [INFO] [41/772] Scrapeando: UFC Fight Night: Burns vs. Morales (May 17, 2025)
2026-05-04 11:22:21,191 [INFO] [42/772] Scrapeando: UFC 315: Muhammad vs. Della Maddalena (May 10, 2025)
2026-05-04 11:22:26,907 [INFO] [43/772] Scrapeando: UFC Fight Night: Sandhagen vs. Figueiredo (May 03, 2025)
2026-05-04 11:22:28,507 [INFO] [44/772] Scrapeando: UFC Fight Night: Machado Garry vs. Prates (April 26, 2025)
2026-05-04 11:22:32,013 [INFO] [45/772] Scrapeando: UFC 314: Volkanovski vs. Lopes (April 12, 2025)
2026-05-04 11:22:35,705 [INFO] [46/772] Scrapeando: UFC Fight Night: Emmett vs. Murphy (April 05, 2025)
2026-05-04 11:22:37,305 [INFO] [47/772] Scrapeando: UFC Fight Night: Moreno vs. Erceg (March 29, 2025)
2026-05-04 11:22:38,886 [INFO] [48/772] Scrapeando: UFC Fight Night: Edwards vs. Brady (March 22, 2025)
2026-05-04 11:22:42,416 [INFO] [49/772] Scrapeando: UFC Fight Night: Vettori vs. Dolidze 2 (March 15, 2025)
2026-05-04 11:22:46,098 [INFO] [50/772] Scrapeando: UFC 313: Pereira vs. Ankalaev (March 08, 2025)
2026-05-04 11:22:49,829 [INFO] [51/772] Scrapeando: UFC Fight Night: Kape vs. Almabayev (March 01, 2025)
2026-05-04 11:22:51,657 [INFO] [52/772] Scrapeando: UFC Fight Night: Cejudo vs. Song (February 22, 2025)
2026-05-04 11:22:58,872 [INFO] [53/772] Scrapeando: UFC Fight Night: Cannonier vs. Rodrigues (February 15, 2025)
2026-05-04 11:23:00,458 [INFO] [54/772] Scrapeando: UFC 312: Du Plessis vs. Strickland 2 (February 08, 2025)
2026-05-04 11:23:08,140 [INFO] [55/772] Scrapeando: UFC Fight Night: Adesanya vs. Imavov (February 01, 2025)
2026-05-04 11:23:09,934 [INFO] [56/772] Scrapeando: UFC 311: Makhachev vs. Moicano (January 18, 2025)
2026-05-04 11:23:15,599 [INFO] [57/772] Scrapeando: UFC Fight Night: Dern vs. Ribas 2 (January 11, 2025)
2026-05-04 11:23:19,070 [INFO] [58/772] Scrapeando: UFC Fight Night: Covington vs. Buckley (December 14, 2024)
2026-05-04 11:23:29,398 [INFO] [59/772] Scrapeando: UFC 310: Pantoja vs. Asakura (December 07, 2024)
2026-05-04 11:23:33,112 [INFO] [60/772] Scrapeando: UFC Fight Night: Yan vs. Figueiredo (November 23, 2024)
2026-05-04 11:23:38,863 [INFO] [61/772] Scrapeando: UFC 309: Jones vs. Miocic (November 16, 2024)
2026-05-04 11:23:40,712 [INFO] [62/772] Scrapeando: UFC Fight Night: Magny vs. Prates (November 09, 2024)
2026-05-04 11:23:42,298 [INFO] [63/772] Scrapeando: UFC Fight Night: Moreno vs. Albazi (November 02, 2024)
2026-05-04 11:23:46,364 [INFO] [64/772] Scrapeando: UFC 308: Topuria vs. Holloway (October 26, 2024)
2026-05-04 11:23:51,898 [INFO] [65/772] Scrapeando: UFC Fight Night: Hernandez vs. Pereira (October 19, 2024)
2026-05-04 11:23:53,482 [INFO] [66/772] Scrapeando: UFC Fight Night: Royval vs. Taira (October 12, 2024)
2026-05-04 11:23:55,073 [INFO] [67/772] Scrapeando: UFC 307: Pereira vs. Rountree Jr. (October 05, 2024)
2026-05-04 11:24:03,713 [INFO] [68/772] Scrapeando: UFC Fight Night: Moicano vs. Saint Denis (September 28, 2024)
2026-05-04 11:24:09,543 [INFO] [69/772] Scrapeando: UFC 306: Riyadh Season Noche UFC (September 14, 2024)
2026-05-04 11:24:11,493 [INFO] [70/772] Scrapeando: UFC Fight Night: Burns vs. Brady (September 07, 2024)
2026-05-04 11:24:13,090 [INFO] [71/772] Scrapeando: UFC Fight Night: Cannonier vs. Borralho (August 24, 2024)
2026-05-04 11:24:14,672 [INFO] [72/772] Scrapeando: UFC 305: Du Plessis vs. Adesanya (August 17, 2024)
2026-05-04 11:24:16,262 [INFO] [73/772] Scrapeando: UFC Fight Night: Tybura vs. Spivac 2 (August 10, 2024)
2026-05-04 11:24:17,844 [INFO] [74/772] Scrapeando: UFC Fight Night: Sandhagen vs. Nurmagomedov (August 03, 2024)
2026-05-04 11:24:21,362 [INFO] [75/772] Scrapeando: UFC 304: Edwards vs. Muhammad 2 (July 27, 2024)
2026-05-04 11:24:25,007 [INFO] [76/772] Scrapeando: UFC Fight Night: Lemos vs. Jandiroba (July 20, 2024)
2026-05-04 11:24:26,760 [INFO] [77/772] Scrapeando: UFC Fight Night: Namajunas vs. Cortez (July 13, 2024)
2026-05-04 11:24:28,583 [INFO] [78/772] Scrapeando: UFC 303: Pereira vs. Prochazka 2 (June 29, 2024)
2026-05-04 11:24:34,614 [INFO] [79/772] Scrapeando: UFC Fight Night: Whittaker vs. Aliskerov (June 22, 2024)
2026-05-04 11:24:39,971 [INFO] [80/772] Scrapeando: UFC Fight Night: Perez vs. Taira (June 15, 2024)
2026-05-04 11:24:41,563 [INFO] [81/772] Scrapeando: UFC Fight Night: Cannonier vs. Imavov (June 08, 2024)
2026-05-04 11:24:45,141 [INFO] [82/772] Scrapeando: UFC 302: Makhachev vs. Poirier (June 01, 2024)
2026-05-04 11:24:46,720 [INFO] [83/772] Scrapeando: UFC Fight Night: Barboza vs. Murphy (May 18, 2024)
2026-05-04 11:24:50,218 [INFO] [84/772] Scrapeando: UFC Fight Night: Lewis vs. Nascimento (May 11, 2024)
2026-05-04 11:24:57,603 [INFO] [85/772] Scrapeando: UFC 301: Pantoja vs. Erceg (May 04, 2024)
2026-05-04 11:25:02,539 [INFO] [86/772] Scrapeando: UFC Fight Night: Nicolau vs. Perez (April 27, 2024)
2026-05-04 11:25:06,071 [INFO] [87/772] Scrapeando: UFC 300: Pereira vs. Hill (April 13, 2024)
2026-05-04 11:25:11,781 [INFO] [88/772] Scrapeando: UFC Fight Night: Allen vs. Curtis 2 (April 06, 2024)
2026-05-04 11:25:13,499 [INFO] [89/772] Scrapeando: UFC Fight Night: Blanchfield vs. Fiorot (March 30, 2024)
2026-05-04 11:25:17,144 [INFO] [90/772] Scrapeando: UFC Fight Night: Ribas vs. Namajunas (March 23, 2024)
2026-05-04 11:25:18,732 [INFO] [91/772] Scrapeando: UFC Fight Night: Tuivasa vs. Tybura (March 16, 2024)
2026-05-04 11:25:22,865 [INFO] [92/772] Scrapeando: UFC 299: O'Malley vs. Vera 2 (March 09, 2024)
2026-05-04 11:25:26,863 [INFO] [93/772] Scrapeando: UFC Fight Night: Rozenstruik vs. Gaziev (March 02, 2024)
2026-05-04 11:25:31,210 [INFO] [94/772] Scrapeando: UFC Fight Night: Moreno vs. Royval 2 (February 24, 2024)
2026-05-04 11:25:33,005 [INFO] [95/772] Scrapeando: UFC 298: Volkanovski vs. Topuria (February 17, 2024)
2026-05-04 11:25:37,091 [INFO] [96/772] Scrapeando: UFC Fight Night: Hermansson vs. Pyfer (February 10, 2024)
2026-05-04 11:25:42,838 [INFO] [97/772] Scrapeando: UFC Fight Night: Dolidze vs. Imavov (February 03, 2024)
2026-05-04 11:25:44,429 [INFO] [98/772] Scrapeando: UFC 297: Strickland vs. Du Plessis (January 20, 2024)
2026-05-04 11:25:46,011 [INFO] [99/772] Scrapeando: UFC Fight Night: Ankalaev vs. Walker 2 (January 13, 2024)
2026-05-04 11:25:49,493 [INFO] [100/772] Scrapeando: UFC 296: Edwards vs. Covington (December 16, 2023)
2026-05-04 11:25:53,351 [INFO] [101/772] Scrapeando: UFC Fight Night: Song vs. Gutierrez (December 09, 2023)
2026-05-04 11:25:57,086 [INFO] [102/772] Scrapeando: UFC Fight Night: Dariush vs. Tsarukyan (December 02, 2023)
2026-05-04 11:26:01,061 [INFO] [103/772] Scrapeando: UFC Fight Night: Allen vs. Craig (November 18, 2023)
2026-05-04 11:26:03,972 [INFO] [104/772] Scrapeando: UFC 295: Prochazka vs. Pereira (November 11, 2023)
2026-05-04 11:26:07,417 [INFO] [105/772] Scrapeando: UFC Fight Night: Almeida vs. Lewis (November 04, 2023)
2026-05-04 11:26:11,252 [INFO] [106/772] Scrapeando: UFC 294: Makhachev vs. Volkanovski 2 (October 21, 2023)
2026-05-04 11:26:15,444 [INFO] [107/772] Scrapeando: UFC Fight Night: Yusuff vs. Barboza (October 14, 2023)
2026-05-04 11:26:17,025 [INFO] [108/772] Scrapeando: UFC Fight Night: Dawson vs. Green (October 07, 2023)
2026-05-04 11:26:18,695 [INFO] [109/772] Scrapeando: UFC Fight Night: Fiziev vs. Gamrot (September 23, 2023)
2026-05-04 11:26:20,381 [INFO] [110/772] Scrapeando: UFC Fight Night: Grasso vs. Shevchenko 2 (September 16, 2023)
2026-05-04 11:26:25,914 [INFO] [111/772] Scrapeando: UFC 293: Adesanya vs. Strickland (September 09, 2023)
2026-05-04 11:26:32,425 [INFO] [112/772] Scrapeando: UFC Fight Night: Gane vs. Spivac (September 02, 2023)
2026-05-04 11:26:36,182 [INFO] [113/772] Scrapeando: UFC Fight Night: Holloway vs. The Korean Zombie (August 26, 2023)
2026-05-04 11:26:39,765 [INFO] [114/772] Scrapeando: UFC 292: Sterling vs. O'Malley (August 19, 2023)
2026-05-04 11:26:41,739 [INFO] [115/772] Scrapeando: UFC Fight Night: Luque vs. Dos Anjos (August 12, 2023)
2026-05-04 11:26:45,402 [INFO] [116/772] Scrapeando: UFC Fight Night: Sandhagen vs. Font (August 05, 2023)
2026-05-04 11:26:51,310 [INFO] [117/772] Scrapeando: UFC 291: Poirier vs. Gaethje 2 (July 29, 2023)
2026-05-04 11:26:54,902 [INFO] [118/772] Scrapeando: UFC Fight Night: Aspinall vs. Tybura (July 22, 2023)
2026-05-04 11:26:56,852 [INFO] [119/772] Scrapeando: UFC Fight Night: Holm vs. Bueno Silva (July 15, 2023)
2026-05-04 11:26:58,663 [INFO] [120/772] Scrapeando: UFC 290: Volkanovski vs. Rodriguez (July 08, 2023)
2026-05-04 11:27:05,973 [INFO] [121/772] Scrapeando: UFC Fight Night: Strickland vs. Magomedov (July 01, 2023)
2026-05-04 11:27:07,567 [INFO] [122/772] Scrapeando: UFC Fight Night: Emmett vs. Topuria (June 24, 2023)
2026-05-04 11:27:09,381 [INFO] [123/772] Scrapeando: UFC Fight Night: Vettori vs. Cannonier (June 17, 2023)
2026-05-04 11:27:13,353 [INFO] [124/772] Scrapeando: UFC 289: Nunes vs. Aldana (June 10, 2023)
2026-05-04 11:27:15,262 [INFO] [125/772] Scrapeando: UFC Fight Night: Kara-France vs. Albazi (June 03, 2023)
2026-05-04 11:27:19,387 [INFO] [126/772] Scrapeando: UFC Fight Night: Dern vs. Hill (May 20, 2023)
2026-05-04 11:27:21,308 [INFO] [127/772] Scrapeando: UFC Fight Night: Rozenstruik vs. Almeida (May 13, 2023)
2026-05-04 11:27:27,732 [INFO] [128/772] Scrapeando: UFC 288: Sterling vs. Cejudo (May 06, 2023)
2026-05-04 11:27:31,439 [INFO] [129/772] Scrapeando: UFC Fight Night: Song vs. Simon (April 29, 2023)
2026-05-04 11:27:33,228 [INFO] [130/772] Scrapeando: UFC Fight Night: Pavlovich vs. Blaydes (April 22, 2023)
2026-05-04 11:27:35,090 [INFO] [131/772] Scrapeando: UFC Fight Night: Holloway vs. Allen (April 15, 2023)
2026-05-04 11:27:42,886 [INFO] [132/772] Scrapeando: UFC 287: Pereira vs. Adesanya 2 (April 08, 2023)
2026-05-04 11:27:44,922 [INFO] [133/772] Scrapeando: UFC Fight Night: Vera vs. Sandhagen (March 25, 2023)
2026-05-04 11:27:46,738 [INFO] [134/772] Scrapeando: UFC 286: Edwards vs. Usman 3 (March 18, 2023)
2026-05-04 11:27:48,331 [INFO] [135/772] Scrapeando: UFC Fight Night: Yan vs. Dvalishvili (March 11, 2023)
2026-05-04 11:27:57,677 [INFO] [136/772] Scrapeando: UFC 285: Jones vs. Gane (March 04, 2023)
2026-05-04 11:27:59,467 [INFO] [137/772] Scrapeando: UFC Fight Night: Muniz vs. Allen (February 25, 2023)
2026-05-04 11:28:04,175 [INFO] [138/772] Scrapeando: UFC Fight Night: Andrade vs. Blanchfield (February 18, 2023)
2026-05-04 11:28:11,838 [INFO] [139/772] Scrapeando: UFC 284: Makhachev vs. Volkanovski (February 11, 2023)
2026-05-04 11:28:17,818 [INFO] [140/772] Scrapeando: UFC Fight Night: Lewis vs. Spivac (February 04, 2023)
2026-05-04 11:28:21,560 [INFO] [141/772] Scrapeando: UFC 283: Teixeira vs. Hill (January 21, 2023)
2026-05-04 11:28:29,646 [INFO] [142/772] Scrapeando: UFC Fight Night: Strickland vs. Imavov (January 14, 2023)
2026-05-04 11:28:33,096 [INFO] [143/772] Scrapeando: UFC Fight Night: Cannonier vs. Strickland (December 17, 2022)
2026-05-04 11:28:34,838 [INFO] [144/772] Scrapeando: UFC 282: Blachowicz vs. Ankalaev (December 10, 2022)
2026-05-04 11:28:38,572 [INFO] [145/772] Scrapeando: UFC Fight Night: Thompson vs. Holland (December 03, 2022)
2026-05-04 11:28:40,156 [INFO] [146/772] Scrapeando: UFC Fight Night: Nzechukwu vs. Cutelaba (November 19, 2022)
2026-05-04 11:28:43,742 [INFO] [147/772] Scrapeando: UFC 281: Adesanya vs. Pereira (November 12, 2022)
2026-05-04 11:28:49,100 [INFO] [148/772] Scrapeando: UFC Fight Night: Rodriguez vs. Lemos (November 05, 2022)
2026-05-04 11:28:50,678 [INFO] [149/772] Scrapeando: UFC Fight Night: Kattar vs. Allen (October 29, 2022)
2026-05-04 11:28:54,736 [INFO] [150/772] Scrapeando: UFC 280: Oliveira vs. Makhachev (October 22, 2022)
2026-05-04 11:28:58,084 [INFO] [151/772] Scrapeando: UFC Fight Night: Grasso vs. Araujo (October 15, 2022)
2026-05-04 11:29:03,140 [INFO] [152/772] Scrapeando: UFC Fight Night: Dern vs. Yan (October 01, 2022)
2026-05-04 11:29:04,727 [INFO] [153/772] Scrapeando: UFC Fight Night: Sandhagen vs. Song (September 17, 2022)
2026-05-04 11:29:06,319 [INFO] [154/772] Scrapeando: UFC 279: Diaz vs. Ferguson (September 10, 2022)
2026-05-04 11:29:09,639 [INFO] [155/772] Scrapeando: UFC Fight Night: Gane vs. Tuivasa (September 03, 2022)
2026-05-04 11:29:11,223 [INFO] [156/772] Scrapeando: UFC 278: Usman vs. Edwards (August 20, 2022)
2026-05-04 11:29:15,079 [INFO] [157/772] Scrapeando: UFC Fight Night: Vera vs. Cruz (August 13, 2022)
2026-05-04 11:29:18,921 [INFO] [158/772] Scrapeando: UFC Fight Night: Santos vs. Hill (August 06, 2022)
2026-05-04 11:29:22,465 [INFO] [159/772] Scrapeando: UFC 277: Pena vs. Nunes 2 (July 30, 2022)
2026-05-04 11:29:27,206 [INFO] [160/772] Scrapeando: UFC Fight Night: Blaydes vs. Aspinall (July 23, 2022)
2026-05-04 11:29:34,747 [INFO] [161/772] Scrapeando: UFC Fight Night: Ortega vs. Rodriguez (July 16, 2022)
2026-05-04 11:29:38,184 [INFO] [162/772] Scrapeando: UFC Fight Night: Dos Anjos vs. Fiziev (July 09, 2022)
2026-05-04 11:29:41,733 [INFO] [163/772] Scrapeando: UFC 276: Adesanya vs. Cannonier (July 02, 2022)
2026-05-04 11:29:43,317 [INFO] [164/772] Scrapeando: UFC Fight Night: Tsarukyan vs. Gamrot (June 25, 2022)
2026-05-04 11:29:46,640 [INFO] [165/772] Scrapeando: UFC Fight Night: Kattar vs. Emmett (June 18, 2022)
2026-05-04 11:29:48,226 [INFO] [166/772] Scrapeando: UFC 275: Teixeira vs. Prochazka (June 11, 2022)
2026-05-04 11:29:51,725 [INFO] [167/772] Scrapeando: UFC Fight Night: Volkov vs. Rozenstruik (June 04, 2022)
2026-05-04 11:29:55,321 [INFO] [168/772] Scrapeando: UFC Fight Night: Holm vs. Vieira (May 21, 2022)
2026-05-04 11:29:56,901 [INFO] [169/772] Scrapeando: UFC Fight Night: Blachowicz vs. Rakic (May 14, 2022)
2026-05-04 11:30:05,023 [INFO] [170/772] Scrapeando: UFC 274: Oliveira vs. Gaethje (May 07, 2022)
2026-05-04 11:30:08,908 [INFO] [171/772] Scrapeando: UFC Fight Night: Font vs. Vera (April 30, 2022)
2026-05-04 11:30:10,669 [INFO] [172/772] Scrapeando: UFC Fight Night: Lemos vs. Andrade (April 23, 2022)
2026-05-04 11:30:16,412 [INFO] [173/772] Scrapeando: UFC Fight Night: Luque vs. Muhammad (April 16, 2022)
2026-05-04 11:30:18,298 [INFO] [174/772] Scrapeando: UFC 273: Volkanovski vs. The Korean Zombie (April 09, 2022)
2026-05-04 11:30:19,933 [INFO] [175/772] Scrapeando: UFC Fight Night: Blaydes vs. Daukaus (March 26, 2022)
2026-05-04 11:30:21,696 [INFO] [176/772] Scrapeando: UFC Fight Night: Volkov vs. Aspinall (March 19, 2022)
2026-05-04 11:30:25,237 [INFO] [177/772] Scrapeando: UFC Fight Night: Santos vs. Ankalaev (March 12, 2022)
2026-05-04 11:30:33,561 [INFO] [178/772] Scrapeando: UFC 272: Covington vs. Masvidal (March 05, 2022)
2026-05-04 11:30:39,104 [INFO] [179/772] Scrapeando: UFC Fight Night: Makhachev vs. Green (February 26, 2022)
2026-05-04 11:30:40,686 [INFO] [180/772] Scrapeando: UFC Fight Night: Walker vs. Hill (February 19, 2022)
2026-05-04 11:30:44,310 [INFO] [181/772] Scrapeando: UFC 271: Adesanya vs. Whittaker 2 (February 12, 2022)
2026-05-04 11:30:47,811 [INFO] [182/772] Scrapeando: UFC Fight Night: Hermansson vs. Strickland (February 05, 2022)
2026-05-04 11:30:53,459 [INFO] [183/772] Scrapeando: UFC 270: Ngannou vs. Gane (January 22, 2022)
2026-05-04 11:30:55,042 [INFO] [184/772] Scrapeando: UFC Fight Night: Kattar vs. Chikadze (January 15, 2022)
2026-05-04 11:30:56,638 [INFO] [185/772] Scrapeando: UFC Fight Night: Lewis vs. Daukaus (December 18, 2021)
2026-05-04 11:30:58,478 [INFO] [186/772] Scrapeando: UFC 269: Oliveira vs. Poirier (December 11, 2021)
2026-05-04 11:31:00,569 [INFO] [187/772] Scrapeando: UFC Fight Night: Font vs. Aldo (December 04, 2021)
2026-05-04 11:31:07,994 [INFO] [188/772] Scrapeando: UFC Fight Night: Vieira vs. Tate (November 20, 2021)
2026-05-04 11:31:09,804 [INFO] [189/772] Scrapeando: UFC Fight Night: Holloway vs. Rodriguez (November 13, 2021)
2026-05-04 11:31:13,456 [INFO] [190/772] Scrapeando: UFC 268: Usman vs. Covington 2 (November 06, 2021)
2026-05-04 11:31:17,275 [INFO] [191/772] Scrapeando: UFC 267: Blachowicz vs. Teixeira (October 30, 2021)
2026-05-04 11:31:25,027 [INFO] [192/772] Scrapeando: UFC Fight Night: Costa vs. Vettori (October 23, 2021)
2026-05-04 11:31:31,142 [INFO] [193/772] Scrapeando: UFC Fight Night: Ladd vs. Dumont (October 16, 2021)
2026-05-04 11:31:33,296 [INFO] [194/772] Scrapeando: UFC Fight Night: Dern vs. Rodriguez (October 09, 2021)
2026-05-04 11:31:34,878 [INFO] [195/772] Scrapeando: UFC Fight Night: Santos vs. Walker (October 02, 2021)
2026-05-04 11:31:38,499 [INFO] [196/772] Scrapeando: UFC 266: Volkanovski vs. Ortega (September 25, 2021)
2026-05-04 11:31:40,088 [INFO] [197/772] Scrapeando: UFC Fight Night: Smith vs. Spann (September 18, 2021)
2026-05-04 11:31:47,879 [INFO] [198/772] Scrapeando: UFC Fight Night: Brunson vs. Till (September 04, 2021)
2026-05-04 11:31:51,584 [INFO] [199/772] Scrapeando: UFC Fight Night: Barboza vs. Chikadze (August 28, 2021)
2026-05-04 11:31:55,535 [INFO] [200/772] Scrapeando: UFC Fight Night: Cannonier vs. Gastelum (August 21, 2021)
2026-05-04 11:31:59,501 [INFO] [201/772] Scrapeando: UFC 265: Lewis vs. Gane (August 07, 2021)
2026-05-04 11:32:05,441 [INFO] [202/772] Scrapeando: UFC Fight Night: Hall vs. Strickland (July 31, 2021)
2026-05-04 11:32:07,035 [INFO] [203/772] Scrapeando: UFC Fight Night: Sandhagen vs. Dillashaw (July 24, 2021)
2026-05-04 11:32:08,613 [INFO] [204/772] Scrapeando: UFC Fight Night: Makhachev vs. Moises (July 17, 2021)
2026-05-04 11:32:10,202 [INFO] [205/772] Scrapeando: UFC 264: Poirier vs. McGregor 3 (July 10, 2021)
2026-05-04 11:32:11,786 [INFO] [206/772] Scrapeando: UFC Fight Night: Gane vs. Volkov (June 26, 2021)
2026-05-04 11:32:17,415 [INFO] [207/772] Scrapeando: UFC Fight Night: Jung vs. Ige (June 19, 2021)
2026-05-04 11:32:21,048 [INFO] [208/772] Scrapeando: UFC 263: Adesanya vs. Vettori 2 (June 12, 2021)
2026-05-04 11:32:26,739 [INFO] [209/772] Scrapeando: UFC Fight Night: Rozenstruik vs. Sakai (June 05, 2021)
2026-05-04 11:32:28,332 [INFO] [210/772] Scrapeando: UFC Fight Night: Font vs. Garbrandt (May 22, 2021)
2026-05-04 11:32:30,045 [INFO] [211/772] Scrapeando: UFC 262: Oliveira vs. Chandler (May 15, 2021)
2026-05-04 11:32:39,614 [INFO] [212/772] Scrapeando: UFC Fight Night: Rodriguez vs. Waterson (May 08, 2021)
2026-05-04 11:32:41,199 [INFO] [213/772] Scrapeando: UFC Fight Night: Reyes vs. Prochazka (May 01, 2021)
2026-05-04 11:32:46,914 [INFO] [214/772] Scrapeando: UFC 261: Usman vs. Masvidal 2 (April 24, 2021)
2026-05-04 11:32:50,592 [INFO] [215/772] Scrapeando: UFC Fight Night: Whittaker vs. Gastelum (April 17, 2021)
2026-05-04 11:32:52,169 [INFO] [216/772] Scrapeando: UFC Fight Night: Vettori vs. Holland (April 10, 2021)
2026-05-04 11:32:55,820 [INFO] [217/772] Scrapeando: UFC 260: Miocic vs. Ngannou (March 27, 2021)
2026-05-04 11:33:03,354 [INFO] [218/772] Scrapeando: UFC Fight Night: Brunson vs. Holland (March 20, 2021)
2026-05-04 11:33:04,939 [INFO] [219/772] Scrapeando: UFC Fight Night: Edwards vs. Muhammad (March 13, 2021)
2026-05-04 11:33:08,556 [INFO] [220/772] Scrapeando: UFC 259: Blachowicz vs. Adesanya (March 06, 2021)
2026-05-04 11:33:17,559 [INFO] [221/772] Scrapeando: UFC Fight Night: Rozenstruik vs. Gane (February 27, 2021)
2026-05-04 11:33:23,152 [INFO] [222/772] Scrapeando: UFC Fight Night: Blaydes vs. Lewis (February 20, 2021)
2026-05-04 11:33:24,773 [INFO] [223/772] Scrapeando: UFC 258: Usman vs. Burns (February 13, 2021)
2026-05-04 11:33:26,355 [INFO] [224/772] Scrapeando: UFC Fight Night: Overeem vs. Volkov (February 06, 2021)
2026-05-04 11:33:29,987 [INFO] [225/772] Scrapeando: UFC 257: Poirier vs. McGregor (January 23, 2021)
2026-05-04 11:33:33,597 [INFO] [226/772] Scrapeando: UFC Fight Night: Chiesa vs. Magny (January 20, 2021)
2026-05-04 11:33:37,267 [INFO] [227/772] Scrapeando: UFC Fight Night: Holloway vs. Kattar (January 16, 2021)
2026-05-04 11:33:38,854 [INFO] [228/772] Scrapeando: UFC Fight Night: Thompson vs. Neal (December 19, 2020)
2026-05-04 11:33:40,441 [INFO] [229/772] Scrapeando: UFC 256: Figueiredo vs. Moreno (December 12, 2020)
2026-05-04 11:33:42,073 [INFO] [230/772] Scrapeando: UFC Fight Night: Hermansson vs. Vettori (December 05, 2020)
2026-05-04 11:33:47,649 [INFO] [231/772] Scrapeando: UFC Fight Night: Smith vs. Clark (November 28, 2020)
2026-05-04 11:33:51,355 [INFO] [232/772] Scrapeando: UFC 255: Figueiredo vs. Perez (November 21, 2020)
2026-05-04 11:33:55,167 [INFO] [233/772] Scrapeando: UFC Fight Night: Felder vs. Dos Anjos (November 14, 2020)
2026-05-04 11:33:56,748 [INFO] [234/772] Scrapeando: UFC Fight Night: Santos vs. Teixeira (November 07, 2020)
2026-05-04 11:34:00,175 [INFO] [235/772] Scrapeando: UFC Fight Night: Hall vs. Silva (October 31, 2020)
2026-05-04 11:34:08,905 [INFO] [236/772] Scrapeando: UFC 254: Khabib vs. Gaethje (October 24, 2020)
2026-05-04 11:34:15,895 [INFO] [237/772] Scrapeando: UFC Fight Night: Ortega vs. The Korean Zombie (October 17, 2020)
2026-05-04 11:34:21,413 [INFO] [238/772] Scrapeando: UFC Fight Night: Moraes vs. Sandhagen (October 10, 2020)
2026-05-04 11:34:23,109 [INFO] [239/772] Scrapeando: UFC Fight Night: Holm vs. Aldana (October 03, 2020)
2026-05-04 11:34:24,693 [INFO] [240/772] Scrapeando: UFC 253: Adesanya vs. Costa (September 26, 2020)
2026-05-04 11:34:32,777 [INFO] [241/772] Scrapeando: UFC Fight Night: Covington vs. Woodley (September 19, 2020)
2026-05-04 11:34:36,256 [INFO] [242/772] Scrapeando: UFC Fight Night: Waterson vs. Hill (September 12, 2020)
2026-05-04 11:34:39,764 [INFO] [243/772] Scrapeando: UFC Fight Night: Overeem vs. Sakai (September 05, 2020)
2026-05-04 11:34:43,253 [INFO] [244/772] Scrapeando: UFC Fight Night: Smith vs. Rakic (August 29, 2020)
2026-05-04 11:34:46,805 [INFO] [245/772] Scrapeando: UFC Fight Night: Munhoz vs. Edgar (August 22, 2020)
2026-05-04 11:34:52,216 [INFO] [246/772] Scrapeando: UFC 252: Miocic vs. Cormier 3 (August 15, 2020)
2026-05-04 11:34:53,812 [INFO] [247/772] Scrapeando: UFC Fight Night: Lewis vs. Oleinik (August 08, 2020)
2026-05-04 11:34:55,396 [INFO] [248/772] Scrapeando: UFC Fight Night: Brunson vs. Shahbazyan (August 01, 2020)
2026-05-04 11:34:56,980 [INFO] [249/772] Scrapeando: UFC Fight Night: Whittaker vs. Till (July 25, 2020)
2026-05-04 11:35:06,383 [INFO] [250/772] Scrapeando: UFC Fight Night: Figueiredo vs. Benavidez 2 (July 18, 2020)
2026-05-04 11:35:09,859 [INFO] [251/772] Scrapeando: UFC Fight Night: Kattar vs. Ige (July 15, 2020)
2026-05-04 11:35:13,321 [INFO] [252/772] Scrapeando: UFC 251: Usman vs. Masvidal (July 11, 2020)
2026-05-04 11:35:17,083 [INFO] [253/772] Scrapeando: UFC Fight Night: Poirier vs. Hooker (June 27, 2020)
2026-05-04 11:35:18,672 [INFO] [254/772] Scrapeando: UFC Fight Night: Blaydes vs. Volkov (June 20, 2020)
2026-05-04 11:35:20,262 [INFO] [255/772] Scrapeando: UFC Fight Night: Eye vs. Calvillo (June 13, 2020)
2026-05-04 11:35:21,851 [INFO] [256/772] Scrapeando: UFC 250: Nunes vs. Spencer (June 06, 2020)
2026-05-04 11:35:25,340 [INFO] [257/772] Scrapeando: UFC Fight Night: Woodley vs. Burns (May 30, 2020)
2026-05-04 11:35:30,389 [INFO] [258/772] Scrapeando: UFC Fight Night: Overeem vs. Harris (May 16, 2020)
2026-05-04 11:35:31,978 [INFO] [259/772] Scrapeando: UFC Fight Night: Smith vs. Teixeira (May 13, 2020)
2026-05-04 11:35:35,719 [INFO] [260/772] Scrapeando: UFC 249: Ferguson vs. Gaethje (May 09, 2020)
2026-05-04 11:35:39,444 [INFO] [261/772] Scrapeando: UFC Fight Night: Lee vs. Oliveira (March 14, 2020)
2026-05-04 11:35:43,239 [INFO] [262/772] Scrapeando: UFC 248: Adesanya vs. Romero (March 07, 2020)
2026-05-04 11:35:45,023 [INFO] [263/772] Scrapeando: UFC Fight Night: Benavidez vs. Figueiredo (February 29, 2020)
2026-05-04 11:35:48,646 [INFO] [264/772] Scrapeando: UFC Fight Night: Felder vs. Hooker (February 22, 2020)
2026-05-04 11:35:52,291 [INFO] [265/772] Scrapeando: UFC Fight Night: Anderson vs. Blachowicz (February 15, 2020)
2026-05-04 11:35:57,724 [INFO] [266/772] Scrapeando: UFC 247: Jones vs. Reyes (February 08, 2020)
2026-05-04 11:36:03,416 [INFO] [267/772] Scrapeando: UFC Fight Night: Blaydes vs. Dos Santos (January 25, 2020)
2026-05-04 11:36:07,154 [INFO] [268/772] Scrapeando: UFC 246: McGregor vs. Cowboy (January 18, 2020)
2026-05-04 11:36:10,867 [INFO] [269/772] Scrapeando: UFC Fight Night: Edgar vs. The Korean Zombie (December 21, 2019)
2026-05-04 11:36:16,364 [INFO] [270/772] Scrapeando: UFC 245: Usman vs. Covington (December 14, 2019)
2026-05-04 11:36:18,072 [INFO] [271/772] Scrapeando: UFC Fight Night: Overeem vs. Rozenstruik (December 07, 2019)
2026-05-04 11:36:19,663 [INFO] [272/772] Scrapeando: UFC Fight Night: Blachowicz vs. Jacare (November 16, 2019)
2026-05-04 11:36:25,438 [INFO] [273/772] Scrapeando: UFC Fight Night: Zabit vs. Kattar (November 09, 2019)
2026-05-04 11:36:32,864 [INFO] [274/772] Scrapeando: UFC 244: Masvidal vs. Diaz (November 02, 2019)
2026-05-04 11:36:36,649 [INFO] [275/772] Scrapeando: UFC Fight Night: Maia vs. Askren (October 26, 2019)
2026-05-04 11:36:38,247 [INFO] [276/772] Scrapeando: UFC Fight Night: Reyes vs. Weidman (October 18, 2019)
2026-05-04 11:36:41,554 [INFO] [277/772] Scrapeando: UFC Fight Night: Joanna vs. Waterson (October 12, 2019)
2026-05-04 11:36:45,482 [INFO] [278/772] Scrapeando: UFC 243: Whittaker vs. Adesanya (October 05, 2019)
2026-05-04 11:36:47,069 [INFO] [279/772] Scrapeando: UFC Fight Night: Hermansson vs. Cannonier (September 28, 2019)
2026-05-04 11:36:53,001 [INFO] [280/772] Scrapeando: UFC Fight Night: Rodriguez vs. Stephens (September 21, 2019)
2026-05-04 11:36:56,556 [INFO] [281/772] Scrapeando: UFC Fight Night: Cowboy vs. Gaethje (September 14, 2019)
2026-05-04 11:37:04,724 [INFO] [282/772] Scrapeando: UFC 242: Khabib vs. Poirier (September 07, 2019)
2026-05-04 11:37:06,315 [INFO] [283/772] Scrapeando: UFC Fight Night: Andrade vs. Zhang (August 31, 2019)
2026-05-04 11:37:09,684 [INFO] [284/772] Scrapeando: UFC 241: Cormier vs. Miocic 2 (August 17, 2019)
2026-05-04 11:37:11,266 [INFO] [285/772] Scrapeando: UFC Fight Night: Shevchenko vs. Carmouche 2 (August 10, 2019)
2026-05-04 11:37:14,858 [INFO] [286/772] Scrapeando: UFC Fight Night: Covington vs. Lawler (August 03, 2019)
2026-05-04 11:37:19,446 [INFO] [287/772] Scrapeando: UFC 240: Holloway vs. Edgar (July 27, 2019)
2026-05-04 11:37:21,028 [INFO] [288/772] Scrapeando: UFC Fight Night: Dos Anjos vs. Edwards (July 20, 2019)
2026-05-04 11:37:24,696 [INFO] [289/772] Scrapeando: UFC Fight Night: De Randamie vs. Ladd (July 13, 2019)
2026-05-04 11:37:28,302 [INFO] [290/772] Scrapeando: UFC 239: Jones vs. Santos (July 06, 2019)
2026-05-04 11:37:33,909 [INFO] [291/772] Scrapeando: UFC Fight Night: Ngannou vs. Dos Santos (June 29, 2019)
2026-05-04 11:37:41,432 [INFO] [292/772] Scrapeando: UFC Fight Night: Moicano vs. The Korean Zombie (June 22, 2019)
2026-05-04 11:37:43,227 [INFO] [293/772] Scrapeando: UFC 238: Cejudo vs. Moraes (June 08, 2019)
2026-05-04 11:37:45,242 [INFO] [294/772] Scrapeando: UFC Fight Night: Gustafsson vs. Smith (June 01, 2019)
2026-05-04 11:37:53,087 [INFO] [295/772] Scrapeando: UFC Fight Night: Dos Anjos vs. Lee (May 18, 2019)
2026-05-04 11:37:56,831 [INFO] [296/772] Scrapeando: UFC 237: Namajunas vs. Andrade (May 11, 2019)
2026-05-04 11:38:01,515 [INFO] [297/772] Scrapeando: UFC Fight Night: Iaquinta vs. Cowboy (May 04, 2019)
2026-05-04 11:38:03,465 [INFO] [298/772] Scrapeando: UFC Fight Night: Jacare vs. Hermansson (April 27, 2019)
2026-05-04 11:38:07,773 [INFO] [299/772] Scrapeando: UFC Fight Night: Overeem vs. Oleinik (April 20, 2019)
2026-05-04 11:38:11,736 [INFO] [300/772] Scrapeando: UFC 236: Holloway vs. Poirier 2 (April 13, 2019)
2026-05-04 11:38:17,573 [INFO] [301/772] Scrapeando: UFC Fight Night: Barboza vs. Gaethje (March 30, 2019)
2026-05-04 11:38:21,504 [INFO] [302/772] Scrapeando: UFC Fight Night: Thompson vs. Pettis (March 23, 2019)
2026-05-04 11:38:23,256 [INFO] [303/772] Scrapeando: UFC Fight Night: Till vs. Masvidal (March 16, 2019)
2026-05-04 11:38:29,505 [INFO] [304/772] Scrapeando: UFC Fight Night: Lewis vs. Dos Santos (March 09, 2019)
2026-05-04 11:38:31,318 [INFO] [305/772] Scrapeando: UFC 235: Jones vs. Smith (March 02, 2019)
2026-05-04 11:38:37,382 [INFO] [306/772] Scrapeando: UFC Fight Night: Blachowicz vs. Santos (February 23, 2019)
2026-05-04 11:38:47,762 [INFO] [307/772] Scrapeando: UFC Fight Night: Ngannou vs. Velasquez (February 17, 2019)
2026-05-04 11:38:49,575 [INFO] [308/772] Scrapeando: UFC 234: Adesanya vs. Silva (February 09, 2019)
2026-05-04 11:38:53,456 [INFO] [309/772] Scrapeando: UFC Fight Night: Assuncao vs. Moraes 2 (February 02, 2019)
2026-05-04 11:38:58,651 [INFO] [310/772] Scrapeando: UFC Fight Night: Cejudo vs. Dillashaw (January 19, 2019)
2026-05-04 11:39:06,581 [INFO] [311/772] Scrapeando: UFC 232: Jones vs. Gustafsson 2 (December 29, 2018)
2026-05-04 11:39:11,834 [INFO] [312/772] Scrapeando: UFC Fight Night: Lee vs. Iaquinta (December 15, 2018)
2026-05-04 11:39:15,546 [INFO] [313/772] Scrapeando: UFC 231: Holloway vs. Ortega (December 08, 2018)
2026-05-04 11:39:21,410 [INFO] [314/772] Scrapeando: UFC Fight Night: Dos Santos vs. Tuivasa (December 01, 2018)
2026-05-04 11:39:26,774 [INFO] [315/772] Scrapeando: The Ultimate Fighter: Heavy Hitters Finale (November 30, 2018)
2026-05-04 11:39:28,365 [INFO] [316/772] Scrapeando: UFC Fight Night: Blaydes vs. Ngannou 2 (November 24, 2018)
2026-05-04 11:39:32,380 [INFO] [317/772] Scrapeando: UFC Fight Night: Magny vs. Ponzinibbio (November 17, 2018)
2026-05-04 11:39:36,121 [INFO] [318/772] Scrapeando: UFC Fight Night: Korean Zombie vs. Rodriguez (November 10, 2018)
2026-05-04 11:39:38,094 [INFO] [319/772] Scrapeando: UFC 230: Cormier vs. Lewis (November 03, 2018)
2026-05-04 11:39:40,007 [INFO] [320/772] Scrapeando: UFC Fight Night: Oezdemir vs. Smith (October 27, 2018)
2026-05-04 11:39:47,743 [INFO] [321/772] Scrapeando: UFC 229: Khabib vs. McGregor (October 06, 2018)
2026-05-04 11:39:51,224 [INFO] [322/772] Scrapeando: UFC Fight Night: Marreta vs. Anders (September 22, 2018)
2026-05-04 11:39:59,084 [INFO] [323/772] Scrapeando: UFC Fight Night: Hunt vs. Oleinik (September 15, 2018)
2026-05-04 11:40:06,004 [INFO] [324/772] Scrapeando: UFC 228: Woodley vs. Till (September 08, 2018)
2026-05-04 11:40:07,611 [INFO] [325/772] Scrapeando: UFC Fight Night: Gaethje vs. Vick (August 25, 2018)
2026-05-04 11:40:09,221 [INFO] [326/772] Scrapeando: UFC 227: Dillashaw vs. Garbrandt 2 (August 04, 2018)
2026-05-04 11:40:10,811 [INFO] [327/772] Scrapeando: UFC Fight Night: Alvarez vs. Poirier 2 (July 28, 2018)
2026-05-04 11:40:14,695 [INFO] [328/772] Scrapeando: UFC Fight Night: Shogun vs. Smith (July 22, 2018)
2026-05-04 11:40:28,942 [INFO] [329/772] Scrapeando: UFC Fight Night: Dos Santos vs. Ivanov (July 14, 2018)
2026-05-04 11:40:30,534 [INFO] [330/772] Scrapeando: UFC 226: Miocic vs. Cormier (July 07, 2018)
2026-05-04 11:40:34,052 [INFO] [331/772] Scrapeando: The Ultimate Fighter: Undefeated Finale (July 06, 2018)
2026-05-04 11:40:35,645 [INFO] [332/772] Scrapeando: UFC Fight Night: Cowboy vs. Edwards (June 23, 2018)
2026-05-04 11:40:39,150 [INFO] [333/772] Scrapeando: UFC 225: Whittaker vs. Romero 2 (June 09, 2018)
2026-05-04 11:40:42,673 [INFO] [334/772] Scrapeando: UFC Fight Night: Rivera vs. Moraes (June 01, 2018)
2026-05-04 11:40:45,998 [INFO] [335/772] Scrapeando: UFC Fight Night: Thompson vs. Till (May 27, 2018)
2026-05-04 11:40:47,594 [INFO] [336/772] Scrapeando: UFC Fight Night: Maia vs. Usman (May 19, 2018)
2026-05-04 11:40:51,224 [INFO] [337/772] Scrapeando: UFC 224: Nunes vs. Pennington (May 12, 2018)
2026-05-04 11:40:52,816 [INFO] [338/772] Scrapeando: UFC Fight Night: Barboza vs. Lee (April 21, 2018)
2026-05-04 11:40:56,302 [INFO] [339/772] Scrapeando: UFC Fight Night: Poirier vs. Gaethje (April 14, 2018)
2026-05-04 11:40:57,898 [INFO] [340/772] Scrapeando: UFC 223: Khabib vs. Iaquinta (April 07, 2018)
2026-05-04 11:41:03,018 [INFO] [341/772] Scrapeando: UFC Fight Night: Werdum vs. Volkov (March 17, 2018)
2026-05-04 11:41:08,798 [INFO] [342/772] Scrapeando: UFC 222: Cyborg vs. Kunitskaya (March 03, 2018)
2026-05-04 11:41:12,349 [INFO] [343/772] Scrapeando: UFC Fight Night: Emmett vs. Stephens (February 24, 2018)
2026-05-04 11:41:18,062 [INFO] [344/772] Scrapeando: UFC Fight Night: Cerrone vs. Medeiros (February 18, 2018)
2026-05-04 11:41:19,648 [INFO] [345/772] Scrapeando: UFC 221: Romero vs. Rockhold (February 10, 2018)
2026-05-04 11:41:22,978 [INFO] [346/772] Scrapeando: UFC Fight Night: Machida vs. Anders (February 03, 2018)
2026-05-04 11:41:24,569 [INFO] [347/772] Scrapeando: UFC Fight Night: Jacare vs. Brunson 2 (January 27, 2018)
2026-05-04 11:41:26,337 [INFO] [348/772] Scrapeando: UFC 220: Miocic vs. Ngannou (January 20, 2018)
2026-05-04 11:41:31,715 [INFO] [349/772] Scrapeando: UFC Fight Night: Stephens vs. Choi (January 14, 2018)
2026-05-04 11:41:33,302 [INFO] [350/772] Scrapeando: UFC 219: Cyborg vs. Holm (December 30, 2017)
2026-05-04 11:41:37,125 [INFO] [351/772] Scrapeando: UFC Fight Night: Lawler vs. Dos Anjos (December 16, 2017)
2026-05-04 11:41:42,576 [INFO] [352/772] Scrapeando: UFC Fight Night: Swanson vs. Ortega (December 09, 2017)
2026-05-04 11:41:47,251 [INFO] [353/772] Scrapeando: UFC 218: Holloway vs. Aldo 2 (December 02, 2017)
2026-05-04 11:41:52,083 [INFO] [354/772] Scrapeando: The Ultimate Fighter: A New World Champion Finale (December 01, 2017)
2026-05-04 11:41:53,674 [INFO] [355/772] Scrapeando: UFC Fight Night: Bisping vs. Gastelum (November 25, 2017)
2026-05-04 11:41:55,255 [INFO] [356/772] Scrapeando: UFC Fight Night: Werdum vs. Tybura (November 18, 2017)
2026-05-04 11:41:57,169 [INFO] [357/772] Scrapeando: UFC Fight Night: Poirier vs. Pettis (November 11, 2017)
2026-05-04 11:42:03,548 [INFO] [358/772] Scrapeando: UFC 217: Bisping vs. St-Pierre (November 04, 2017)
2026-05-04 11:42:07,250 [INFO] [359/772] Scrapeando: UFC Fight Night: Brunson vs. Machida (October 28, 2017)
2026-05-04 11:42:09,060 [INFO] [360/772] Scrapeando: UFC Fight Night: Cerrone vs. Till (October 21, 2017)
2026-05-04 11:42:13,146 [INFO] [361/772] Scrapeando: UFC 216: Ferguson vs. Lee (October 07, 2017)
2026-05-04 11:42:14,918 [INFO] [362/772] Scrapeando: UFC Fight Night: Saint Preux vs. Okami (September 22, 2017)
2026-05-04 11:42:20,773 [INFO] [363/772] Scrapeando: UFC Fight Night: Rockhold vs. Branch (September 16, 2017)
2026-05-04 11:42:22,559 [INFO] [364/772] Scrapeando: UFC 215: Nunes vs Shevchenko 2 (September 09, 2017)
2026-05-04 11:42:26,430 [INFO] [365/772] Scrapeando: UFC Fight Night: Volkov vs. Struve (September 02, 2017)
2026-05-04 11:42:32,178 [INFO] [366/772] Scrapeando: UFC Fight Night: Pettis vs. Moreno (August 05, 2017)
2026-05-04 11:42:33,977 [INFO] [367/772] Scrapeando: UFC 214: Cormier vs. Jones 2 (July 29, 2017)
2026-05-04 11:42:39,688 [INFO] [368/772] Scrapeando: UFC Fight Night: Weidman vs. Gastelum (July 22, 2017)
2026-05-04 11:42:43,575 [INFO] [369/772] Scrapeando: UFC Fight Night: Nelson vs. Ponzinibbio (July 16, 2017)
2026-05-04 11:42:47,428 [INFO] [370/772] Scrapeando: UFC 213: Romero vs. Whittaker (July 08, 2017)
2026-05-04 11:42:51,094 [INFO] [371/772] Scrapeando: The Ultimate Fighter: Redemption Finale (July 07, 2017)
2026-05-04 11:42:58,605 [INFO] [372/772] Scrapeando: UFC Fight Night: Chiesa vs. Lee (June 25, 2017)
2026-05-04 11:43:06,095 [INFO] [373/772] Scrapeando: UFC Fight Night: Holm vs. Correia (June 17, 2017)
2026-05-04 11:43:07,691 [INFO] [374/772] Scrapeando: UFC Fight Night: Lewis vs. Hunt (June 10, 2017)
2026-05-04 11:43:12,478 [INFO] [375/772] Scrapeando: UFC 212: Aldo vs. Holloway (June 03, 2017)
2026-05-04 11:43:14,473 [INFO] [376/772] Scrapeando: UFC Fight Night: Gustafsson vs. Teixeira (May 28, 2017)
2026-05-04 11:43:25,330 [INFO] [377/772] Scrapeando: UFC 211: Miocic vs. Dos Santos (May 13, 2017)
2026-05-04 11:43:28,764 [INFO] [378/772] Scrapeando: UFC Fight Night: Swanson vs. Lobov (April 22, 2017)
2026-05-04 11:43:32,838 [INFO] [379/772] Scrapeando: UFC on FOX: Johnson vs. Reis (April 15, 2017)
2026-05-04 11:43:36,484 [INFO] [380/772] Scrapeando: UFC 210: Cormier vs. Johnson 2 (April 08, 2017)
2026-05-04 11:43:42,088 [INFO] [381/772] Scrapeando: UFC Fight Night: Manuwa vs. Anderson (March 18, 2017)
2026-05-04 11:43:47,579 [INFO] [382/772] Scrapeando: UFC Fight Night: Belfort vs. Gastelum (March 11, 2017)
2026-05-04 11:43:51,389 [INFO] [383/772] Scrapeando: UFC 209: Woodley vs. Thompson 2 (March 04, 2017)
2026-05-04 11:43:55,103 [INFO] [384/772] Scrapeando: UFC Fight Night: Lewis vs. Browne (February 19, 2017)
2026-05-04 11:43:56,687 [INFO] [385/772] Scrapeando: UFC 208: Holm vs. De Randamie (February 11, 2017)
2026-05-04 11:44:00,076 [INFO] [386/772] Scrapeando: UFC Fight Night: Bermudez vs. The Korean Zombie (February 04, 2017)
2026-05-04 11:44:06,699 [INFO] [387/772] Scrapeando: UFC on FOX: Shevchenko vs. Pena (January 28, 2017)
2026-05-04 11:44:12,153 [INFO] [388/772] Scrapeando: UFC Fight Night: Rodriguez vs. Penn (January 15, 2017)
2026-05-04 11:44:16,139 [INFO] [389/772] Scrapeando: UFC 207: Nunes vs. Rousey (December 30, 2016)
2026-05-04 11:44:17,812 [INFO] [390/772] Scrapeando: UFC on FOX: VanZant vs. Waterson (December 17, 2016)
2026-05-04 11:44:21,319 [INFO] [391/772] Scrapeando: UFC 206: Holloway vs. Pettis (December 10, 2016)
2026-05-04 11:44:25,060 [INFO] [392/772] Scrapeando: UFC Fight Night: Lewis vs. Abdurakhimov (December 09, 2016)
2026-05-04 11:44:30,365 [INFO] [393/772] Scrapeando: The Ultimate Fighter: Tournament of Champions Finale (December 03, 2016)
2026-05-04 11:44:36,185 [INFO] [394/772] Scrapeando: UFC Fight Night: Whittaker vs. Brunson (November 26, 2016)
2026-05-04 11:44:39,540 [INFO] [395/772] Scrapeando: UFC Fight Night: Bader vs. Nogueira (November 19, 2016)
2026-05-04 11:44:47,045 [INFO] [396/772] Scrapeando: UFC Fight Night: Mousasi vs. Hall 2 (November 19, 2016)
2026-05-04 11:44:48,814 [INFO] [397/772] Scrapeando: UFC 205: Alvarez vs McGregor (November 12, 2016)
2026-05-04 11:44:54,096 [INFO] [398/772] Scrapeando: UFC Fight Night: Dos Anjos vs. Ferguson (November 05, 2016)
2026-05-04 11:44:55,683 [INFO] [399/772] Scrapeando: UFC 204: Bisping vs. Henderson (October 08, 2016)
2026-05-04 11:44:59,337 [INFO] [400/772] Scrapeando: UFC Fight Night: Lineker vs. Dodson (October 01, 2016)
2026-05-04 11:45:05,524 [INFO] [401/772] Scrapeando: UFC Fight Night: Cyborg vs. Lansberg (September 24, 2016)
2026-05-04 11:45:07,111 [INFO] [402/772] Scrapeando: UFC Fight Night: Poirier vs. Johnson (September 17, 2016)
2026-05-04 11:45:08,713 [INFO] [403/772] Scrapeando: UFC 203: Miocic vs. Overeem (September 10, 2016)
2026-05-04 11:45:10,300 [INFO] [404/772] Scrapeando: UFC Fight Night: Arlovski vs. Barnett (September 03, 2016)
2026-05-04 11:45:15,765 [INFO] [405/772] Scrapeando: UFC on FOX: Maia vs. Condit (August 27, 2016)
2026-05-04 11:45:17,348 [INFO] [406/772] Scrapeando: UFC 202: Diaz vs. McGregor 2 (August 20, 2016)
2026-05-04 11:45:20,970 [INFO] [407/772] Scrapeando: UFC Fight Night: Rodriguez vs. Caceres (August 06, 2016)
2026-05-04 11:45:22,555 [INFO] [408/772] Scrapeando: UFC 201: Lawler vs. Woodley (July 30, 2016)
2026-05-04 11:45:26,103 [INFO] [409/772] Scrapeando: UFC on FOX: Holm vs. Shevchenko (July 23, 2016)
2026-05-04 11:45:27,751 [INFO] [410/772] Scrapeando: UFC Fight Night: McDonald vs. Lineker (July 13, 2016)
2026-05-04 11:45:29,522 [INFO] [411/772] Scrapeando: UFC 200: Tate vs Nunes (July 09, 2016)
2026-05-04 11:45:33,249 [INFO] [412/772] Scrapeando: The Ultimate Fighter: Team Joanna vs. Team Cl嫠dia Finale (July 08, 2016)
2026-05-04 11:45:38,981 [INFO] [413/772] Scrapeando: UFC Fight Night: Dos Anjos vs. Alvarez (July 07, 2016)
2026-05-04 11:45:40,808 [INFO] [414/772] Scrapeando: UFC Fight Night: MacDonald vs Thompson (June 18, 2016)
2026-05-04 11:45:46,864 [INFO] [415/772] Scrapeando: UFC 199: Rockhold vs. Bisping 2 (June 04, 2016)
2026-05-04 11:45:50,248 [INFO] [416/772] Scrapeando: UFC Fight Night: Almeida vs Garbrandt (May 29, 2016)
2026-05-04 11:45:51,840 [INFO] [417/772] Scrapeando: UFC 198: Werdum vs Miocic (May 14, 2016)
2026-05-04 11:45:58,413 [INFO] [418/772] Scrapeando: UFC Fight Night: Overeem vs Arlovski (May 08, 2016)
2026-05-04 11:46:04,268 [INFO] [419/772] Scrapeando: UFC 197: Jones vs Saint Preux (April 23, 2016)
2026-05-04 11:46:10,057 [INFO] [420/772] Scrapeando: UFC on FOX: Teixeira vs Evans (April 16, 2016)
2026-05-04 11:46:13,399 [INFO] [421/772] Scrapeando: UFC Fight Night: Rothwell vs Dos Santos (April 10, 2016)
2026-05-04 11:46:16,902 [INFO] [422/772] Scrapeando: UFC Fight Night: Hunt vs Mir (March 19, 2016)
2026-05-04 11:46:25,393 [INFO] [423/772] Scrapeando: UFC 196: McGregor vs Diaz (March 05, 2016)
2026-05-04 11:46:36,354 [INFO] [424/772] Scrapeando: UFC Fight Night: Silva vs Bisping (February 27, 2016)
2026-05-04 11:46:38,187 [INFO] [425/772] Scrapeando: UFC Fight Night: Cowboy vs Cowboy (February 21, 2016)
2026-05-04 11:46:40,012 [INFO] [426/772] Scrapeando: UFC Fight Night: Hendricks vs Thompson (February 06, 2016)
2026-05-04 11:46:45,552 [INFO] [427/772] Scrapeando: UFC on FOX: Johnson vs. Bader (January 30, 2016)
2026-05-04 11:46:49,079 [INFO] [428/772] Scrapeando: UFC Fight Night: Dillashaw vs Cruz (January 17, 2016)
2026-05-04 11:46:56,865 [INFO] [429/772] Scrapeando: UFC 195: Lawler vs Condit (January 02, 2016)
2026-05-04 11:46:58,447 [INFO] [430/772] Scrapeando: UFC on FOX: Dos Anjos vs. Cowboy 2 (December 19, 2015)
2026-05-04 11:47:00,217 [INFO] [431/772] Scrapeando: UFC 194: Aldo vs McGregor (December 12, 2015)
2026-05-04 11:47:03,343 [INFO] [432/772] Scrapeando: The Ultimate Fighter: Team McGregor vs. Team Faber Finale (December 11, 2015)
2026-05-04 11:47:05,169 [INFO] [433/772] Scrapeando: UFC Fight Night: Namajunas vs. VanZant (December 10, 2015)
2026-05-04 11:47:07,000 [INFO] [434/772] Scrapeando: UFC Fight Night: Henderson vs Masvidal (November 28, 2015)
2026-05-04 11:47:08,854 [INFO] [435/772] Scrapeando: UFC Fight Night: Magny vs Gastelum (November 21, 2015)
2026-05-04 11:47:10,717 [INFO] [436/772] Scrapeando: UFC 193: Rousey vs Holm (November 14, 2015)
2026-05-04 11:47:14,352 [INFO] [437/772] Scrapeando: UFC Fight Night: Belfort vs Henderson 3 (November 07, 2015)
2026-05-04 11:47:20,341 [INFO] [438/772] Scrapeando: UFC Fight Night: Holohan vs Smolka (October 24, 2015)
2026-05-04 11:47:22,096 [INFO] [439/772] Scrapeando: UFC 192: Cormier vs Gustafsson (October 03, 2015)
2026-05-04 11:47:27,645 [INFO] [440/772] Scrapeando: UFC Fight Night: Barnett vs Nelson (September 26, 2015)
2026-05-04 11:47:29,399 [INFO] [441/772] Scrapeando: UFC 191: Johnson vs Dodson 2 (September 05, 2015)
2026-05-04 11:47:35,041 [INFO] [442/772] Scrapeando: UFC Fight Night: Holloway vs Oliveira (August 23, 2015)
2026-05-04 11:47:40,857 [INFO] [443/772] Scrapeando: UFC Fight Night: Teixeira vs Saint Preux (August 08, 2015)
2026-05-04 11:47:46,387 [INFO] [444/772] Scrapeando: UFC 190: Rousey vs Correia (August 01, 2015)
2026-05-04 11:47:51,940 [INFO] [445/772] Scrapeando: UFC on FOX: Dillashaw vs. Barao II (July 25, 2015)
2026-05-04 11:47:55,538 [INFO] [446/772] Scrapeando: UFC Fight Night: Bisping vs Leites (July 18, 2015)
2026-05-04 11:47:59,188 [INFO] [447/772] Scrapeando: UFC Fight Night: Mir vs Duffee (July 15, 2015)
2026-05-04 11:48:00,829 [INFO] [448/772] Scrapeando: The Ultimate Fighter: American Top Team vs. Blackzilians Finale (July 12, 2015)
2026-05-04 11:48:03,786 [INFO] [449/772] Scrapeando: UFC 189: Mendes vs McGregor (July 11, 2015)
2026-05-04 11:48:05,466 [INFO] [450/772] Scrapeando: UFC Fight Night: Machida vs Romero (June 27, 2015)
2026-05-04 11:48:07,043 [INFO] [451/772] Scrapeando: UFC Fight Night: Jedrzejczyk vs Penne (June 20, 2015)
2026-05-04 11:48:08,633 [INFO] [452/772] Scrapeando: UFC 188: Velasquez vs Werdum (June 13, 2015)
2026-05-04 11:48:10,221 [INFO] [453/772] Scrapeando: UFC Fight Night: Boetsch vs Henderson (June 06, 2015)
2026-05-04 11:48:11,984 [INFO] [454/772] Scrapeando: UFC Fight Night: Condit vs Alves (May 30, 2015)
2026-05-04 11:48:16,135 [INFO] [455/772] Scrapeando: UFC 187: Johnson vs Cormier (May 23, 2015)
2026-05-04 11:48:19,782 [INFO] [456/772] Scrapeando: UFC Fight Night: Edgar vs Faber (May 16, 2015)
2026-05-04 11:48:21,561 [INFO] [457/772] Scrapeando: UFC Fight Night: Miocic vs Hunt (May 09, 2015)
2026-05-04 11:48:25,324 [INFO] [458/772] Scrapeando: UFC 186: Johnson vs Horiguchi (April 25, 2015)
2026-05-04 11:48:27,344 [INFO] [459/772] Scrapeando: UFC on FOX: Machida vs Rockhold (April 18, 2015)
2026-05-04 11:48:33,182 [INFO] [460/772] Scrapeando: UFC Fight Night: Gonzaga vs Cro Cop 2 (April 11, 2015)
2026-05-04 11:48:37,035 [INFO] [461/772] Scrapeando: UFC Fight Night: Mendes vs Lamas (April 04, 2015)
2026-05-04 11:48:38,904 [INFO] [462/772] Scrapeando: UFC Fight Night: Maia vs LaFlare (March 21, 2015)
2026-05-04 11:48:40,661 [INFO] [463/772] Scrapeando: UFC 185: Pettis vs Dos Anjos (March 14, 2015)
2026-05-04 11:48:42,457 [INFO] [464/772] Scrapeando: UFC 184: Rousey vs Zingano (February 28, 2015)
2026-05-04 11:48:44,292 [INFO] [465/772] Scrapeando: UFC Fight Night: Bigfoot vs Mir (February 22, 2015)
2026-05-04 11:48:46,104 [INFO] [466/772] Scrapeando: UFC Fight Night: Henderson vs Thatch (February 14, 2015)
2026-05-04 11:48:47,870 [INFO] [467/772] Scrapeando: UFC 183: Silva vs Diaz (January 31, 2015)
2026-05-04 11:48:49,678 [INFO] [468/772] Scrapeando: UFC on FOX: Gustafsson vs Johnson (January 24, 2015)
2026-05-04 11:48:56,967 [INFO] [469/772] Scrapeando: UFC Fight Night: McGregor vs Siver (January 18, 2015)
2026-05-04 11:49:01,496 [INFO] [470/772] Scrapeando: UFC 182: Jones vs Cormier (January 03, 2015)
2026-05-04 11:49:05,985 [INFO] [471/772] Scrapeando: UFC Fight Night: Machida vs Dollaway (December 20, 2014)
2026-05-04 11:49:11,740 [INFO] [472/772] Scrapeando: UFC on FOX: Dos Santos vs Miocic (December 13, 2014)
2026-05-04 11:49:13,333 [INFO] [473/772] Scrapeando: The Ultimate Fighter: A Champion Will Be Crowned Finale (December 12, 2014)
2026-05-04 11:49:15,122 [INFO] [474/772] Scrapeando: UFC 181: Hendricks vs Lawler II (December 06, 2014)
2026-05-04 11:49:18,923 [INFO] [475/772] Scrapeando: UFC Fight Night: Edgar vs Swanson (November 22, 2014)
2026-05-04 11:49:20,679 [INFO] [476/772] Scrapeando: UFC 180: Werdum vs Hunt (November 15, 2014)
2026-05-04 11:49:22,430 [INFO] [477/772] Scrapeando: UFC Fight Night 56: Shogun vs Saint Preux (November 08, 2014)
2026-05-04 11:49:26,368 [INFO] [478/772] Scrapeando: UFC Fight Night: Rockhold vs Bisping (November 07, 2014)
2026-05-04 11:49:34,988 [INFO] [479/772] Scrapeando: UFC 179: Aldo vs Mendes 2 (October 25, 2014)
2026-05-04 11:49:40,948 [INFO] [480/772] Scrapeando: UFC Fight Night: MacDonald vs Saffiedine (October 04, 2014)
2026-05-04 11:49:42,699 [INFO] [481/772] Scrapeando: UFC Fight Night: Nelson vs Story (October 04, 2014)
2026-05-04 11:49:46,525 [INFO] [482/772] Scrapeando: UFC 178: Johnson vs Cariaso (September 27, 2014)
2026-05-04 11:49:49,384 [INFO] [483/772] Scrapeando: UFC Fight Night: Hunt vs Nelson (September 20, 2014)
2026-05-04 11:49:51,165 [INFO] [484/772] Scrapeando: UFC Fight Night: Bigfoot vs Arlovski (September 13, 2014)
2026-05-04 11:49:52,925 [INFO] [485/772] Scrapeando: UFC Fight Night: Jacare vs Mousasi (September 05, 2014)
2026-05-04 11:49:54,506 [INFO] [486/772] Scrapeando: UFC 177: Dillashaw vs Soto (August 30, 2014)
2026-05-04 11:49:56,235 [INFO] [487/772] Scrapeando: UFC Fight Night: Henderson vs Dos Anjos (August 23, 2014)
2026-05-04 11:49:58,011 [INFO] [488/772] Scrapeando: UFC Fight Night: Bisping vs Le (August 23, 2014)
2026-05-04 11:49:59,771 [INFO] [489/772] Scrapeando: UFC Fight Night: Bader vs Saint Preux (August 16, 2014)
2026-05-04 11:50:04,517 [INFO] [490/772] Scrapeando: UFC on FOX: Lawler vs Brown (July 26, 2014)
2026-05-04 11:50:10,313 [INFO] [491/772] Scrapeando: UFC Fight Night: McGregor vs Brandao (July 19, 2014)
2026-05-04 11:50:16,058 [INFO] [492/772] Scrapeando: UFC Fight Night: Cowboy vs Miller (July 16, 2014)
2026-05-04 11:50:17,820 [INFO] [493/772] Scrapeando: The Ultimate Fighter: Team Edgar vs. Team Penn Finale (July 06, 2014)
2026-05-04 11:50:25,645 [INFO] [494/772] Scrapeando: UFC 175: Weidman vs Machida (July 05, 2014)
2026-05-04 11:50:27,237 [INFO] [495/772] Scrapeando: UFC Fight Night: Swanson vs Stephens (June 28, 2014)
2026-05-04 11:50:28,819 [INFO] [496/772] Scrapeando: UFC Fight Night: Te Huna vs Marquardt (June 28, 2014)
2026-05-04 11:50:33,053 [INFO] [497/772] Scrapeando: UFC 174: Johnson vs Bagautinov (June 14, 2014)
2026-05-04 11:50:39,017 [INFO] [498/772] Scrapeando: UFC Fight Night: Henderson vs Khabilov (June 07, 2014)
2026-05-04 11:50:42,555 [INFO] [499/772] Scrapeando: UFC Fight Night: Miocic vs Maldonado (May 31, 2014)
2026-05-04 11:50:44,154 [INFO] [500/772] Scrapeando: UFC Fight Night: Munoz vs Mousasi (May 31, 2014)
2026-05-04 11:50:45,951 [INFO] [501/772] Scrapeando: UFC 173: Barao vs Dillashaw (May 24, 2014)
2026-05-04 11:50:49,877 [INFO] [502/772] Scrapeando: UFC Fight Night: Brown vs Silva (May 10, 2014)
2026-05-04 11:50:51,636 [INFO] [503/772] Scrapeando: UFC 172: Jones vs Teixeira (April 26, 2014)
2026-05-04 11:50:57,266 [INFO] [504/772] Scrapeando: UFC on FOX: Werdum vs Browne (April 19, 2014)
2026-05-04 11:50:59,085 [INFO] [505/772] Scrapeando: UFC Fight Night: Bisping vs Kennedy (April 16, 2014)
2026-05-04 11:51:10,053 [INFO] [506/772] Scrapeando: UFC Fight Night: Minotauro vs Nelson (April 11, 2014)
2026-05-04 11:51:11,799 [INFO] [507/772] Scrapeando: UFC Fight Night: Shogun vs Henderson 2 (March 23, 2014)
2026-05-04 11:51:19,273 [INFO] [508/772] Scrapeando: UFC 171: Hendricks vs Lawler (March 15, 2014)
2026-05-04 11:51:22,953 [INFO] [509/772] Scrapeando: UFC Fight Night: Gustafsson vs Manuwa (March 08, 2014)
2026-05-04 11:51:28,840 [INFO] [510/772] Scrapeando: UFC Fight Night: Kim vs Hathaway (March 01, 2014)
2026-05-04 11:51:30,426 [INFO] [511/772] Scrapeando: UFC 170: Rousey vs McMann (February 22, 2014)
2026-05-04 11:51:33,880 [INFO] [512/772] Scrapeando: UFC Fight Night: Machida vs Mousasi (February 15, 2014)
2026-05-04 11:51:35,460 [INFO] [513/772] Scrapeando: UFC 169: Barao vs Faber 2 (February 01, 2014)
2026-05-04 11:51:37,189 [INFO] [514/772] Scrapeando: UFC on FOX: Henderson vs Thomson (January 25, 2014)
2026-05-04 11:51:38,775 [INFO] [515/772] Scrapeando: UFC Fight Night: Rockhold vs Philippou (January 15, 2014)
2026-05-04 11:51:40,705 [INFO] [516/772] Scrapeando: UFC Fight Night: Saffiedine vs Lim (January 04, 2014)
2026-05-04 11:51:42,602 [INFO] [517/772] Scrapeando: UFC 168: Weidman vs Silva 2 (December 28, 2013)
2026-05-04 11:51:44,426 [INFO] [518/772] Scrapeando: UFC on FOX: Johnson vs. Benavidez 2 (December 14, 2013)
2026-05-04 11:51:46,185 [INFO] [519/772] Scrapeando: UFC Fight Night: Hunt vs Bigfoot (December 06, 2013)
2026-05-04 11:51:51,688 [INFO] [520/772] Scrapeando: The Ultimate Fighter: Team Rousey vs. Team Tate Finale (November 30, 2013)
2026-05-04 11:51:53,429 [INFO] [521/772] Scrapeando: UFC 167: St-Pierre vs Hendricks (November 16, 2013)
2026-05-04 11:51:59,346 [INFO] [522/772] Scrapeando: UFC Fight Night: Belfort vs Henderson 2 (November 09, 2013)
2026-05-04 11:52:07,418 [INFO] [523/772] Scrapeando: UFC Fight Night: Fight for the Troops 3 (November 06, 2013)
2026-05-04 11:52:09,016 [INFO] [524/772] Scrapeando: UFC Fight Night: Machida vs Munoz (October 26, 2013)
2026-05-04 11:52:13,492 [INFO] [525/772] Scrapeando: UFC 166: Velasquez vs Dos Santos 3 (October 19, 2013)
2026-05-04 11:52:15,215 [INFO] [526/772] Scrapeando: UFC Fight Night: Maia vs Shields (October 09, 2013)
2026-05-04 11:52:21,244 [INFO] [527/772] Scrapeando: UFC 165: Jones vs Gustafsson (September 21, 2013)
2026-05-04 11:52:24,422 [INFO] [528/772] Scrapeando: UFC Fight Night: Teixeira vs Bader (September 04, 2013)
2026-05-04 11:52:28,180 [INFO] [529/772] Scrapeando: UFC 164: Henderson vs Pettis 2 (August 31, 2013)
2026-05-04 11:52:29,769 [INFO] [530/772] Scrapeando: UFC Fight Night: Condit vs Kampmann 2 (August 28, 2013)
2026-05-04 11:52:31,641 [INFO] [531/772] Scrapeando: UFC Fight Night: Shogun vs Sonnen (August 17, 2013)
2026-05-04 11:52:37,245 [INFO] [532/772] Scrapeando: UFC 163: Aldo vs Jung (August 03, 2013)
2026-05-04 11:52:45,124 [INFO] [533/772] Scrapeando: UFC on FOX: Johnson vs Moraga (July 27, 2013)
2026-05-04 11:52:46,711 [INFO] [534/772] Scrapeando: UFC 162: Silva vs Weidman (July 06, 2013)
2026-05-04 11:52:48,296 [INFO] [535/772] Scrapeando: UFC 161: Evans vs Henderson (June 15, 2013)
2026-05-04 11:52:53,558 [INFO] [536/772] Scrapeando: UFC on FUEL TV: Nogueira vs. Werdum (June 08, 2013)
2026-05-04 11:52:57,303 [INFO] [537/772] Scrapeando: UFC 160: Velasquez vs Silva 2 (May 25, 2013)
2026-05-04 11:53:01,160 [INFO] [538/772] Scrapeando: UFC on FX: Belfort vs. Rockhold (May 18, 2013)
2026-05-04 11:53:06,731 [INFO] [539/772] Scrapeando: UFC 159: Jones vs Sonnen (April 27, 2013)
2026-05-04 11:53:14,095 [INFO] [540/772] Scrapeando: UFC on FOX: Henderson vs Melendez (April 20, 2013)
2026-05-04 11:53:15,686 [INFO] [541/772] Scrapeando: The Ultimate Fighter: Team Jones vs. Team Sonnen Finale (April 13, 2013)
2026-05-04 11:53:17,376 [INFO] [542/772] Scrapeando: UFC on FUEL TV: Mousasi vs Latifi (April 06, 2013)
2026-05-04 11:53:21,136 [INFO] [543/772] Scrapeando: UFC 158: St-Pierre vs Diaz (March 16, 2013)
2026-05-04 11:53:22,720 [INFO] [544/772] Scrapeando: UFC on FUEL TV: Silva vs. Stann (March 02, 2013)
2026-05-04 11:53:26,041 [INFO] [545/772] Scrapeando: UFC 157: Rousey vs Carmouche (February 23, 2013)
2026-05-04 11:53:29,634 [INFO] [546/772] Scrapeando: UFC on FUEL TV: Barao vs McDonald (February 16, 2013)
2026-05-04 11:53:35,215 [INFO] [547/772] Scrapeando: UFC 156: Aldo vs Edgar (February 02, 2013)
2026-05-04 11:53:38,818 [INFO] [548/772] Scrapeando: UFC on FOX: Johnson vs Dodson (January 26, 2013)
2026-05-04 11:53:44,257 [INFO] [549/772] Scrapeando: UFC on FX: Belfort vs Bisping (January 19, 2013)
2026-05-04 11:53:48,822 [INFO] [550/772] Scrapeando: UFC 155: Dos Santos vs Velasquez II (December 29, 2012)
2026-05-04 11:53:50,478 [INFO] [551/772] Scrapeando: The Ultimate Fighter: Team Carwin vs. Team Nelson Finale (December 15, 2012)
2026-05-04 11:53:52,054 [INFO] [552/772] Scrapeando: UFC on FX: Sotiropoulos vs Pearson (December 14, 2012)
2026-05-04 11:53:57,915 [INFO] [553/772] Scrapeando: UFC on FOX: Henderson vs Diaz (December 08, 2012)
2026-05-04 11:54:08,355 [INFO] [554/772] Scrapeando: UFC 154: St-Pierre vs Condit (November 17, 2012)
2026-05-04 11:54:12,321 [INFO] [555/772] Scrapeando: UFC Macao: Franklin vs Le (November 10, 2012)
2026-05-04 11:54:15,997 [INFO] [556/772] Scrapeando: UFC 153: Silva vs Bonnar (October 13, 2012)
2026-05-04 11:54:23,388 [INFO] [557/772] Scrapeando: UFC on FX: Browne vs Bigfoot (October 05, 2012)
2026-05-04 11:54:24,978 [INFO] [558/772] Scrapeando: UFC on FUEL TV: Struve vs Miocic (September 29, 2012)
2026-05-04 11:54:28,307 [INFO] [559/772] Scrapeando: UFC 152: Jones vs Belfort (September 22, 2012)
2026-05-04 11:54:35,527 [INFO] [560/772] Scrapeando: UFC 150: Henderson vs Edgar II (August 11, 2012)
2026-05-04 11:54:37,183 [INFO] [561/772] Scrapeando: UFC on FOX: Shogun vs Vera (August 04, 2012)
2026-05-04 11:54:44,674 [INFO] [562/772] Scrapeando: UFC 149: Faber vs Barao (July 21, 2012)
2026-05-04 11:54:48,234 [INFO] [563/772] Scrapeando: UFC on FUEL TV: Munoz vs Weidman (July 11, 2012)
2026-05-04 11:54:51,594 [INFO] [564/772] Scrapeando: UFC 148: Silva vs Sonnen 2 (July 07, 2012)
2026-05-04 11:54:55,218 [INFO] [565/772] Scrapeando: UFC 147: Silva vs Franklin 2 (June 23, 2012)
2026-05-04 11:54:56,813 [INFO] [566/772] Scrapeando: UFC on FX: Maynard vs Guida (June 22, 2012)
2026-05-04 11:54:58,397 [INFO] [567/772] Scrapeando: UFC on FX: Johnson vs McCall (June 08, 2012)
2026-05-04 11:54:59,974 [INFO] [568/772] Scrapeando: The Ultimate Fighter: Live Finale (June 01, 2012)
2026-05-04 11:55:02,289 [INFO] [569/772] Scrapeando: UFC 146: Dos Santos vs Mir (May 26, 2012)
2026-05-04 11:55:05,894 [INFO] [570/772] Scrapeando: UFC on FUEL TV: Korean Zombie vs Poirier (May 15, 2012)
2026-05-04 11:55:09,361 [INFO] [571/772] Scrapeando: UFC on FOX: Diaz vs Miller (May 05, 2012)
2026-05-04 11:55:10,955 [INFO] [572/772] Scrapeando: UFC 145: Jones vs Evans (April 21, 2012)
2026-05-04 11:55:14,689 [INFO] [573/772] Scrapeando: UFC on FUEL TV: Gustafsson vs Silva (April 14, 2012)
2026-05-04 11:55:20,355 [INFO] [574/772] Scrapeando: UFC on FX: Alves vs Kampmann (March 02, 2012)
2026-05-04 11:55:25,655 [INFO] [575/772] Scrapeando: UFC 144: Edgar vs Henderson (February 25, 2012)
2026-05-04 11:55:29,378 [INFO] [576/772] Scrapeando: UFC on FUEL TV: Sanchez vs Ellenberger (February 15, 2012)
2026-05-04 11:55:30,957 [INFO] [577/772] Scrapeando: UFC 143: Diaz vs Condit (February 04, 2012)
2026-05-04 11:55:32,541 [INFO] [578/772] Scrapeando: UFC on FOX: Evans vs Davis (January 28, 2012)
2026-05-04 11:55:41,304 [INFO] [579/772] Scrapeando: UFC on FX: Guillard vs Miller (January 20, 2012)
2026-05-04 11:55:42,893 [INFO] [580/772] Scrapeando: UFC 142: Aldo vs Mendes (January 14, 2012)
2026-05-04 11:55:44,483 [INFO] [581/772] Scrapeando: UFC 141: Lesnar vs Overeem (December 30, 2011)
2026-05-04 11:55:47,922 [INFO] [582/772] Scrapeando: UFC 140: Jones vs Machida (December 10, 2011)
2026-05-04 11:55:55,132 [INFO] [583/772] Scrapeando: The Ultimate Fighter: Team Bisping vs Team Miller Finale (December 03, 2011)
2026-05-04 11:55:56,716 [INFO] [584/772] Scrapeando: UFC 139: Shogun vs Henderson (November 19, 2011)
2026-05-04 11:56:04,084 [INFO] [585/772] Scrapeando: UFC on FOX: Velasquez vs Dos Santos (November 12, 2011)
2026-05-04 11:56:07,553 [INFO] [586/772] Scrapeando: UFC 138: Leben vs Munoz (November 05, 2011)
2026-05-04 11:56:10,926 [INFO] [587/772] Scrapeando: UFC 137: Penn vs Diaz (October 29, 2011)
2026-05-04 11:56:14,505 [INFO] [588/772] Scrapeando: UFC 136: Edgar vs Maynard 3 (October 08, 2011)
2026-05-04 11:56:16,085 [INFO] [589/772] Scrapeando: UFC Live: Cruz vs Johnson (October 01, 2011)
2026-05-04 11:56:17,712 [INFO] [590/772] Scrapeando: UFC 135: Jones vs Rampage (September 24, 2011)
2026-05-04 11:56:23,501 [INFO] [591/772] Scrapeando: UFC Fight Night: Shields vs Ellenberger (September 17, 2011)
2026-05-04 11:56:25,285 [INFO] [592/772] Scrapeando: UFC 134: Silva vs Okami (August 27, 2011)
2026-05-04 11:56:31,146 [INFO] [593/772] Scrapeando: UFC Live: Hardy vs Lytle (August 14, 2011)
2026-05-04 11:56:34,867 [INFO] [594/772] Scrapeando: UFC 133: Evans vs Ortiz 2 (August 06, 2011)
2026-05-04 11:56:40,109 [INFO] [595/772] Scrapeando: UFC 132: Cruz vs Faber (July 02, 2011)
2026-05-04 11:56:43,600 [INFO] [596/772] Scrapeando: UFC Live: Kongo vs Barry (June 26, 2011)
2026-05-04 11:56:45,183 [INFO] [597/772] Scrapeando: UFC 131: Dos Santos vs Carwin (June 11, 2011)
2026-05-04 11:56:48,504 [INFO] [598/772] Scrapeando: The Ultimate Fighter: Team Lesnar vs Team dos Santos Finale (June 04, 2011)
2026-05-04 11:56:52,173 [INFO] [599/772] Scrapeando: UFC 130: Rampage vs Hamill (May 28, 2011)
2026-05-04 11:56:55,756 [INFO] [600/772] Scrapeando: UFC 129: St-Pierre vs Shields (April 30, 2011)
2026-05-04 11:57:02,174 [INFO] [601/772] Scrapeando: UFC Fight Night: Nogueira vs Davis (March 26, 2011)
2026-05-04 11:57:05,812 [INFO] [602/772] Scrapeando: UFC 128: Shogun vs Jones (March 19, 2011)
2026-05-04 11:57:17,622 [INFO] [603/772] Scrapeando: UFC Live: Sanchez vs Kampmann (March 03, 2011)
2026-05-04 11:57:23,309 [INFO] [604/772] Scrapeando: UFC 127: Penn vs Fitch (February 26, 2011)
2026-05-04 11:57:28,765 [INFO] [605/772] Scrapeando: UFC 126: Silva vs Belfort (February 05, 2011)
2026-05-04 11:57:36,763 [INFO] [606/772] Scrapeando: UFC Fight Night: Fight for the Troops 2 (January 22, 2011)
2026-05-04 11:57:38,651 [INFO] [607/772] Scrapeando: UFC 125: Resolution (January 01, 2011)
2026-05-04 11:57:42,604 [INFO] [608/772] Scrapeando: UFC 124: St-Pierre vs Koscheck 2 (December 11, 2010)
2026-05-04 11:57:44,274 [INFO] [609/772] Scrapeando: The Ultimate Fighter: Team GSP vs Team Koscheck Finale (December 04, 2010)
2026-05-04 11:57:47,773 [INFO] [610/772] Scrapeando: UFC 123: Rampage vs Machida (November 20, 2010)
2026-05-04 11:57:53,288 [INFO] [611/772] Scrapeando: UFC 122: Marquardt vs Okami (November 13, 2010)
2026-05-04 11:58:04,199 [INFO] [612/772] Scrapeando: UFC 121: Lesnar vs Velasquez (October 23, 2010)
2026-05-04 11:58:07,579 [INFO] [613/772] Scrapeando: UFC 120: Bisping vs Akiyama (October 16, 2010)
2026-05-04 11:58:13,419 [INFO] [614/772] Scrapeando: UFC 119: Mir vs Cro Cop (September 25, 2010)
2026-05-04 11:58:17,452 [INFO] [615/772] Scrapeando: UFC Fight Night: Marquardt vs Palhares (September 15, 2010)
2026-05-04 11:58:21,206 [INFO] [616/772] Scrapeando: UFC 118: Edgar vs Penn 2 (August 28, 2010)
2026-05-04 11:58:23,175 [INFO] [617/772] Scrapeando: UFC 117: Silva vs Sonnen (August 07, 2010)
2026-05-04 11:58:29,461 [INFO] [618/772] Scrapeando: UFC Live: Jones vs Matyushenko (August 01, 2010)
2026-05-04 11:58:35,270 [INFO] [619/772] Scrapeando: UFC 116: Lesnar vs Carwin (July 03, 2010)
2026-05-04 11:58:40,865 [INFO] [620/772] Scrapeando: The Ultimate Fighter: Team Liddell vs Team Ortiz Finale (June 19, 2010)
2026-05-04 11:58:44,025 [INFO] [621/772] Scrapeando: UFC 115: Liddell vs Franklin (June 12, 2010)
2026-05-04 11:58:47,620 [INFO] [622/772] Scrapeando: UFC 114: Rampage vs Evans (May 29, 2010)
2026-05-04 11:58:55,180 [INFO] [623/772] Scrapeando: UFC 113: Machida vs Shogun 2 (May 08, 2010)
2026-05-04 11:58:58,725 [INFO] [624/772] Scrapeando: UFC 112: Invincible (April 10, 2010)
2026-05-04 11:59:03,468 [INFO] [625/772] Scrapeando: UFC Fight Night: Florian vs Gomi (March 31, 2010)
2026-05-04 11:59:05,049 [INFO] [626/772] Scrapeando: UFC 111: St-Pierre vs Hardy (March 27, 2010)
2026-05-04 11:59:08,558 [INFO] [627/772] Scrapeando: UFC Live: Vera vs Jones (March 21, 2010)
2026-05-04 11:59:15,694 [INFO] [628/772] Scrapeando: UFC 110: Nogueira vs Velasquez (February 20, 2010)
2026-05-04 11:59:23,073 [INFO] [629/772] Scrapeando: UFC 109: Relentless (February 06, 2010)
2026-05-04 11:59:28,744 [INFO] [630/772] Scrapeando: UFC Fight Night: Maynard vs Diaz (January 11, 2010)
2026-05-04 11:59:30,324 [INFO] [631/772] Scrapeando: UFC 108: Evans vs Silva (January 02, 2010)
2026-05-04 11:59:34,093 [INFO] [632/772] Scrapeando: UFC 107: Penn vs Sanchez (December 12, 2009)
2026-05-04 11:59:35,673 [INFO] [633/772] Scrapeando: The Ultimate Fighter: Heavyweights Finale (December 05, 2009)
2026-05-04 11:59:41,019 [INFO] [634/772] Scrapeando: UFC 106: Ortiz vs Griffin 2 (November 21, 2009)
2026-05-04 11:59:46,769 [INFO] [635/772] Scrapeando: UFC 105: Couture vs Vera (November 14, 2009)
2026-05-04 11:59:52,115 [INFO] [636/772] Scrapeando: UFC 104: Machida vs Shogun (October 24, 2009)
2026-05-04 11:59:59,745 [INFO] [637/772] Scrapeando: UFC 103: Franklin vs Belfort (September 19, 2009)
2026-05-04 12:00:05,900 [INFO] [638/772] Scrapeando: UFC Fight Night: Diaz vs Guillard (September 16, 2009)
2026-05-04 12:00:14,456 [INFO] [639/772] Scrapeando: UFC 102: Couture vs Nogueira (August 29, 2009)
2026-05-04 12:00:20,662 [INFO] [640/772] Scrapeando: UFC 101: Declaration (August 08, 2009)
2026-05-04 12:00:24,730 [INFO] [641/772] Scrapeando: UFC 100 (July 11, 2009)
2026-05-04 12:00:30,759 [INFO] [642/772] Scrapeando: The Ultimate Fighter: United States vs. United Kingdom Finale (June 20, 2009)
2026-05-04 12:00:34,756 [INFO] [643/772] Scrapeando: UFC 99: The Comeback (June 13, 2009)
2026-05-04 12:00:36,353 [INFO] [644/772] Scrapeando: UFC 98: Evans vs Machida (May 23, 2009)
2026-05-04 12:00:42,261 [INFO] [645/772] Scrapeando: UFC 97: Redemption (April 18, 2009)
2026-05-04 12:00:51,599 [INFO] [646/772] Scrapeando: UFC Fight Night: Condit vs Kampmann (April 01, 2009)
2026-05-04 12:00:55,515 [INFO] [647/772] Scrapeando: UFC 96: Jackson vs Jardine (March 07, 2009)
2026-05-04 12:01:05,128 [INFO] [648/772] Scrapeando: UFC 95: Sanchez vs Stevenson (February 21, 2009)
2026-05-04 12:01:06,850 [INFO] [649/772] Scrapeando: UFC Fight Night: Lauzon vs Stephens (February 07, 2009)
2026-05-04 12:01:08,913 [INFO] [650/772] Scrapeando: UFC 94: St-Pierre vs Penn 2 (January 31, 2009)
2026-05-04 12:01:17,131 [INFO] [651/772] Scrapeando: UFC 93: Franklin vs Henderson (January 17, 2009)
2026-05-04 12:01:27,112 [INFO] [652/772] Scrapeando: UFC 92: The Ultimate 2008 (December 27, 2008)
2026-05-04 12:01:34,781 [INFO] [653/772] Scrapeando: The Ultimate Fighter: Team Nogueira vs. Team Mir Finale (December 13, 2008)
2026-05-04 12:01:43,994 [INFO] [654/772] Scrapeando: UFC Fight Night - Fight for the Troops (December 10, 2008)
2026-05-04 12:01:47,575 [INFO] [655/772] Scrapeando: UFC 91: Couture vs Lesnar (November 15, 2008)
2026-05-04 12:01:49,158 [INFO] [656/772] Scrapeando: UFC 90: Silva vs Cote (October 25, 2008)
2026-05-04 12:01:50,754 [INFO] [657/772] Scrapeando: UFC 89: Bisping vs Leben (October 18, 2008)
2026-05-04 12:01:56,723 [INFO] [658/772] Scrapeando: UFC Fight Night: Diaz vs Neer (September 17, 2008)
2026-05-04 12:02:02,364 [INFO] [659/772] Scrapeando: UFC 88: Breakthrough (September 06, 2008)
2026-05-04 12:02:09,959 [INFO] [660/772] Scrapeando: UFC 87: Seek And Destroy (August 09, 2008)
2026-05-04 12:02:13,816 [INFO] [661/772] Scrapeando: UFC: Silva vs Irvin (July 19, 2008)
2026-05-04 12:02:19,152 [INFO] [662/772] Scrapeando: UFC 86: Jackson vs Griffin (July 05, 2008)
2026-05-04 12:02:23,057 [INFO] [663/772] Scrapeando: The Ultimate Fighter: Team Rampage vs Team Forrest Finale (June 21, 2008)
2026-05-04 12:02:24,647 [INFO] [664/772] Scrapeando: UFC 85: Bedlam (June 07, 2008)
2026-05-04 12:02:28,078 [INFO] [665/772] Scrapeando: UFC 84: Ill Will (May 24, 2008)
2026-05-04 12:02:39,489 [INFO] [666/772] Scrapeando: UFC 83: Serra vs St-Pierre 2 (April 19, 2008)
2026-05-04 12:02:41,066 [INFO] [667/772] Scrapeando: UFC Fight Night: Florian vs Lauzon (April 02, 2008)
2026-05-04 12:02:46,129 [INFO] [668/772] Scrapeando: UFC 82: Pride of a Champion (March 01, 2008)
2026-05-04 12:02:47,711 [INFO] [669/772] Scrapeando: UFC 81: Breaking Point (February 02, 2008)
2026-05-04 12:02:51,245 [INFO] [670/772] Scrapeando: UFC Fight Night: Swick vs Burkman (January 23, 2008)
2026-05-04 12:02:52,820 [INFO] [671/772] Scrapeando: UFC 80: Rapid Fire (January 19, 2008)
2026-05-04 12:02:58,252 [INFO] [672/772] Scrapeando: UFC 79: Nemesis (December 29, 2007)
2026-05-04 12:03:11,891 [INFO] [673/772] Scrapeando: The Ultimate Fighter: Team Hughes vs. Team Serra Finale (December 08, 2007)
2026-05-04 12:03:13,470 [INFO] [674/772] Scrapeando: UFC 78: Validation (November 17, 2007)
2026-05-04 12:03:22,059 [INFO] [675/772] Scrapeando: UFC 77: Hostile Territory (October 20, 2007)
2026-05-04 12:03:25,691 [INFO] [676/772] Scrapeando: UFC 76: Knockout (September 22, 2007)
2026-05-04 12:03:33,411 [INFO] [677/772] Scrapeando: UFC Fight Night: Thomas vs Florian (September 19, 2007)
2026-05-04 12:03:35,353 [INFO] [678/772] Scrapeando: UFC 75: Champion vs Champion (September 08, 2007)
2026-05-04 12:03:45,574 [INFO] [679/772] Scrapeando: UFC 74: Respect (August 25, 2007)
2026-05-04 12:03:49,608 [INFO] [680/772] Scrapeando: UFC 73: Stacked (July 07, 2007)
2026-05-04 12:03:55,325 [INFO] [681/772] Scrapeando: The Ultimate Fighter: Team Pulver vs. Team Penn Finale (June 23, 2007)
2026-05-04 12:03:57,064 [INFO] [682/772] Scrapeando: UFC 72: Victory (June 16, 2007)
2026-05-04 12:04:01,933 [INFO] [683/772] Scrapeando: UFC Fight Night: Stout vs Fisher (June 12, 2007)
2026-05-04 12:04:03,777 [INFO] [684/772] Scrapeando: UFC 71: Liddell vs Jackson (May 26, 2007)
2026-05-04 12:04:14,893 [INFO] [685/772] Scrapeando: UFC 70: Nations Collide (April 21, 2007)
2026-05-04 12:04:22,913 [INFO] [686/772] Scrapeando: UFC 69: Shootout (April 07, 2007)
2026-05-04 12:04:24,730 [INFO] [687/772] Scrapeando: UFC Fight Night: Stevenson vs Guillard (April 05, 2007)
2026-05-04 12:04:28,327 [INFO] [688/772] Scrapeando: UFC 68: The Uprising (March 03, 2007)
2026-05-04 12:04:33,862 [INFO] [689/772] Scrapeando: UFC 67: All or Nothing (February 03, 2007)
2026-05-04 12:04:39,335 [INFO] [690/772] Scrapeando: UFC Fight Night: Evans vs Salmon (January 25, 2007)
2026-05-04 12:04:43,021 [INFO] [691/772] Scrapeando: UFC 66: Liddell vs Ortiz 2 (December 30, 2006)
2026-05-04 12:04:55,595 [INFO] [692/772] Scrapeando: UFC Fight Night: Sanchez vs Riggs (December 13, 2006)
2026-05-04 12:04:59,737 [INFO] [693/772] Scrapeando: UFC 65: Bad Intentions (November 18, 2006)
2026-05-04 12:05:07,011 [INFO] [694/772] Scrapeando: The Ultimate Fighter: The Comeback Finale (November 11, 2006)
2026-05-04 12:05:08,953 [INFO] [695/772] Scrapeando: UFC 64: Unstoppable (October 14, 2006)
2026-05-04 12:05:10,718 [INFO] [696/772] Scrapeando: Ortiz vs Shamrock 3: The Final Chapter (October 10, 2006)
2026-05-04 12:05:16,464 [INFO] [697/772] Scrapeando: UFC 63: Hughes vs Penn (September 23, 2006)
2026-05-04 12:05:19,941 [INFO] [698/772] Scrapeando: UFC 62: Liddell vs Sobral (August 26, 2006)
2026-05-04 12:05:31,305 [INFO] [699/772] Scrapeando: UFC Fight Night 6 (August 17, 2006)
2026-05-04 12:05:33,102 [INFO] [700/772] Scrapeando: UFC 61: Bitter Rivals (July 08, 2006)
2026-05-04 12:05:36,642 [INFO] [701/772] Scrapeando: UFC Fight Night 5 (June 28, 2006)
2026-05-04 12:05:43,887 [INFO] [702/772] Scrapeando: The Ultimate Fighter: Team Ortiz vs. Team Shamrock Finale (June 24, 2006)
2026-05-04 12:05:53,345 [INFO] [703/772] Scrapeando: UFC 60: Hughes vs Gracie (May 27, 2006)
2026-05-04 12:05:56,835 [INFO] [704/772] Scrapeando: UFC 59: Reality Check (April 15, 2006)
2026-05-04 12:06:06,540 [INFO] [705/772] Scrapeando: UFC Fight Night 4 (April 06, 2006)
2026-05-04 12:06:13,328 [INFO] [706/772] Scrapeando: UFC 58: USA vs Canada (March 04, 2006)
2026-05-04 12:06:16,827 [INFO] [707/772] Scrapeando: UFC 57: Liddell vs Couture 3 (February 04, 2006)
2026-05-04 12:06:30,882 [INFO] [708/772] Scrapeando: UFC Fight Night 3 (January 16, 2006)
2026-05-04 12:06:34,740 [INFO] [709/772] Scrapeando: UFC 56: Full Force (November 19, 2005)
2026-05-04 12:06:38,684 [INFO] [710/772] Scrapeando: The Ultimate Fighter: Team Hughes vs. Team Franklin Finale (November 05, 2005)
2026-05-04 12:06:40,645 [INFO] [711/772] Scrapeando: UFC 55: Fury (October 07, 2005)
2026-05-04 12:06:47,924 [INFO] [712/772] Scrapeando: UFC Fight Night 2 (October 03, 2005)
2026-05-04 12:06:49,678 [INFO] [713/772] Scrapeando: UFC 54: Boiling Point (August 20, 2005)
2026-05-04 12:06:57,396 [INFO] [714/772] Scrapeando: UFC Fight Night 1 (August 06, 2005)
2026-05-04 12:07:02,798 [INFO] [715/772] Scrapeando: UFC 53: Heavy Hitters (June 04, 2005)
2026-05-04 12:07:07,673 [INFO] [716/772] Scrapeando: UFC 52: Couture vs Liddell 2 (April 16, 2005)
2026-05-04 12:07:12,882 [INFO] [717/772] Scrapeando: The Ultimate Fighter: Team Couture vs. Team Liddell Finale (April 09, 2005)
2026-05-04 12:07:20,798 [INFO] [718/772] Scrapeando: UFC 51: Super Saturday (February 05, 2005)
2026-05-04 12:07:24,653 [INFO] [719/772] Scrapeando: UFC 50: The War Of '04 (October 22, 2004)
2026-05-04 12:07:30,202 [INFO] [720/772] Scrapeando: UFC 49: Unfinished Business (August 21, 2004)
2026-05-04 12:07:35,748 [INFO] [721/772] Scrapeando: UFC 48: Payback (June 19, 2004)
2026-05-04 12:07:37,496 [INFO] [722/772] Scrapeando: UFC 47: It's On! (April 02, 2004)
2026-05-04 12:07:41,089 [INFO] [723/772] Scrapeando: UFC 46: Supernatural (January 31, 2004)
2026-05-04 12:07:44,735 [INFO] [724/772] Scrapeando: UFC 45: Revolution (November 21, 2003)
2026-05-04 12:07:46,699 [INFO] [725/772] Scrapeando: UFC 44: Undisputed (September 26, 2003)
2026-05-04 12:07:57,271 [INFO] [726/772] Scrapeando: UFC 43: Meltdown (June 06, 2003)
2026-05-04 12:08:06,641 [INFO] [727/772] Scrapeando: UFC 42: Sudden Impact (April 25, 2003)
2026-05-04 12:08:10,566 [INFO] [728/772] Scrapeando: UFC 41: Onslaught (February 28, 2003)
2026-05-04 12:08:12,339 [INFO] [729/772] Scrapeando: UFC 40: Vendetta (November 22, 2002)
2026-05-04 12:08:17,613 [INFO] [730/772] Scrapeando: UFC 39: The Warriors Return (September 27, 2002)
2026-05-04 12:08:19,355 [INFO] [731/772] Scrapeando: UFC 38: Brawl at the Hall (July 13, 2002)
2026-05-04 12:08:27,105 [INFO] [732/772] Scrapeando: UFC 37.5: As Real As It Gets (June 22, 2002)
2026-05-04 12:08:30,772 [INFO] [733/772] Scrapeando: UFC 37: High Impact (May 10, 2002)
2026-05-04 12:08:32,610 [INFO] [734/772] Scrapeando: UFC 36: Worlds Collide (March 22, 2002)
2026-05-04 12:08:36,125 [INFO] [735/772] Scrapeando: UFC 35: Throwdown (January 11, 2002)
2026-05-04 12:08:41,678 [INFO] [736/772] Scrapeando: UFC 34: High Voltage (November 02, 2001)
2026-05-04 12:08:45,435 [INFO] [737/772] Scrapeando: UFC 33: Victory in Vegas (September 28, 2001)
2026-05-04 12:08:50,896 [INFO] [738/772] Scrapeando: UFC 32: Showdown in the Meadowlands (June 29, 2001)
2026-05-04 12:08:56,597 [INFO] [739/772] Scrapeando: UFC 31: Locked and Loaded (May 04, 2001)
2026-05-04 12:09:03,190 [INFO] [740/772] Scrapeando: UFC 30: Battle on the Boardwalk (February 23, 2001)
2026-05-04 12:09:04,931 [INFO] [741/772] Scrapeando: UFC 29: Defense of the Belts (December 16, 2000)
2026-05-04 12:09:06,662 [INFO] [742/772] Scrapeando: UFC 28: High Stakes (November 17, 2000)
2026-05-04 12:09:08,252 [INFO] [743/772] Scrapeando: UFC 27: Ultimate Bad Boyz (September 22, 2000)
2026-05-04 12:09:09,837 [INFO] [744/772] Scrapeando: UFC 26: Ultimate Field Of Dreams (June 09, 2000)
2026-05-04 12:09:11,422 [INFO] [745/772] Scrapeando: UFC 25: Ultimate Japan 3 (April 14, 2000)
2026-05-04 12:09:13,007 [INFO] [746/772] Scrapeando: UFC 24: First Defense (March 10, 2000)
2026-05-04 12:09:14,615 [INFO] [747/772] Scrapeando: UFC 23: Ultimate Japan 2 (November 19, 1999)
2026-05-04 12:09:16,187 [INFO] [748/772] Scrapeando: UFC 22: Only One Can be Champion (September 24, 1999)
2026-05-04 12:09:17,773 [INFO] [749/772] Scrapeando: UFC 21: Return of the Champions (July 16, 1999)
2026-05-04 12:09:19,355 [INFO] [750/772] Scrapeando: UFC 20: Battle for the Gold (May 07, 1999)
2026-05-04 12:09:20,945 [INFO] [751/772] Scrapeando: UFC 19: Ultimate Young Guns (March 05, 1999)
2026-05-04 12:09:26,400 [INFO] [752/772] Scrapeando: UFC 18: The Road to the Heavyweight Title (January 08, 1999)
2026-05-04 12:09:33,849 [INFO] [753/772] Scrapeando: UFC - Ultimate Brazil (October 16, 1998)
2026-05-04 12:09:35,720 [INFO] [754/772] Scrapeando: UFC 17: Redemption (May 15, 1998)
2026-05-04 12:09:37,482 [INFO] [755/772] Scrapeando: UFC 16: Battle in the Bayou (March 13, 1998)
2026-05-04 12:09:39,242 [INFO] [756/772] Scrapeando: UFC - Ultimate Japan (December 21, 1997)
2026-05-04 12:09:40,972 [INFO] [757/772] Scrapeando: UFC 15: Collision Course (October 17, 1997)
2026-05-04 12:09:42,701 [INFO] [758/772] Scrapeando: UFC 14: Showdown (July 27, 1997)
2026-05-04 12:09:44,432 [INFO] [759/772] Scrapeando: UFC 13: The Ultimate Force (May 30, 1997)
2026-05-04 12:09:46,416 [INFO] [760/772] Scrapeando: UFC 12: Judgement Day (February 07, 1997)
2026-05-04 12:09:48,149 [INFO] [761/772] Scrapeando: UFC - Ultimate Ultimate '96 (December 07, 1996)
2026-05-04 12:09:49,891 [INFO] [762/772] Scrapeando: UFC 11: The Proving Ground (September 20, 1996)
2026-05-04 12:09:51,636 [INFO] [763/772] Scrapeando: UFC 10: The Tournament (July 12, 1996)
2026-05-04 12:09:53,375 [INFO] [764/772] Scrapeando: UFC 9: Motor City Madness (May 17, 1996)
2026-05-04 12:09:55,109 [INFO] [765/772] Scrapeando: UFC 8: David vs Goliath (February 16, 1996)
2026-05-04 12:09:56,865 [INFO] [766/772] Scrapeando: UFC - Ultimate Ultimate '95 (December 16, 1995)
2026-05-04 12:09:58,603 [INFO] [767/772] Scrapeando: UFC 7: The Brawl in Buffalo (September 08, 1995)
2026-05-04 12:10:00,561 [INFO] [768/772] Scrapeando: UFC 6: Clash of the Titans (July 14, 1995)
2026-05-04 12:10:03,004 [INFO] [769/772] Scrapeando: UFC 5: The Return of the Beast (April 07, 1995)
2026-05-04 12:10:04,788 [INFO] [770/772] Scrapeando: UFC 4: Revenge of the Warriors (December 16, 1994)
2026-05-04 12:10:06,669 [INFO] [771/772] Scrapeando: UFC 3: The American Dream (September 09, 1994)
2026-05-04 12:10:08,461 [INFO] [772/772] Scrapeando: UFC 2: No Way Out (March 11, 1994)
2026-05-04 12:10:10,311 [INFO] Guardadas 749 peleas Heavyweight en fights_heavyweight.csv
2026-05-04 12:10:10,311 [INFO]   Perfil: Devin Clark
2026-05-04 12:10:12,174 [INFO]   Perfil: Amar Suloev
2026-05-04 12:10:13,899 [INFO]   Perfil: Hector Ramirez
2026-05-04 12:10:15,620 [INFO]   Perfil: Clint Hester
2026-05-04 12:10:17,370 [INFO]   Perfil: Aleksandar Rakic
2026-05-04 12:10:19,187 [INFO]   Perfil: Ryan Spann
2026-05-04 12:10:20,915 [INFO]   Perfil: Thiago Silva
2026-05-04 12:10:22,982 [INFO]   Perfil: Rob MacDonald
2026-05-04 12:10:24,687 [INFO]   Perfil: Kennedy Nzechukwu
2026-05-04 12:10:26,529 [INFO]   Perfil: Khalil Rountree Jr.
2026-05-04 12:10:28,134 [INFO]   Perfil: Ike Villanueva
2026-05-04 12:10:29,846 [INFO]   Perfil: Nick Roehrick
2026-05-04 12:10:31,567 [INFO]   Perfil: Jake Collier
2026-05-04 12:10:33,357 [INFO]   Perfil: Ryan Bader
2026-05-04 12:10:35,151 [INFO]   Perfil: Junior Tafa
2026-05-04 12:10:36,742 [INFO]   Perfil: Dequan Townsend
2026-05-04 12:10:38,472 [INFO]   Perfil: Stephan Bonnar
2026-05-04 12:10:40,247 [INFO]   Perfil: Jordan Wright
2026-05-04 12:10:41,983 [INFO]   Perfil: Kazuhiro Nakamura
2026-05-04 12:10:43,794 [INFO]   Perfil: Volkan Oezdemir
2026-05-04 12:10:45,553 [INFO]   Perfil: Mark Coleman
2026-05-04 12:10:47,362 [INFO]   Perfil: Michael Patt
2026-05-04 12:10:49,064 [INFO]   Perfil: Vinicius Moreira
2026-05-04 12:10:51,014 [INFO]   Perfil: Edwin DeWees
2026-05-04 12:10:52,777 [INFO]   Perfil: Ozzy Diaz
2026-05-04 12:10:54,353 [INFO]   Perfil: Tomasz Drwal
2026-05-04 12:10:56,074 [INFO]   Perfil: Gadzhimurad Antigulov
2026-05-04 12:10:57,807 [INFO]   Perfil: Corey Anderson
2026-05-04 12:10:59,642 [INFO]   Perfil: Tom Lawlor
2026-05-04 12:11:02,933 [INFO]   Perfil: Nicolae Negumereanu
2026-05-04 12:11:04,662 [INFO]   Perfil: Zhang Mingyang
2026-05-04 12:11:06,405 [INFO]   Perfil: Antonio Carlos Junior
2026-05-04 12:11:08,230 [INFO]   Perfil: Gegard Mousasi
2026-05-04 12:11:10,085 [INFO]   Perfil: Tito Ortiz
2026-05-04 12:11:11,938 [INFO]   Perfil: Chris Haseman
2026-05-04 12:11:13,632 [INFO]   Perfil: Nick Penner
2026-05-04 12:11:15,327 [INFO]   Perfil: Bobby Southworth
2026-05-04 12:11:17,051 [INFO]   Perfil: William Knight
2026-05-04 12:11:18,784 [INFO]   Perfil: Jordan Johnson
2026-05-04 12:11:20,623 [INFO]   Perfil: Jimmy Crute
2026-05-04 12:11:22,586 [INFO]   Perfil: Alex Nicholson
2026-05-04 12:11:24,305 [INFO]   Perfil: Justin Ledet
2026-05-04 12:11:26,393 [INFO]   Perfil: Randy Couture
2026-05-04 12:11:28,301 [INFO]   Perfil: Maxim Grishin
2026-05-04 12:11:30,019 [INFO]   Perfil: Mauricio Rua
2026-05-04 12:11:31,911 [INFO]   Perfil: Jake O'Brien
2026-05-04 12:11:33,651 [INFO]   Perfil: Dominick Reyes
2026-05-04 12:11:35,405 [INFO]   Perfil: Brendan Allen
2026-05-04 12:11:37,023 [INFO]   Perfil: Ivan Serati
2026-05-04 12:11:38,801 [INFO]   Perfil: Fabio Maldonado
2026-05-04 12:11:40,812 [INFO]   Perfil: Ivan Erslan
2026-05-04 12:11:42,391 [INFO]   Perfil: Jason Brilz
2026-05-04 12:11:44,129 [INFO]   Perfil: Terry Martin
2026-05-04 12:11:45,900 [INFO]   Perfil: David Heath
2026-05-04 12:11:47,615 [INFO]   Perfil: Tafon Nchukwi
2026-05-04 12:11:49,340 [INFO]   Perfil: Travis Wiuff
2026-05-04 12:11:51,062 [INFO]   Perfil: Modestas Bukauskas
2026-05-04 12:11:52,930 [INFO]   Perfil: Azamat Murzakanov
2026-05-04 12:11:54,691 [INFO]   Perfil: Eric Schafer
2026-05-04 12:11:56,491 [INFO]   Perfil: Matt Van Buren
2026-05-04 12:11:58,309 [INFO]   Perfil: Austen Lane
2026-05-04 12:12:00,038 [INFO]   Perfil: Evan Tanner
2026-05-04 12:12:04,416 [INFO]   Perfil: Cyrille Diabate
2026-05-04 12:12:06,155 [INFO]   Perfil: Marcin Prachnio
2026-05-04 12:12:08,056 [INFO]   Perfil: Jan Blachowicz
2026-05-04 12:12:09,676 [INFO]   Perfil: Joey Beltran
2026-05-04 12:12:11,421 [INFO]   Perfil: Mike Massenzio
2026-05-04 12:12:13,151 [INFO]   Perfil: Sam Alvey
2026-05-04 12:12:14,957 [INFO]   Perfil: Roger Narvaez
2026-05-04 12:12:16,855 [INFO]   Perfil: Matt Hamill
2026-05-04 12:12:18,732 [INFO]   Perfil: Anthony Perosh
2026-05-04 12:12:20,332 [INFO]   Perfil: James Irvin
2026-05-04 12:12:22,064 [INFO]   Perfil: Dean Lister
2026-05-04 12:12:23,797 [INFO]   Perfil: Jacare Souza
2026-05-04 12:12:25,616 [INFO]   Perfil: Matt Lucas
2026-05-04 12:12:27,330 [INFO]   Perfil: Bojan Mihajlovic
2026-05-04 12:12:29,050 [INFO]   Perfil: Nikita Krylov
2026-05-04 12:12:30,995 [INFO]   Perfil: Steve Bosse
2026-05-04 12:12:32,721 [INFO]   Perfil: Ilir Latifi
2026-05-04 12:12:38,873 [INFO]   Perfil: Alex Pereira
2026-05-04 12:12:40,620 [INFO]   Perfil: Rodolfo Bellato
2026-05-04 12:12:42,220 [INFO]   Perfil: Tanner Boser
2026-05-04 12:12:43,818 [INFO]   Perfil: Klidson Abreu
2026-05-04 12:12:45,535 [INFO]   Perfil: Daniel Cormier
2026-05-04 12:12:47,338 [INFO]   Perfil: Jonathan Wilson
2026-05-04 12:12:49,070 [INFO]   Perfil: James Lee
2026-05-04 12:12:50,806 [INFO]   Perfil: Alan Belcher
2026-05-04 12:12:52,790 [INFO]   Perfil: Drew McFedries
2026-05-04 12:12:54,576 [INFO]   Perfil: James Zikic
2026-05-04 12:12:56,298 [INFO]   Perfil: Tuco Tokkos
2026-05-04 12:12:57,872 [INFO]   Perfil: Michal Oleksiejczuk
2026-05-04 12:12:59,743 [INFO]   Perfil: Justin Jones
2026-05-04 12:13:01,993 [INFO]   Perfil: Jimi Manuwa
2026-05-04 12:13:03,760 [INFO]   Perfil: Patrick Walsh
2026-05-04 12:13:05,483 [INFO]   Perfil: Zak Cummings
2026-05-04 12:13:07,263 [INFO]   Perfil: Tim Boetsch
2026-05-04 12:13:09,140 [INFO]   Perfil: Dan Henderson
2026-05-04 12:13:12,039 [INFO]   Perfil: Rafael Cerqueira
2026-05-04 12:13:13,750 [INFO]   Perfil: Roger Hollett
2026-05-04 12:13:15,452 [INFO]   Perfil: Houston Alexander
2026-05-04 12:13:17,267 [INFO]   Perfil: Jailton Almeida
2026-05-04 12:13:19,025 [INFO]   Perfil: Elvis Mutapcic
2026-05-04 12:13:20,776 [INFO]   Perfil: Jamahal Hill
2026-05-04 12:13:22,716 [INFO]   Perfil: Kyle Kingsbury
2026-05-04 12:13:24,459 [INFO]   Perfil: Rich Franklin
2026-05-04 12:13:26,365 [INFO]   Perfil: Ednaldo Oliveira
2026-05-04 12:13:27,936 [INFO]   Perfil: Renato Sobral
2026-05-04 12:13:29,730 [INFO]   Perfil: Uran Satybaldiev
2026-05-04 12:13:31,455 [INFO]   Perfil: Jon Jones
2026-05-04 12:13:33,078 [INFO]   Perfil: Quinton Jackson
2026-05-04 12:13:34,921 [INFO]   Perfil: John Allan
2026-05-04 12:13:36,674 [INFO]   Perfil: Hans Stringer
2026-05-04 12:13:38,388 [INFO]   Perfil: Askar Mozharov
2026-05-04 12:13:40,089 [INFO]   Perfil: Glover Teixeira
2026-05-04 12:13:41,958 [INFO]   Perfil: Alexander Gustafsson
2026-05-04 12:13:43,566 [INFO]   Perfil: Ildemar Alcantara
2026-05-04 12:13:45,281 [INFO]   Perfil: Victor Valimaki
2026-05-04 12:13:46,975 [INFO]   Perfil: Mike van Arsdale
2026-05-04 12:13:48,700 [INFO]   Perfil: Sean Salmon
2026-05-04 12:13:50,439 [INFO]   Perfil: Darko Stosic
2026-05-04 12:13:52,151 [INFO]   Perfil: Navajo Stirling
2026-05-04 12:13:53,736 [INFO]   Perfil: Anthony Smith
2026-05-04 12:13:55,600 [INFO]   Perfil: Daniel Jolly
2026-05-04 12:13:57,325 [INFO]   Perfil: Wilson Gouveia
2026-05-04 12:13:59,088 [INFO]   Perfil: Vinny Magalhaes
2026-05-04 12:14:05,702 [INFO]   Perfil: Jesse Forbes
2026-05-04 12:14:08,380 [INFO]   Perfil: Chris Daukaus
2026-05-04 12:14:12,153 [INFO]   Perfil: Magomed Gadzhiyasulov
2026-05-04 12:14:13,854 [INFO]   Perfil: Yushin Okami
2026-05-04 12:14:15,680 [INFO]   Perfil: Josh Stansbury
2026-05-04 12:14:17,378 [INFO]   Perfil: Steve Cantwell
2026-05-04 12:14:19,157 [INFO]   Perfil: Seth Petruzelli
2026-05-04 12:14:20,939 [INFO]   Perfil: Andre Gusmao
2026-05-04 12:14:22,722 [INFO]   Perfil: Karlos Vemola
2026-05-04 12:14:24,452 [INFO]   Perfil: Vitor Belfort
2026-05-04 12:14:26,373 [INFO]   Perfil: Caio Machado
2026-05-04 12:14:28,082 [INFO]   Perfil: Rameau Thierry Sokoudjou
2026-05-04 12:14:29,905 [INFO]   Perfil: Fabio Cherant
2026-05-04 12:14:31,628 [INFO]   Perfil: Bogdan Guskov
2026-05-04 12:14:33,360 [INFO]   Perfil: Jared Cannonier
2026-05-04 12:14:35,238 [INFO]   Perfil: Abdul-Kerim Edilov
2026-05-04 12:14:37,017 [INFO]   Perfil: Luke Rockhold
2026-05-04 12:14:38,930 [INFO]   Perfil: Jules Bruchez
2026-05-04 12:14:40,631 [INFO]   Perfil: Vernon White
2026-05-04 12:14:42,229 [INFO]   Perfil: Roman Dolidze
2026-05-04 12:14:44,009 [INFO]   Perfil: Brian Stann
2026-05-04 12:14:45,781 [INFO]   Perfil: Luiz Cane
2026-05-04 12:14:47,518 [INFO]   Perfil: Alessio Sakara
2026-05-04 12:14:49,280 [INFO]   Perfil: Ibo Aslan
2026-05-04 12:14:51,033 [INFO]   Perfil: Sean O'Connell
2026-05-04 12:14:53,061 [INFO]   Perfil: Jiri Prochazka
2026-05-04 12:14:54,643 [INFO]   Perfil: Goran Reljic
2026-05-04 12:14:56,363 [INFO]   Perfil: Kristian Rothaermel
2026-05-04 12:14:58,069 [INFO]   Perfil: CB Dollaway
2026-05-04 12:14:59,969 [INFO]   Perfil: Ovince Saint Preux
2026-05-04 12:15:03,309 [INFO]   Perfil: Anthony Johnson
2026-05-04 12:15:05,162 [INFO]   Perfil: Brandon Vera
2026-05-04 12:15:07,113 [INFO]   Perfil: Ronny Markes
2026-05-04 12:15:08,867 [INFO]   Perfil: Luke Fernandez
2026-05-04 12:15:10,924 [INFO]   Perfil: Aleksa Camur
2026-05-04 12:15:12,653 [INFO]   Perfil: Marvin Eastman
2026-05-04 12:15:14,513 [INFO]   Perfil: Hu Yaozong
2026-05-04 12:15:16,087 [INFO]   Perfil: Cody Donovan
2026-05-04 12:15:17,806 [INFO]   Perfil: Alonzo Menifield
2026-05-04 12:15:19,411 [INFO]   Perfil: Dalcha Lungiambula
2026-05-04 12:15:21,299 [INFO]   Perfil: Karl Roberson
2026-05-04 12:15:23,066 [INFO]   Perfil: Chris Dempsey
2026-05-04 12:15:24,813 [INFO]   Perfil: Wanderlei Silva
2026-05-04 12:15:26,736 [INFO]   Perfil: Da Woon Jung
2026-05-04 12:15:28,496 [INFO]   Perfil: Wagner Prado
2026-05-04 12:15:30,211 [INFO]   Perfil: Ron Faircloth
2026-05-04 12:15:31,914 [INFO]   Perfil: Eliot Marshall
2026-05-04 12:15:33,645 [INFO]   Perfil: Rex Holman
2026-05-04 12:15:35,339 [INFO]   Perfil: Daniel Spohn
2026-05-04 12:15:37,039 [INFO]   Perfil: Rafael Tobias
2026-05-04 12:15:38,740 [INFO]   Perfil: Ihor Potieria
2026-05-04 12:15:41,312 [INFO]   Perfil: Razak Al-Hassan
2026-05-04 12:15:45,473 [INFO]   Perfil: Shane Primm
2026-05-04 12:15:49,041 [INFO]   Perfil: Gian Villante
2026-05-04 12:15:50,655 [INFO]   Perfil: Murilo Bustamante
2026-05-04 12:15:52,455 [INFO]   Perfil: Chuck Liddell
2026-05-04 12:15:54,280 [INFO]   Perfil: Cory Walmsley
2026-05-04 12:15:56,125 [INFO]   Perfil: Vladimir Matyushenko
2026-05-04 12:15:57,966 [INFO]   Perfil: Cory Hendricks
2026-05-04 12:16:00,147 [INFO]   Perfil: Aaron Rosa
2026-05-04 12:16:04,108 [INFO]   Perfil: Travis Lutter
2026-05-04 12:16:06,784 [INFO]   Perfil: Ion Cutelaba
2026-05-04 12:16:08,522 [INFO]   Perfil: Brendson Ribeiro
2026-05-04 12:16:10,098 [INFO]   Perfil: Eryk Anders
2026-05-04 12:16:11,884 [INFO]   Perfil: Keith Berish
2026-05-04 12:16:13,587 [INFO]   Perfil: Homer Moore
2026-05-04 12:16:15,284 [INFO]   Perfil: Mike Whitehead
2026-05-04 12:16:17,189 [INFO]   Perfil: Wes Combs
2026-05-04 12:16:18,899 [INFO]   Perfil: Branden Lee Hinkle
2026-05-04 12:16:21,007 [INFO]   Perfil: Brad Morris
2026-05-04 12:16:22,578 [INFO]   Perfil: Vitor Petrino
2026-05-04 12:16:24,442 [INFO]   Perfil: Paul Craig
2026-05-04 12:16:26,254 [INFO]   Perfil: Shamil Gamzatov
2026-05-04 12:16:27,959 [INFO]   Perfil: Patrick Cummins
2026-05-04 12:16:29,923 [INFO]   Perfil: Chael Sonnen
2026-05-04 12:16:31,678 [INFO]   Perfil: Iwo Baraniewski
2026-05-04 12:16:33,263 [INFO]   Perfil: Ricardo Romero
2026-05-04 12:16:35,178 [INFO]   Perfil: Michael Bisping
2026-05-04 12:16:37,240 [INFO]   Perfil: Zac Pauga
2026-05-04 12:16:38,954 [INFO]   Perfil: Mike Nickels
2026-05-04 12:16:40,679 [INFO]   Perfil: Paulo Costa
2026-05-04 12:16:42,271 [INFO]   Perfil: James Bochnovic
2026-05-04 12:16:43,970 [INFO]   Perfil: Patrick Cote
2026-05-04 12:16:45,829 [INFO]   Perfil: Christian Wellisch
2026-05-04 12:16:47,599 [INFO]   Perfil: Guto Inocente
2026-05-04 12:16:49,336 [INFO]   Perfil: Chad Griggs
2026-05-04 12:16:51,067 [INFO]   Perfil: Ryan Jimmo
2026-05-04 12:16:52,813 [INFO]   Perfil: Yuki Kondo
2026-05-04 12:16:54,559 [INFO]   Perfil: Darren Stewart
2026-05-04 12:16:56,305 [INFO]   Perfil: Carmelo Marrero
2026-05-04 12:16:58,038 [INFO]   Perfil: Alexandre Ferreira
2026-05-04 12:16:59,739 [INFO]   Perfil: Kevin Christian
2026-05-04 12:17:02,990 [INFO]   Perfil: Philipe Lins
2026-05-04 12:17:04,568 [INFO]   Perfil: Andrew Sanchez
2026-05-04 12:17:11,384 [INFO]   Perfil: Jeremy Kimball
2026-05-04 12:17:13,903 [INFO]   Perfil: Rodney Wallace
2026-05-04 12:17:15,618 [INFO]   Perfil: Nassourdine Imavov
2026-05-04 12:17:17,365 [INFO]   Perfil: Luis Henrique
2026-05-04 12:17:19,044 [INFO]   Perfil: Billy Elekana
2026-05-04 12:17:20,623 [INFO]   Perfil: Chris Weidman
2026-05-04 12:17:22,747 [INFO]   Perfil: Francimar Barroso
2026-05-04 12:17:24,507 [INFO]   Perfil: Trevin Giles
2026-05-04 12:17:26,254 [INFO]   Perfil: Rafael Cavalcante
2026-05-04 12:17:28,014 [INFO]   Perfil: Misha Cirkunov
2026-05-04 12:17:29,773 [INFO]   Perfil: Marcos Rogerio de Lima
2026-05-04 12:17:31,656 [INFO]   Perfil: Anton Turkalj
2026-05-04 12:17:33,409 [INFO]   Perfil: Johnny Walker
2026-05-04 12:17:35,238 [INFO]   Perfil: Marvin Vettori
2026-05-04 12:17:37,023 [INFO]   Perfil: Todd Brown
2026-05-04 12:17:38,731 [INFO]   Perfil: Jason Lambert
2026-05-04 12:17:40,507 [INFO]   Perfil: Kevin Randleman
2026-05-04 12:17:42,277 [INFO]   Perfil: Sean Strickland
2026-05-04 12:17:44,107 [INFO]   Perfil: Forrest Griffin
2026-05-04 12:17:45,897 [INFO]   Perfil: Tom DeBlass
2026-05-04 12:17:47,607 [INFO]   Perfil: Joachim Christensen
2026-05-04 12:17:49,326 [INFO]   Perfil: James Te Huna
2026-05-04 12:17:51,060 [INFO]   Perfil: Lyoto Machida
2026-05-04 12:17:52,964 [INFO]   Perfil: Adam Milstead
2026-05-04 12:17:54,677 [INFO]   Perfil: Henrique da Silva
2026-05-04 12:17:56,264 [INFO]   Perfil: Jared Hamman
2026-05-04 12:17:58,002 [INFO]   Perfil: Elvis Sinosic
2026-05-04 12:17:59,732 [INFO]   Perfil: Andreas Michailidis
2026-05-04 12:18:02,269 [INFO]   Perfil: Tyson Pedro
2026-05-04 12:18:04,044 [INFO]   Perfil: Dustin Jacoby
2026-05-04 12:18:06,269 [INFO]   Perfil: Abdul Rakhman Yakhyaev
2026-05-04 12:18:07,968 [INFO]   Perfil: Phillip Miller
2026-05-04 12:18:09,704 [INFO]   Perfil: Tom Blackledge
2026-05-04 12:18:11,473 [INFO]   Perfil: Jeremy Horn
2026-05-04 12:18:13,229 [INFO]   Perfil: Phil Davis
2026-05-04 12:18:15,306 [INFO]   Perfil: Gokhan Saki
2026-05-04 12:18:17,038 [INFO]   Perfil: Matt Lindland
2026-05-04 12:18:19,119 [INFO]   Perfil: Bill Mahood
2026-05-04 12:18:21,050 [INFO]   Perfil: Israel Adesanya
2026-05-04 12:18:23,086 [INFO]   Perfil: Keith Jardine
2026-05-04 12:18:25,157 [INFO]   Perfil: Mark Munoz
2026-05-04 12:18:26,997 [INFO]   Perfil: Robert Drysdale
2026-05-04 12:18:28,693 [INFO]   Perfil: James McSweeney
2026-05-04 12:18:30,631 [INFO]   Perfil: Eric McConico
2026-05-04 12:18:32,203 [INFO]   Perfil: Bruno Lopes
2026-05-04 12:18:33,987 [INFO]   Perfil: Reese Andy
2026-05-04 12:18:35,552 [INFO]   Perfil: Ken Shamrock
2026-05-04 12:18:37,382 [INFO]   Perfil: Krzysztof Soszynski
2026-05-04 12:18:39,355 [INFO]   Perfil: Sam Hoger
2026-05-04 12:18:41,144 [INFO]   Perfil: Anderson Silva
2026-05-04 12:18:42,852 [INFO]   Perfil: Saparbeg Safarov
2026-05-04 12:18:49,473 [INFO]   Perfil: Josh Haynes
2026-05-04 12:18:51,233 [INFO]   Perfil: Stanislav Nedkov
2026-05-04 12:18:52,973 [INFO]   Perfil: Khadis Ibragimov
2026-05-04 12:18:54,832 [INFO]   Perfil: Igor Pokrajac
2026-05-04 12:18:56,631 [INFO]   Perfil: Rashad Coulter
2026-05-04 12:18:58,201 [INFO]   Perfil: Thiago Santos
2026-05-04 12:19:00,786 [INFO]   Perfil: Rashad Evans
2026-05-04 12:19:05,833 [INFO]   Perfil: Rogerio Nogueira
2026-05-04 12:19:07,681 [INFO]   Perfil: Harry Hunsucker
2026-05-04 12:19:09,400 [INFO]   Perfil: Jeff Newton
2026-05-04 12:19:11,205 [INFO]   Perfil: Ed Herman
2026-05-04 12:19:13,351 [INFO]   Perfil: Mike Ciesnolevicz
2026-05-04 12:19:15,120 [INFO]   Perfil: Diyar Nurgozhay
2026-05-04 12:19:17,077 [INFO]   Perfil: Julius Walker
2026-05-04 12:19:18,823 [INFO]   Perfil: Magomed Ankalaev
2026-05-04 12:19:20,863 [INFO]   Perfil: Antonio Mendes
2026-05-04 12:19:23,339 [INFO]   Perfil: Oumar Sy
2026-05-04 12:19:25,301 [INFO]   Perfil: Cody Brundage
2026-05-04 12:19:27,172 [INFO]   Perfil: Ricardo Almeida
2026-05-04 12:19:29,028 [INFO]   Perfil: Mike Rodriguez
2026-05-04 12:19:31,065 [INFO]   Perfil: Danilo Marques
2026-05-04 12:19:32,788 [INFO]   Perfil: Marcel Fortuna
2026-05-04 12:19:34,725 [INFO]   Perfil: Carlos Ulberg
2026-05-04 12:19:36,568 [INFO] Guardados 293 perfiles de peleadores en fighters_light_heavyweight.json
2026-05-04 12:19:36,569 [INFO] ﹖craping completado!
